..\..\..\..\source2011\game\source2011\bin\server.ilk
..\..\..\..\source2011\game\source2011\bin\server.pdb
D:\SOURCE2011\GAME\SOURCE2011\BIN\SERVER.DLL
D:\source2011\game\source2011\bin\server.exp
D:\SOURCE2011\GAME\SOURCE2011\BIN\SERVER.ILK
D:\source2011\game\source2011\bin\server.lib
D:\source-sdk-2011\src\game\server\..\..\..\..\source2011\game\source2011\bin\server.dll
D:\SOURCE-SDK-2011\SRC\GAME\SERVER\DEBUG_SDK\ACHIEVEMENT_SAVERESTORE.OBJ
D:\SOURCE-SDK-2011\SRC\GAME\SERVER\DEBUG_SDK\ACHIEVEMENTMGR.OBJ
D:\SOURCE-SDK-2011\SRC\GAME\SERVER\DEBUG_SDK\ACTIVITYLIST.OBJ
D:\SOURCE-SDK-2011\SRC\GAME\SERVER\DEBUG_SDK\AI_ACTIVITY.OBJ
D:\SOURCE-SDK-2011\SRC\GAME\SERVER\DEBUG_SDK\AI_ADDON.OBJ
D:\SOURCE-SDK-2011\SRC\GAME\SERVER\DEBUG_SDK\AI_AGENT.OBJ
D:\SOURCE-SDK-2011\SRC\GAME\SERVER\DEBUG_SDK\AI_BASEACTOR.OBJ
D:\SOURCE-SDK-2011\SRC\GAME\SERVER\DEBUG_SDK\AI_BASEHUMANOID.OBJ
D:\SOURCE-SDK-2011\SRC\GAME\SERVER\DEBUG_SDK\AI_BASENPC.OBJ
D:\SOURCE-SDK-2011\SRC\GAME\SERVER\DEBUG_SDK\AI_BASENPC_FLYER.OBJ
D:\SOURCE-SDK-2011\SRC\GAME\SERVER\DEBUG_SDK\AI_BASENPC_FLYER_NEW.OBJ
D:\SOURCE-SDK-2011\SRC\GAME\SERVER\DEBUG_SDK\AI_BASENPC_MOVEMENT.OBJ
D:\SOURCE-SDK-2011\SRC\GAME\SERVER\DEBUG_SDK\AI_BASENPC_PHYSICSFLYER.OBJ
D:\SOURCE-SDK-2011\SRC\GAME\SERVER\DEBUG_SDK\AI_BASENPC_SCHEDULE.OBJ
D:\SOURCE-SDK-2011\SRC\GAME\SERVER\DEBUG_SDK\AI_BASENPC_SQUAD.OBJ
D:\SOURCE-SDK-2011\SRC\GAME\SERVER\DEBUG_SDK\AI_BEHAVIOR.OBJ
D:\SOURCE-SDK-2011\SRC\GAME\SERVER\DEBUG_SDK\AI_BEHAVIOR_ASSAULT.OBJ
D:\SOURCE-SDK-2011\SRC\GAME\SERVER\DEBUG_SDK\AI_BEHAVIOR_FEAR.OBJ
D:\SOURCE-SDK-2011\SRC\GAME\SERVER\DEBUG_SDK\AI_BEHAVIOR_FIGHTFROMCOVER.OBJ
D:\SOURCE-SDK-2011\SRC\GAME\SERVER\DEBUG_SDK\AI_BEHAVIOR_FOLLOW.OBJ
D:\SOURCE-SDK-2011\SRC\GAME\SERVER\DEBUG_SDK\AI_BEHAVIOR_LEAD.OBJ
D:\SOURCE-SDK-2011\SRC\GAME\SERVER\DEBUG_SDK\AI_BEHAVIOR_RAPPEL.OBJ
D:\SOURCE-SDK-2011\SRC\GAME\SERVER\DEBUG_SDK\AI_BEHAVIOR_STANDOFF.OBJ
D:\SOURCE-SDK-2011\SRC\GAME\SERVER\DEBUG_SDK\AI_BLENDED_MOVEMENT.OBJ
D:\SOURCE-SDK-2011\SRC\GAME\SERVER\DEBUG_SDK\AI_CONCOMMANDS.OBJ
D:\SOURCE-SDK-2011\SRC\GAME\SERVER\DEBUG_SDK\AI_CONDITION.OBJ
D:\SOURCE-SDK-2011\SRC\GAME\SERVER\DEBUG_SDK\AI_CRITERIA.OBJ
D:\SOURCE-SDK-2011\SRC\GAME\SERVER\DEBUG_SDK\AI_DEFAULT.OBJ
D:\SOURCE-SDK-2011\SRC\GAME\SERVER\DEBUG_SDK\AI_DYNAMICLINK.OBJ
D:\SOURCE-SDK-2011\SRC\GAME\SERVER\DEBUG_SDK\AI_EVENT.OBJ
D:\SOURCE-SDK-2011\SRC\GAME\SERVER\DEBUG_SDK\AI_EXPRESSERFOLLOWUP.OBJ
D:\SOURCE-SDK-2011\SRC\GAME\SERVER\DEBUG_SDK\AI_GOALENTITY.OBJ
D:\SOURCE-SDK-2011\SRC\GAME\SERVER\DEBUG_SDK\AI_HINT.OBJ
D:\SOURCE-SDK-2011\SRC\GAME\SERVER\DEBUG_SDK\AI_HULL.OBJ
D:\SOURCE-SDK-2011\SRC\GAME\SERVER\DEBUG_SDK\AI_INITUTILS.OBJ
D:\SOURCE-SDK-2011\SRC\GAME\SERVER\DEBUG_SDK\AI_INTEREST_TARGET.OBJ
D:\SOURCE-SDK-2011\SRC\GAME\SERVER\DEBUG_SDK\AI_LINK.OBJ
D:\SOURCE-SDK-2011\SRC\GAME\SERVER\DEBUG_SDK\AI_LOCALNAVIGATOR.OBJ
D:\SOURCE-SDK-2011\SRC\GAME\SERVER\DEBUG_SDK\AI_LOOKTARGET.OBJ
D:\SOURCE-SDK-2011\SRC\GAME\SERVER\DEBUG_SDK\AI_MEMORY.OBJ
D:\SOURCE-SDK-2011\SRC\GAME\SERVER\DEBUG_SDK\AI_MOTOR.OBJ
D:\SOURCE-SDK-2011\SRC\GAME\SERVER\DEBUG_SDK\AI_MOVEPROBE.OBJ
D:\SOURCE-SDK-2011\SRC\GAME\SERVER\DEBUG_SDK\AI_MOVESHOOT.OBJ
D:\SOURCE-SDK-2011\SRC\GAME\SERVER\DEBUG_SDK\AI_MOVESOLVER.OBJ
D:\SOURCE-SDK-2011\SRC\GAME\SERVER\DEBUG_SDK\AI_NAMESPACES.OBJ
D:\SOURCE-SDK-2011\SRC\GAME\SERVER\DEBUG_SDK\AI_NAVIGATOR.OBJ
D:\SOURCE-SDK-2011\SRC\GAME\SERVER\DEBUG_SDK\AI_NETWORK.OBJ
D:\SOURCE-SDK-2011\SRC\GAME\SERVER\DEBUG_SDK\AI_NETWORKMANAGER.OBJ
D:\SOURCE-SDK-2011\SRC\GAME\SERVER\DEBUG_SDK\AI_NODE.OBJ
D:\SOURCE-SDK-2011\SRC\GAME\SERVER\DEBUG_SDK\AI_PATHFINDER.OBJ
D:\SOURCE-SDK-2011\SRC\GAME\SERVER\DEBUG_SDK\AI_PLANESOLVER.OBJ
D:\SOURCE-SDK-2011\SRC\GAME\SERVER\DEBUG_SDK\AI_PLAYERALLY.OBJ
D:\SOURCE-SDK-2011\SRC\GAME\SERVER\DEBUG_SDK\AI_RELATIONSHIP.OBJ
D:\SOURCE-SDK-2011\SRC\GAME\SERVER\DEBUG_SDK\AI_RESPONSESYSTEM.OBJ
D:\SOURCE-SDK-2011\SRC\GAME\SERVER\DEBUG_SDK\AI_ROUTE.OBJ
D:\SOURCE-SDK-2011\SRC\GAME\SERVER\DEBUG_SDK\AI_SAVERESTORE.OBJ
D:\SOURCE-SDK-2011\SRC\GAME\SERVER\DEBUG_SDK\AI_SCHEDULE.OBJ
D:\SOURCE-SDK-2011\SRC\GAME\SERVER\DEBUG_SDK\AI_SCRIPTCONDITIONS.OBJ
D:\SOURCE-SDK-2011\SRC\GAME\SERVER\DEBUG_SDK\AI_SENSES.OBJ
D:\SOURCE-SDK-2011\SRC\GAME\SERVER\DEBUG_SDK\AI_SENTENCE.OBJ
D:\SOURCE-SDK-2011\SRC\GAME\SERVER\DEBUG_SDK\AI_SPEECH.OBJ
D:\SOURCE-SDK-2011\SRC\GAME\SERVER\DEBUG_SDK\AI_SPEECHCONCEPT.OBJ
D:\SOURCE-SDK-2011\SRC\GAME\SERVER\DEBUG_SDK\AI_SPEECHFILTER.OBJ
D:\SOURCE-SDK-2011\SRC\GAME\SERVER\DEBUG_SDK\AI_SPEECHQUEUE.OBJ
D:\SOURCE-SDK-2011\SRC\GAME\SERVER\DEBUG_SDK\AI_SQUAD.OBJ
D:\SOURCE-SDK-2011\SRC\GAME\SERVER\DEBUG_SDK\AI_SQUADSLOT.OBJ
D:\SOURCE-SDK-2011\SRC\GAME\SERVER\DEBUG_SDK\AI_TACTICALSERVICES.OBJ
D:\SOURCE-SDK-2011\SRC\GAME\SERVER\DEBUG_SDK\AI_TASK.OBJ
D:\SOURCE-SDK-2011\SRC\GAME\SERVER\DEBUG_SDK\AI_TRACKPATHER.OBJ
D:\SOURCE-SDK-2011\SRC\GAME\SERVER\DEBUG_SDK\AI_UTILS.OBJ
D:\SOURCE-SDK-2011\SRC\GAME\SERVER\DEBUG_SDK\AI_WAYPOINT.OBJ
D:\SOURCE-SDK-2011\SRC\GAME\SERVER\DEBUG_SDK\AMBIENTGENERIC.OBJ
D:\SOURCE-SDK-2011\SRC\GAME\SERVER\DEBUG_SDK\AMMODEF.OBJ
D:\SOURCE-SDK-2011\SRC\GAME\SERVER\DEBUG_SDK\ANIMATION.OBJ
D:\SOURCE-SDK-2011\SRC\GAME\SERVER\DEBUG_SDK\BASE_GAMEINTERFACE.OBJ
D:\SOURCE-SDK-2011\SRC\GAME\SERVER\DEBUG_SDK\BASE_PLAYERANIMSTATE.OBJ
D:\SOURCE-SDK-2011\SRC\GAME\SERVER\DEBUG_SDK\BASE_TRANSMIT_PROXY.OBJ
D:\SOURCE-SDK-2011\SRC\GAME\SERVER\DEBUG_SDK\BASEACHIEVEMENT.OBJ
D:\SOURCE-SDK-2011\SRC\GAME\SERVER\DEBUG_SDK\BASEANIMATING.OBJ
D:\SOURCE-SDK-2011\SRC\GAME\SERVER\DEBUG_SDK\BASEANIMATINGOVERLAY.OBJ
D:\SOURCE-SDK-2011\SRC\GAME\SERVER\DEBUG_SDK\BASECOMBATCHARACTER.OBJ
D:\SOURCE-SDK-2011\SRC\GAME\SERVER\DEBUG_SDK\BASECOMBATCHARACTER_SHARED.OBJ
D:\SOURCE-SDK-2011\SRC\GAME\SERVER\DEBUG_SDK\BASECOMBATWEAPON.OBJ
D:\SOURCE-SDK-2011\SRC\GAME\SERVER\DEBUG_SDK\BASECOMBATWEAPON_SHARED.OBJ
D:\SOURCE-SDK-2011\SRC\GAME\SERVER\DEBUG_SDK\BASEENTITY.OBJ
D:\SOURCE-SDK-2011\SRC\GAME\SERVER\DEBUG_SDK\BASEENTITY_SHARED.OBJ
D:\SOURCE-SDK-2011\SRC\GAME\SERVER\DEBUG_SDK\BASEFLEX.OBJ
D:\SOURCE-SDK-2011\SRC\GAME\SERVER\DEBUG_SDK\BASEGRENADE_SHARED.OBJ
D:\SOURCE-SDK-2011\SRC\GAME\SERVER\DEBUG_SDK\BASEMULTIPLAYERPLAYER.OBJ
D:\SOURCE-SDK-2011\SRC\GAME\SERVER\DEBUG_SDK\BASEPARTICLEENTITY.OBJ
D:\SOURCE-SDK-2011\SRC\GAME\SERVER\DEBUG_SDK\BASEPLAYER_SHARED.OBJ
D:\SOURCE-SDK-2011\SRC\GAME\SERVER\DEBUG_SDK\BASETEMPENTITY.OBJ
D:\SOURCE-SDK-2011\SRC\GAME\SERVER\DEBUG_SDK\BASEVIEWMODEL.OBJ
D:\SOURCE-SDK-2011\SRC\GAME\SERVER\DEBUG_SDK\BASEVIEWMODEL_SHARED.OBJ
D:\SOURCE-SDK-2011\SRC\GAME\SERVER\DEBUG_SDK\BEAM_SHARED.OBJ
D:\SOURCE-SDK-2011\SRC\GAME\SERVER\DEBUG_SDK\BEAMSPOTLIGHT.OBJ
D:\SOURCE-SDK-2011\SRC\GAME\SERVER\DEBUG_SDK\BITSTRING.OBJ
D:\SOURCE-SDK-2011\SRC\GAME\SERVER\DEBUG_SDK\BMODELS.OBJ
D:\SOURCE-SDK-2011\SRC\GAME\SERVER\DEBUG_SDK\BONELIST.OBJ
D:\SOURCE-SDK-2011\SRC\GAME\SERVER\DEBUG_SDK\BUTTONS.OBJ
D:\SOURCE-SDK-2011\SRC\GAME\SERVER\DEBUG_SDK\CBASE.OBJ
D:\SOURCE-SDK-2011\SRC\GAME\SERVER\DEBUG_SDK\CBASEPROJECTILE.OBJ
D:\source-sdk-2011\src\game\server\Debug_sdk\cl.command.1.tlog
D:\source-sdk-2011\src\game\server\Debug_sdk\CL.read.1.tlog
D:\source-sdk-2011\src\game\server\Debug_sdk\CL.write.1.tlog
D:\SOURCE-SDK-2011\SRC\GAME\SERVER\DEBUG_SDK\CLIENT.OBJ
D:\SOURCE-SDK-2011\SRC\GAME\SERVER\DEBUG_SDK\CLOSEDCAPTIONS.OBJ
D:\SOURCE-SDK-2011\SRC\GAME\SERVER\DEBUG_SDK\COERCIBLEVARIANT_T.OBJ
D:\SOURCE-SDK-2011\SRC\GAME\SERVER\DEBUG_SDK\COLLISIONPROPERTY.OBJ
D:\SOURCE-SDK-2011\SRC\GAME\SERVER\DEBUG_SDK\COLLISIONUTILS.OBJ
D:\SOURCE-SDK-2011\SRC\GAME\SERVER\DEBUG_SDK\COLORCORRECTION.OBJ
D:\SOURCE-SDK-2011\SRC\GAME\SERVER\DEBUG_SDK\COLORCORRECTIONVOLUME.OBJ
D:\SOURCE-SDK-2011\SRC\GAME\SERVER\DEBUG_SDK\COMMENTARYSYSTEM.OBJ
D:\SOURCE-SDK-2011\SRC\GAME\SERVER\DEBUG_SDK\COMPILEDCAPTIONSWAP.OBJ
D:\SOURCE-SDK-2011\SRC\GAME\SERVER\DEBUG_SDK\CONTROLENTITIES.OBJ
D:\SOURCE-SDK-2011\SRC\GAME\SERVER\DEBUG_SDK\CPLANE.OBJ
D:\SOURCE-SDK-2011\SRC\GAME\SERVER\DEBUG_SDK\CRAGDOLLMAGNET.OBJ
D:\SOURCE-SDK-2011\SRC\GAME\SERVER\DEBUG_SDK\CVISIBILITYMONITOR.OBJ
D:\SOURCE-SDK-2011\SRC\GAME\SERVER\DEBUG_SDK\DAMAGEMODIFIER.OBJ
D:\SOURCE-SDK-2011\SRC\GAME\SERVER\DEBUG_SDK\DEATH_POSE.OBJ
D:\SOURCE-SDK-2011\SRC\GAME\SERVER\DEBUG_SDK\DEBUG_DLL_CHECK.OBJ
D:\SOURCE-SDK-2011\SRC\GAME\SERVER\DEBUG_SDK\DEBUGOVERLAY_SHARED.OBJ
D:\SOURCE-SDK-2011\SRC\GAME\SERVER\DEBUG_SDK\DECALS.OBJ
D:\SOURCE-SDK-2011\SRC\GAME\SERVER\DEBUG_SDK\DGB_PATCH.OBJ
D:\SOURCE-SDK-2011\SRC\GAME\SERVER\DEBUG_SDK\DOORS.OBJ
D:\SOURCE-SDK-2011\SRC\GAME\SERVER\DEBUG_SDK\DT_SEND.OBJ
D:\SOURCE-SDK-2011\SRC\GAME\SERVER\DEBUG_SDK\DT_UTLVECTOR_COMMON.OBJ
D:\SOURCE-SDK-2011\SRC\GAME\SERVER\DEBUG_SDK\DT_UTLVECTOR_SEND.OBJ
D:\SOURCE-SDK-2011\SRC\GAME\SERVER\DEBUG_SDK\DYNAMICLIGHT.OBJ
D:\SOURCE-SDK-2011\SRC\GAME\SERVER\DEBUG_SDK\EDITOR_SENDCOMMAND.OBJ
D:\SOURCE-SDK-2011\SRC\GAME\SERVER\DEBUG_SDK\EFFECT_DISPATCH_DATA.OBJ
D:\SOURCE-SDK-2011\SRC\GAME\SERVER\DEBUG_SDK\EFFECTS.OBJ
D:\SOURCE-SDK-2011\SRC\GAME\SERVER\DEBUG_SDK\EFFECTSSERVER.OBJ
D:\SOURCE-SDK-2011\SRC\GAME\SERVER\DEBUG_SDK\EHANDLE.OBJ
D:\SOURCE-SDK-2011\SRC\GAME\SERVER\DEBUG_SDK\EMULSION_PLAYERMOVE.OBJ
D:\SOURCE-SDK-2011\SRC\GAME\SERVER\DEBUG_SDK\ENTITY_TOOLS_SERVER.OBJ
D:\SOURCE-SDK-2011\SRC\GAME\SERVER\DEBUG_SDK\ENTITYBLOCKER.OBJ
D:\SOURCE-SDK-2011\SRC\GAME\SERVER\DEBUG_SDK\ENTITYDISSOLVE.OBJ
D:\SOURCE-SDK-2011\SRC\GAME\SERVER\DEBUG_SDK\ENTITYFLAME.OBJ
D:\SOURCE-SDK-2011\SRC\GAME\SERVER\DEBUG_SDK\ENTITYFREEZING.OBJ
D:\SOURCE-SDK-2011\SRC\GAME\SERVER\DEBUG_SDK\ENTITYLIST.OBJ
D:\SOURCE-SDK-2011\SRC\GAME\SERVER\DEBUG_SDK\ENTITYLIST_BASE.OBJ
D:\SOURCE-SDK-2011\SRC\GAME\SERVER\DEBUG_SDK\ENTITYPARTICLETRAIL.OBJ
D:\SOURCE-SDK-2011\SRC\GAME\SERVER\DEBUG_SDK\ENTITYPARTICLETRAIL_SHARED.OBJ
D:\SOURCE-SDK-2011\SRC\GAME\SERVER\DEBUG_SDK\ENV_AMBIENT_LIGHT.OBJ
D:\SOURCE-SDK-2011\SRC\GAME\SERVER\DEBUG_SDK\ENV_DEBUGHISTORY.OBJ
D:\SOURCE-SDK-2011\SRC\GAME\SERVER\DEBUG_SDK\ENV_DETAIL_CONTROLLER.OBJ
D:\SOURCE-SDK-2011\SRC\GAME\SERVER\DEBUG_SDK\ENV_DOF_CONTROLLER.OBJ
D:\SOURCE-SDK-2011\SRC\GAME\SERVER\DEBUG_SDK\ENV_EFFECTSSCRIPT.OBJ
D:\SOURCE-SDK-2011\SRC\GAME\SERVER\DEBUG_SDK\ENV_ENTITY_MAKER.OBJ
D:\SOURCE-SDK-2011\SRC\GAME\SERVER\DEBUG_SDK\ENV_GLOBAL_LIGHT.OBJ
D:\SOURCE-SDK-2011\SRC\GAME\SERVER\DEBUG_SDK\ENV_INSTRUCTOR_HINT.OBJ
D:\SOURCE-SDK-2011\SRC\GAME\SERVER\DEBUG_SDK\ENV_PARTICLESCRIPT.OBJ
D:\SOURCE-SDK-2011\SRC\GAME\SERVER\DEBUG_SDK\ENV_PLAYER_SURFACE_TRIGGER.OBJ
D:\SOURCE-SDK-2011\SRC\GAME\SERVER\DEBUG_SDK\ENV_PROJECTEDTEXTURE.OBJ
D:\SOURCE-SDK-2011\SRC\GAME\SERVER\DEBUG_SDK\ENV_SCREENOVERLAY.OBJ
D:\SOURCE-SDK-2011\SRC\GAME\SERVER\DEBUG_SDK\ENV_TEXTURETOGGLE.OBJ
D:\SOURCE-SDK-2011\SRC\GAME\SERVER\DEBUG_SDK\ENV_TONEMAP_CONTROLLER.OBJ
D:\SOURCE-SDK-2011\SRC\GAME\SERVER\DEBUG_SDK\ENV_WIND_SHARED.OBJ
D:\SOURCE-SDK-2011\SRC\GAME\SERVER\DEBUG_SDK\ENV_ZOOM.OBJ
D:\SOURCE-SDK-2011\SRC\GAME\SERVER\DEBUG_SDK\ENVBEAM.OBJ
D:\SOURCE-SDK-2011\SRC\GAME\SERVER\DEBUG_SDK\ENVFADE.OBJ
D:\SOURCE-SDK-2011\SRC\GAME\SERVER\DEBUG_SDK\ENVHUDHINT.OBJ
D:\SOURCE-SDK-2011\SRC\GAME\SERVER\DEBUG_SDK\ENVLASER.OBJ
D:\SOURCE-SDK-2011\SRC\GAME\SERVER\DEBUG_SDK\ENVMESSAGE.OBJ
D:\SOURCE-SDK-2011\SRC\GAME\SERVER\DEBUG_SDK\ENVMICROPHONE.OBJ
D:\SOURCE-SDK-2011\SRC\GAME\SERVER\DEBUG_SDK\ENVSHAKE.OBJ
D:\SOURCE-SDK-2011\SRC\GAME\SERVER\DEBUG_SDK\ENVSPARK.OBJ
D:\SOURCE-SDK-2011\SRC\GAME\SERVER\DEBUG_SDK\EVENT_TEMPENTITY_TESTER.OBJ
D:\SOURCE-SDK-2011\SRC\GAME\SERVER\DEBUG_SDK\EVENTLIST.OBJ
D:\SOURCE-SDK-2011\SRC\GAME\SERVER\DEBUG_SDK\EVENTLOG.OBJ
D:\SOURCE-SDK-2011\SRC\GAME\SERVER\DEBUG_SDK\EXPLODE.OBJ
D:\SOURCE-SDK-2011\SRC\GAME\SERVER\DEBUG_SDK\FILESYSTEM_HELPERS.OBJ
D:\SOURCE-SDK-2011\SRC\GAME\SERVER\DEBUG_SDK\FILTERS.OBJ
D:\SOURCE-SDK-2011\SRC\GAME\SERVER\DEBUG_SDK\FIRE.OBJ
D:\SOURCE-SDK-2011\SRC\GAME\SERVER\DEBUG_SDK\FIRE_SMOKE.OBJ
D:\SOURCE-SDK-2011\SRC\GAME\SERVER\DEBUG_SDK\FISH.OBJ
D:\SOURCE-SDK-2011\SRC\GAME\SERVER\DEBUG_SDK\FLEX_EXPRESSER.OBJ
D:\SOURCE-SDK-2011\SRC\GAME\SERVER\DEBUG_SDK\FOGCONTROLLER.OBJ
D:\SOURCE-SDK-2011\SRC\GAME\SERVER\DEBUG_SDK\FOGVOLUME.OBJ
D:\SOURCE-SDK-2011\SRC\GAME\SERVER\DEBUG_SDK\FOUNDRYHELPERS_SERVER.OBJ
D:\SOURCE-SDK-2011\SRC\GAME\SERVER\DEBUG_SDK\FOURWHEELVEHICLEPHYSICS.OBJ
D:\SOURCE-SDK-2011\SRC\GAME\SERVER\DEBUG_SDK\FUNC_AREAPORTAL.OBJ
D:\SOURCE-SDK-2011\SRC\GAME\SERVER\DEBUG_SDK\FUNC_AREAPORTALBASE.OBJ
D:\SOURCE-SDK-2011\SRC\GAME\SERVER\DEBUG_SDK\FUNC_AREAPORTALWINDOW.OBJ
D:\SOURCE-SDK-2011\SRC\GAME\SERVER\DEBUG_SDK\FUNC_BREAK.OBJ
D:\SOURCE-SDK-2011\SRC\GAME\SERVER\DEBUG_SDK\FUNC_BREAKABLESURF.OBJ
D:\SOURCE-SDK-2011\SRC\GAME\SERVER\DEBUG_SDK\FUNC_DUST.OBJ
D:\SOURCE-SDK-2011\SRC\GAME\SERVER\DEBUG_SDK\FUNC_INSTANCE_IO_PROXY.OBJ
D:\SOURCE-SDK-2011\SRC\GAME\SERVER\DEBUG_SDK\FUNC_LADDER.OBJ
D:\SOURCE-SDK-2011\SRC\GAME\SERVER\DEBUG_SDK\FUNC_LADDER_ENDPOINT.OBJ
D:\SOURCE-SDK-2011\SRC\GAME\SERVER\DEBUG_SDK\FUNC_LOD.OBJ
D:\SOURCE-SDK-2011\SRC\GAME\SERVER\DEBUG_SDK\FUNC_MONITOR.OBJ
D:\SOURCE-SDK-2011\SRC\GAME\SERVER\DEBUG_SDK\FUNC_MOVELINEAR.OBJ
D:\SOURCE-SDK-2011\SRC\GAME\SERVER\DEBUG_SDK\FUNC_OCCLUDER.OBJ
D:\SOURCE-SDK-2011\SRC\GAME\SERVER\DEBUG_SDK\FUNC_REFLECTIVE_GLASS.OBJ
D:\SOURCE-SDK-2011\SRC\GAME\SERVER\DEBUG_SDK\FUNC_SMOKEVOLUME.OBJ
D:\SOURCE-SDK-2011\SRC\GAME\SERVER\DEBUG_SDK\GAME.OBJ
D:\SOURCE-SDK-2011\SRC\GAME\SERVER\DEBUG_SDK\GAME_TIMESCALE_SHARED.OBJ
D:\SOURCE-SDK-2011\SRC\GAME\SERVER\DEBUG_SDK\GAME_UI.OBJ
D:\SOURCE-SDK-2011\SRC\GAME\SERVER\DEBUG_SDK\GAMEHANDLE.OBJ
D:\SOURCE-SDK-2011\SRC\GAME\SERVER\DEBUG_SDK\GAMEINTERFACE.OBJ
D:\SOURCE-SDK-2011\SRC\GAME\SERVER\DEBUG_SDK\GAMEMOVEMENT.OBJ
D:\SOURCE-SDK-2011\SRC\GAME\SERVER\DEBUG_SDK\GAMERULES.OBJ
D:\SOURCE-SDK-2011\SRC\GAME\SERVER\DEBUG_SDK\GAMERULES_REGISTER.OBJ
D:\SOURCE-SDK-2011\SRC\GAME\SERVER\DEBUG_SDK\GAMESTATS.OBJ
D:\SOURCE-SDK-2011\SRC\GAME\SERVER\DEBUG_SDK\GAMESTATS_BASICSTATSFUNCTIONS.OBJ
D:\SOURCE-SDK-2011\SRC\GAME\SERVER\DEBUG_SDK\GAMESTRINGPOOL.OBJ
D:\SOURCE-SDK-2011\SRC\GAME\SERVER\DEBUG_SDK\GAMETRACE_DLL.OBJ
D:\SOURCE-SDK-2011\SRC\GAME\SERVER\DEBUG_SDK\GAMEVARS_SHARED.OBJ
D:\SOURCE-SDK-2011\SRC\GAME\SERVER\DEBUG_SDK\GAMEWEAPONMANAGER.OBJ
D:\SOURCE-SDK-2011\SRC\GAME\SERVER\DEBUG_SDK\GENERICACTOR.OBJ
D:\SOURCE-SDK-2011\SRC\GAME\SERVER\DEBUG_SDK\GENERICMONSTER.OBJ
D:\SOURCE-SDK-2011\SRC\GAME\SERVER\DEBUG_SDK\GIB.OBJ
D:\SOURCE-SDK-2011\SRC\GAME\SERVER\DEBUG_SDK\GLOBAL_EVENT_LOG.OBJ
D:\SOURCE-SDK-2011\SRC\GAME\SERVER\DEBUG_SDK\GLOBALS.OBJ
D:\SOURCE-SDK-2011\SRC\GAME\SERVER\DEBUG_SDK\GLOBALSTATE.OBJ
D:\SOURCE-SDK-2011\SRC\GAME\SERVER\DEBUG_SDK\GRENADETHROWN.OBJ
D:\SOURCE-SDK-2011\SRC\GAME\SERVER\DEBUG_SDK\GUNTARGET.OBJ
D:\SOURCE-SDK-2011\SRC\GAME\SERVER\DEBUG_SDK\H_AI.OBJ
D:\SOURCE-SDK-2011\SRC\GAME\SERVER\DEBUG_SDK\H_EXPORT.OBJ
D:\SOURCE-SDK-2011\SRC\GAME\SERVER\DEBUG_SDK\HIERARCHY.OBJ
D:\SOURCE-SDK-2011\SRC\GAME\SERVER\DEBUG_SDK\HINTMESSAGE.OBJ
D:\SOURCE-SDK-2011\SRC\GAME\SERVER\DEBUG_SDK\HINTSYSTEM.OBJ
D:\SOURCE-SDK-2011\SRC\GAME\SERVER\DEBUG_SDK\HLTVDIRECTOR.OBJ
D:\SOURCE-SDK-2011\SRC\GAME\SERVER\DEBUG_SDK\IGAMESYSTEM.OBJ
D:\SOURCE-SDK-2011\SRC\GAME\SERVER\DEBUG_SDK\INFO_CAMERA_LINK.OBJ
D:\SOURCE-SDK-2011\SRC\GAME\SERVER\DEBUG_SDK\INFO_OVERLAY_ACCESSOR.OBJ
D:\SOURCE-SDK-2011\SRC\GAME\SERVER\DEBUG_SDK\INFOREMARKABLE.OBJ
D:\SOURCE-SDK-2011\SRC\GAME\SERVER\DEBUG_SDK\INIT_FACTORY.OBJ
D:\SOURCE-SDK-2011\SRC\GAME\SERVER\DEBUG_SDK\INTERMISSION.OBJ
D:\SOURCE-SDK-2011\SRC\GAME\SERVER\DEBUG_SDK\INTERPOLATORTYPES.OBJ
D:\SOURCE-SDK-2011\SRC\GAME\SERVER\DEBUG_SDK\ITEM_WORLD.OBJ
D:\SOURCE-SDK-2011\SRC\GAME\SERVER\DEBUG_SDK\KEYFRAME.OBJ
D:\SOURCE-SDK-2011\SRC\GAME\SERVER\DEBUG_SDK\KEYVALUES.OBJ
D:\SOURCE-SDK-2011\SRC\GAME\SERVER\DEBUG_SDK\LIGHTGLOW.OBJ
D:\SOURCE-SDK-2011\SRC\GAME\SERVER\DEBUG_SDK\LIGHTS.OBJ
D:\source-sdk-2011\src\game\server\Debug_sdk\link.26356.read.1.tlog
D:\source-sdk-2011\src\game\server\Debug_sdk\link.26356.write.1.tlog
D:\source-sdk-2011\src\game\server\Debug_sdk\link.30948.read.1.tlog
D:\source-sdk-2011\src\game\server\Debug_sdk\link.30948.write.1.tlog
D:\source-sdk-2011\src\game\server\Debug_sdk\link.3196.read.1.tlog
D:\source-sdk-2011\src\game\server\Debug_sdk\link.3196.write.1.tlog
D:\source-sdk-2011\src\game\server\Debug_sdk\link.34112.read.1.tlog
D:\source-sdk-2011\src\game\server\Debug_sdk\link.34112.write.1.tlog
D:\source-sdk-2011\src\game\server\Debug_sdk\link.36696.read.1.tlog
D:\source-sdk-2011\src\game\server\Debug_sdk\link.36696.write.1.tlog
D:\source-sdk-2011\src\game\server\Debug_sdk\link.40244.read.1.tlog
D:\source-sdk-2011\src\game\server\Debug_sdk\link.40244.write.1.tlog
D:\source-sdk-2011\src\game\server\Debug_sdk\link.47924.read.1.tlog
D:\source-sdk-2011\src\game\server\Debug_sdk\link.47924.write.1.tlog
D:\source-sdk-2011\src\game\server\Debug_sdk\link.55612.read.1.tlog
D:\source-sdk-2011\src\game\server\Debug_sdk\link.55612.write.1.tlog
D:\source-sdk-2011\src\game\server\Debug_sdk\link.9344.read.1.tlog
D:\source-sdk-2011\src\game\server\Debug_sdk\link.9344.write.1.tlog
D:\source-sdk-2011\src\game\server\Debug_sdk\link.command.1.tlog
D:\source-sdk-2011\src\game\server\Debug_sdk\link.read.1.tlog
D:\source-sdk-2011\src\game\server\Debug_sdk\link.write.1.tlog
D:\SOURCE-SDK-2011\SRC\GAME\SERVER\DEBUG_SDK\LOGIC_MEASURE_MOVEMENT.OBJ
D:\SOURCE-SDK-2011\SRC\GAME\SERVER\DEBUG_SDK\LOGIC_NAVIGATION.OBJ
D:\SOURCE-SDK-2011\SRC\GAME\SERVER\DEBUG_SDK\LOGIC_PLAYERPROXY.OBJ
D:\SOURCE-SDK-2011\SRC\GAME\SERVER\DEBUG_SDK\LOGIC_PLAYMOVIE.OBJ
D:\SOURCE-SDK-2011\SRC\GAME\SERVER\DEBUG_SDK\LOGIC_RANDOM_OUTPUTS.OBJ
D:\SOURCE-SDK-2011\SRC\GAME\SERVER\DEBUG_SDK\LOGICAUTO.OBJ
D:\SOURCE-SDK-2011\SRC\GAME\SERVER\DEBUG_SDK\LOGICENTITIES.OBJ
D:\SOURCE-SDK-2011\SRC\GAME\SERVER\DEBUG_SDK\LOGICRELAY.OBJ
D:\SOURCE-SDK-2011\SRC\GAME\SERVER\DEBUG_SDK\MAP_UTILS.OBJ
D:\SOURCE-SDK-2011\SRC\GAME\SERVER\DEBUG_SDK\MAPENTITIES.OBJ
D:\SOURCE-SDK-2011\SRC\GAME\SERVER\DEBUG_SDK\MAPENTITIES_SHARED.OBJ
D:\SOURCE-SDK-2011\SRC\GAME\SERVER\DEBUG_SDK\MAPRULES.OBJ
D:\SOURCE-SDK-2011\SRC\GAME\SERVER\DEBUG_SDK\MATERIALMODIFYCONTROL.OBJ
D:\SOURCE-SDK-2011\SRC\GAME\SERVER\DEBUG_SDK\MEMOVERRIDE.OBJ
D:\SOURCE-SDK-2011\SRC\GAME\SERVER\DEBUG_SDK\MESSAGE_ENTITY.OBJ
D:\SOURCE-SDK-2011\SRC\GAME\SERVER\DEBUG_SDK\MODELENTITIES.OBJ
D:\SOURCE-SDK-2011\SRC\GAME\SERVER\DEBUG_SDK\MODELSOUNDSCACHE.OBJ
D:\SOURCE-SDK-2011\SRC\GAME\SERVER\DEBUG_SDK\MONSTERMAKER.OBJ
D:\SOURCE-SDK-2011\SRC\GAME\SERVER\DEBUG_SDK\MOVEHELPER_SERVER.OBJ
D:\SOURCE-SDK-2011\SRC\GAME\SERVER\DEBUG_SDK\MOVEMENT.OBJ
D:\SOURCE-SDK-2011\SRC\GAME\SERVER\DEBUG_SDK\MOVEVARS_SHARED.OBJ
D:\SOURCE-SDK-2011\SRC\GAME\SERVER\DEBUG_SDK\MOVIE_DISPLAY.OBJ
D:\SOURCE-SDK-2011\SRC\GAME\SERVER\DEBUG_SDK\MOVIE_EXPLOSION.OBJ
D:\SOURCE-SDK-2011\SRC\GAME\SERVER\DEBUG_SDK\MP_SHAREDDEFS.OBJ
D:\SOURCE-SDK-2011\SRC\GAME\SERVER\DEBUG_SDK\MULTIPLAY_GAMERULES.OBJ
D:\SOURCE-SDK-2011\SRC\GAME\SERVER\DEBUG_SDK\NAV_AREA.OBJ
D:\SOURCE-SDK-2011\SRC\GAME\SERVER\DEBUG_SDK\NAV_COLORS.OBJ
D:\SOURCE-SDK-2011\SRC\GAME\SERVER\DEBUG_SDK\NAV_EDIT.OBJ
D:\SOURCE-SDK-2011\SRC\GAME\SERVER\DEBUG_SDK\NAV_ENTITIES.OBJ
D:\SOURCE-SDK-2011\SRC\GAME\SERVER\DEBUG_SDK\NAV_FILE.OBJ
D:\SOURCE-SDK-2011\SRC\GAME\SERVER\DEBUG_SDK\NAV_GENERATE.OBJ
D:\SOURCE-SDK-2011\SRC\GAME\SERVER\DEBUG_SDK\NAV_LADDER.OBJ
D:\SOURCE-SDK-2011\SRC\GAME\SERVER\DEBUG_SDK\NAV_MERGE.OBJ
D:\SOURCE-SDK-2011\SRC\GAME\SERVER\DEBUG_SDK\NAV_MESH.OBJ
D:\SOURCE-SDK-2011\SRC\GAME\SERVER\DEBUG_SDK\NAV_MESH_FACTORY.OBJ
D:\SOURCE-SDK-2011\SRC\GAME\SERVER\DEBUG_SDK\NAV_NODE.OBJ
D:\SOURCE-SDK-2011\SRC\GAME\SERVER\DEBUG_SDK\NAV_SIMPLIFY.OBJ
D:\SOURCE-SDK-2011\SRC\GAME\SERVER\DEBUG_SDK\NDEBUGOVERLAY.OBJ
D:\SOURCE-SDK-2011\SRC\GAME\SERVER\DEBUG_SDK\NETWORKVAR.OBJ
D:\SOURCE-SDK-2011\SRC\GAME\SERVER\DEBUG_SDK\NPC_VEHICLEDRIVER.OBJ
D:\SOURCE-SDK-2011\SRC\GAME\SERVER\DEBUG_SDK\OBSTACLE_PUSHAWAY.OBJ
D:\SOURCE-SDK-2011\SRC\GAME\SERVER\DEBUG_SDK\PARTICLE_FIRE.OBJ
D:\SOURCE-SDK-2011\SRC\GAME\SERVER\DEBUG_SDK\PARTICLE_LIGHT.OBJ
D:\SOURCE-SDK-2011\SRC\GAME\SERVER\DEBUG_SDK\PARTICLE_PARSE.OBJ
D:\SOURCE-SDK-2011\SRC\GAME\SERVER\DEBUG_SDK\PARTICLE_SMOKEGRENADE.OBJ
D:\SOURCE-SDK-2011\SRC\GAME\SERVER\DEBUG_SDK\PARTICLE_SYSTEM.OBJ
D:\SOURCE-SDK-2011\SRC\GAME\SERVER\DEBUG_SDK\PARTICLESYSTEMQUERY.OBJ
D:\SOURCE-SDK-2011\SRC\GAME\SERVER\DEBUG_SDK\PATHCORNER.OBJ
D:\SOURCE-SDK-2011\SRC\GAME\SERVER\DEBUG_SDK\PATHTRACK.OBJ
D:\SOURCE-SDK-2011\SRC\GAME\SERVER\DEBUG_SDK\PHYS_CONTROLLER.OBJ
D:\SOURCE-SDK-2011\SRC\GAME\SERVER\DEBUG_SDK\PHYSCONSTRAINT.OBJ
D:\SOURCE-SDK-2011\SRC\GAME\SERVER\DEBUG_SDK\PHYSICS.OBJ
D:\SOURCE-SDK-2011\SRC\GAME\SERVER\DEBUG_SDK\PHYSICS_BONE_FOLLOWER.OBJ
D:\SOURCE-SDK-2011\SRC\GAME\SERVER\DEBUG_SDK\PHYSICS_CANNISTER.OBJ
D:\SOURCE-SDK-2011\SRC\GAME\SERVER\DEBUG_SDK\PHYSICS_FX.OBJ
D:\SOURCE-SDK-2011\SRC\GAME\SERVER\DEBUG_SDK\PHYSICS_IMPACT_DAMAGE.OBJ
D:\SOURCE-SDK-2011\SRC\GAME\SERVER\DEBUG_SDK\PHYSICS_MAIN.OBJ
D:\SOURCE-SDK-2011\SRC\GAME\SERVER\DEBUG_SDK\PHYSICS_MAIN_SHARED.OBJ
D:\SOURCE-SDK-2011\SRC\GAME\SERVER\DEBUG_SDK\PHYSICS_NPC_SOLVER.OBJ
D:\SOURCE-SDK-2011\SRC\GAME\SERVER\DEBUG_SDK\PHYSICS_PROP_RAGDOLL.OBJ
D:\SOURCE-SDK-2011\SRC\GAME\SERVER\DEBUG_SDK\PHYSICS_PROP_STATUE.OBJ
D:\SOURCE-SDK-2011\SRC\GAME\SERVER\DEBUG_SDK\PHYSICS_SAVERESTORE.OBJ
D:\SOURCE-SDK-2011\SRC\GAME\SERVER\DEBUG_SDK\PHYSICS_SHARED.OBJ
D:\SOURCE-SDK-2011\SRC\GAME\SERVER\DEBUG_SDK\PHYSOBJ.OBJ
D:\SOURCE-SDK-2011\SRC\GAME\SERVER\DEBUG_SDK\PLASMA.OBJ
D:\SOURCE-SDK-2011\SRC\GAME\SERVER\DEBUG_SDK\PLAYER.OBJ
D:\SOURCE-SDK-2011\SRC\GAME\SERVER\DEBUG_SDK\PLAYER_COMMAND.OBJ
D:\SOURCE-SDK-2011\SRC\GAME\SERVER\DEBUG_SDK\PLAYER_LAGCOMPENSATION.OBJ
D:\SOURCE-SDK-2011\SRC\GAME\SERVER\DEBUG_SDK\PLAYER_PICKUP.OBJ
D:\SOURCE-SDK-2011\SRC\GAME\SERVER\DEBUG_SDK\PLAYER_RESOURCE.OBJ
D:\SOURCE-SDK-2011\SRC\GAME\SERVER\DEBUG_SDK\PLAYER_VOICE_LISTENER.OBJ
D:\SOURCE-SDK-2011\SRC\GAME\SERVER\DEBUG_SDK\PLAYERINFOMANAGER.OBJ
D:\SOURCE-SDK-2011\SRC\GAME\SERVER\DEBUG_SDK\PLAYERLOCALDATA.OBJ
D:\SOURCE-SDK-2011\SRC\GAME\SERVER\DEBUG_SDK\PLUGIN_CHECK.OBJ
D:\SOURCE-SDK-2011\SRC\GAME\SERVER\DEBUG_SDK\POINT_BONUSMAPS_ACCESSOR.OBJ
D:\SOURCE-SDK-2011\SRC\GAME\SERVER\DEBUG_SDK\POINT_CAMERA.OBJ
D:\SOURCE-SDK-2011\SRC\GAME\SERVER\DEBUG_SDK\POINT_DEVSHOT_CAMERA.OBJ
D:\SOURCE-SDK-2011\SRC\GAME\SERVER\DEBUG_SDK\POINT_ENTITY_FINDER.OBJ
D:\SOURCE-SDK-2011\SRC\GAME\SERVER\DEBUG_SDK\POINT_EVENT_PROXY.OBJ
D:\SOURCE-SDK-2011\SRC\GAME\SERVER\DEBUG_SDK\POINT_PLAYERMOVECONSTRAINT.OBJ
D:\SOURCE-SDK-2011\SRC\GAME\SERVER\DEBUG_SDK\POINT_POSECONTROLLER.OBJ
D:\SOURCE-SDK-2011\SRC\GAME\SERVER\DEBUG_SDK\POINT_SPOTLIGHT.OBJ
D:\SOURCE-SDK-2011\SRC\GAME\SERVER\DEBUG_SDK\POINT_TEMPLATE.OBJ
D:\SOURCE-SDK-2011\SRC\GAME\SERVER\DEBUG_SDK\POINTANGLESENSOR.OBJ
D:\SOURCE-SDK-2011\SRC\GAME\SERVER\DEBUG_SDK\POINTANGULARVELOCITYSENSOR.OBJ
D:\SOURCE-SDK-2011\SRC\GAME\SERVER\DEBUG_SDK\POINTHURT.OBJ
D:\SOURCE-SDK-2011\SRC\GAME\SERVER\DEBUG_SDK\POINTTELEPORT.OBJ
D:\SOURCE-SDK-2011\SRC\GAME\SERVER\DEBUG_SDK\POSTPROCESSCONTROLLER.OBJ
D:\SOURCE-SDK-2011\SRC\GAME\SERVER\DEBUG_SDK\PRECACHE_REGISTER.OBJ
D:\SOURCE-SDK-2011\SRC\GAME\SERVER\DEBUG_SDK\PREDICTABLEID.OBJ
D:\SOURCE-SDK-2011\SRC\GAME\SERVER\DEBUG_SDK\PREDICTED_VIEWMODEL.OBJ
D:\SOURCE-SDK-2011\SRC\GAME\SERVER\DEBUG_SDK\PROP_DEVCUBE.OBJ
D:\SOURCE-SDK-2011\SRC\GAME\SERVER\DEBUG_SDK\PROP_HALLUCINATION.OBJ
D:\SOURCE-SDK-2011\SRC\GAME\SERVER\DEBUG_SDK\PROPS.OBJ
D:\SOURCE-SDK-2011\SRC\GAME\SERVER\DEBUG_SDK\PROPS_SHARED.OBJ
D:\SOURCE-SDK-2011\SRC\GAME\SERVER\DEBUG_SDK\QUERYCACHE.OBJ
D:\SOURCE-SDK-2011\SRC\GAME\SERVER\DEBUG_SDK\RAGDOLL_MANAGER.OBJ
D:\SOURCE-SDK-2011\SRC\GAME\SERVER\DEBUG_SDK\RAGDOLL_SHARED.OBJ
D:\SOURCE-SDK-2011\SRC\GAME\SERVER\DEBUG_SDK\RAGDOLLBOOGIE.OBJ
D:\SOURCE-SDK-2011\SRC\GAME\SERVER\DEBUG_SDK\RANDOVERRIDE.OBJ
D:\SOURCE-SDK-2011\SRC\GAME\SERVER\DEBUG_SDK\RECIPIENTFILTER.OBJ
D:\SOURCE-SDK-2011\SRC\GAME\SERVER\DEBUG_SDK\REGISTRY.OBJ
D:\SOURCE-SDK-2011\SRC\GAME\SERVER\DEBUG_SDK\REPLAYDIRECTOR.OBJ
D:\SOURCE-SDK-2011\SRC\GAME\SERVER\DEBUG_SDK\ROPE.OBJ
D:\SOURCE-SDK-2011\SRC\GAME\SERVER\DEBUG_SDK\ROPE_HELPERS.OBJ
D:\SOURCE-SDK-2011\SRC\GAME\SERVER\DEBUG_SDK\ROPE_PHYSICS.OBJ
D:\SOURCE-SDK-2011\SRC\GAME\SERVER\DEBUG_SDK\SAVERESTORE.OBJ
D:\SOURCE-SDK-2011\SRC\GAME\SERVER\DEBUG_SDK\SCENECACHE.OBJ
D:\SOURCE-SDK-2011\SRC\GAME\SERVER\DEBUG_SDK\SCENEENTITY.OBJ
D:\SOURCE-SDK-2011\SRC\GAME\SERVER\DEBUG_SDK\SCENEENTITY_SHARED.OBJ
D:\SOURCE-SDK-2011\SRC\GAME\SERVER\DEBUG_SDK\SCRATCHPAD_GAMEDLL_HELPERS.OBJ
D:\SOURCE-SDK-2011\SRC\GAME\SERVER\DEBUG_SDK\SCRATCHPAD3D.OBJ
D:\SOURCE-SDK-2011\SRC\GAME\SERVER\DEBUG_SDK\SCRATCHPADUTILS.OBJ
D:\SOURCE-SDK-2011\SRC\GAME\SERVER\DEBUG_SDK\SCRIPTED.OBJ
D:\SOURCE-SDK-2011\SRC\GAME\SERVER\DEBUG_SDK\SCRIPTEDTARGET.OBJ
D:\SOURCE-SDK-2011\SRC\GAME\SERVER\DEBUG_SDK\SDK_CLIENT.OBJ
D:\SOURCE-SDK-2011\SRC\GAME\SERVER\DEBUG_SDK\SDK_EVENTLOG.OBJ
D:\SOURCE-SDK-2011\SRC\GAME\SERVER\DEBUG_SDK\SDK_GAMEMOVEMENT.OBJ
D:\SOURCE-SDK-2011\SRC\GAME\SERVER\DEBUG_SDK\SDK_GAMERULES.OBJ
D:\SOURCE-SDK-2011\SRC\GAME\SERVER\DEBUG_SDK\SDK_PARSERS.OBJ
D:\SOURCE-SDK-2011\SRC\GAME\SERVER\DEBUG_SDK\SDK_PICKUPCONTROLLER.OBJ
D:\SOURCE-SDK-2011\SRC\GAME\SERVER\DEBUG_SDK\SDK_PLAYER.OBJ
D:\SOURCE-SDK-2011\SRC\GAME\SERVER\DEBUG_SDK\SDK_USERMESSAGES.OBJ
D:\SOURCE-SDK-2011\SRC\GAME\SERVER\DEBUG_SDK\SENDPROXY.OBJ
D:\SOURCE-SDK-2011\SRC\GAME\SERVER\DEBUG_SDK\SEQUENCE_TRANSITIONER.OBJ
D:\source-sdk-2011\src\game\server\Debug_sdk\Server (SDK).write.1.tlog
D:\source-sdk-2011\src\game\server\Debug_sdk\Server (Swarm skeleton).write.1.tlog
D:\SOURCE-SDK-2011\SRC\GAME\SERVER\DEBUG_SDK\SERVER.PCH
D:\SOURCE-SDK-2011\SRC\GAME\SERVER\DEBUG_SDK\SERVER.PDB
D:\SOURCE-SDK-2011\SRC\GAME\SERVER\DEBUG_SDK\SERVER_CLASS.OBJ
D:\SOURCE-SDK-2011\SRC\GAME\SERVER\DEBUG_SDK\SERVERBENCHMARK_BASE.OBJ
D:\SOURCE-SDK-2011\SRC\GAME\SERVER\DEBUG_SDK\SERVERNETWORKPROPERTY.OBJ
D:\SOURCE-SDK-2011\SRC\GAME\SERVER\DEBUG_SDK\SHADOWCONTROL.OBJ
D:\SOURCE-SDK-2011\SRC\GAME\SERVER\DEBUG_SDK\SHEETSIMULATOR.OBJ
D:\SOURCE-SDK-2011\SRC\GAME\SERVER\DEBUG_SDK\SIMPLE_PHYSICS.OBJ
D:\SOURCE-SDK-2011\SRC\GAME\SERVER\DEBUG_SDK\SIMTIMER.OBJ
D:\SOURCE-SDK-2011\SRC\GAME\SERVER\DEBUG_SDK\SINGLEPLAY_GAMERULES.OBJ
D:\SOURCE-SDK-2011\SRC\GAME\SERVER\DEBUG_SDK\SKYBOXSWAPPER.OBJ
D:\SOURCE-SDK-2011\SRC\GAME\SERVER\DEBUG_SDK\SKYCAMERA.OBJ
D:\SOURCE-SDK-2011\SRC\GAME\SERVER\DEBUG_SDK\SLIDESHOW_DISPLAY.OBJ
D:\SOURCE-SDK-2011\SRC\GAME\SERVER\DEBUG_SDK\SMOKE_TRAIL.OBJ
D:\SOURCE-SDK-2011\SRC\GAME\SERVER\DEBUG_SDK\SMOKESTACK.OBJ
D:\SOURCE-SDK-2011\SRC\GAME\SERVER\DEBUG_SDK\SOUND.OBJ
D:\SOURCE-SDK-2011\SRC\GAME\SERVER\DEBUG_SDK\SOUNDEMITTERSYSTEM.OBJ
D:\SOURCE-SDK-2011\SRC\GAME\SERVER\DEBUG_SDK\SOUNDENT.OBJ
D:\SOURCE-SDK-2011\SRC\GAME\SERVER\DEBUG_SDK\SOUNDENVELOPE.OBJ
D:\SOURCE-SDK-2011\SRC\GAME\SERVER\DEBUG_SDK\SOUNDPARAMETERSINTERNAL.OBJ
D:\SOURCE-SDK-2011\SRC\GAME\SERVER\DEBUG_SDK\SOUNDSCAPE.OBJ
D:\SOURCE-SDK-2011\SRC\GAME\SERVER\DEBUG_SDK\SOUNDSCAPE_SYSTEM.OBJ
D:\SOURCE-SDK-2011\SRC\GAME\SERVER\DEBUG_SDK\SPATIALENTITY.OBJ
D:\SOURCE-SDK-2011\SRC\GAME\SERVER\DEBUG_SDK\SPOTLIGHTEND.OBJ
D:\SOURCE-SDK-2011\SRC\GAME\SERVER\DEBUG_SDK\SPRITE.OBJ
D:\SOURCE-SDK-2011\SRC\GAME\SERVER\DEBUG_SDK\SPRITE_PERFMONITOR.OBJ
D:\SOURCE-SDK-2011\SRC\GAME\SERVER\DEBUG_SDK\SPRITETRAIL.OBJ
D:\SOURCE-SDK-2011\SRC\GAME\SERVER\DEBUG_SDK\STDAFX.OBJ
D:\SOURCE-SDK-2011\SRC\GAME\SERVER\DEBUG_SDK\STEAMJET.OBJ
D:\SOURCE-SDK-2011\SRC\GAME\SERVER\DEBUG_SDK\STEAMWORKS_GAMESTATS.OBJ
D:\SOURCE-SDK-2011\SRC\GAME\SERVER\DEBUG_SDK\STRINGREGISTRY.OBJ
D:\SOURCE-SDK-2011\SRC\GAME\SERVER\DEBUG_SDK\STUDIO.OBJ
D:\SOURCE-SDK-2011\SRC\GAME\SERVER\DEBUG_SDK\STUDIO_SHARED.OBJ
D:\SOURCE-SDK-2011\SRC\GAME\SERVER\DEBUG_SDK\SUBS.OBJ
D:\SOURCE-SDK-2011\SRC\GAME\SERVER\DEBUG_SDK\SUN.OBJ
D:\SOURCE-SDK-2011\SRC\GAME\SERVER\DEBUG_SDK\SUNLIGHTSHADOWCONTROL.OBJ
D:\SOURCE-SDK-2011\SRC\GAME\SERVER\DEBUG_SDK\TAKEDAMAGEINFO.OBJ
D:\SOURCE-SDK-2011\SRC\GAME\SERVER\DEBUG_SDK\TANKTRAIN.OBJ
D:\SOURCE-SDK-2011\SRC\GAME\SERVER\DEBUG_SDK\TE.OBJ
D:\SOURCE-SDK-2011\SRC\GAME\SERVER\DEBUG_SDK\TE_ARMORRICOCHET.OBJ
D:\SOURCE-SDK-2011\SRC\GAME\SERVER\DEBUG_SDK\TE_BASEBEAM.OBJ
D:\SOURCE-SDK-2011\SRC\GAME\SERVER\DEBUG_SDK\TE_BEAMENTPOINT.OBJ
D:\SOURCE-SDK-2011\SRC\GAME\SERVER\DEBUG_SDK\TE_BEAMENTS.OBJ
D:\SOURCE-SDK-2011\SRC\GAME\SERVER\DEBUG_SDK\TE_BEAMFOLLOW.OBJ
D:\SOURCE-SDK-2011\SRC\GAME\SERVER\DEBUG_SDK\TE_BEAMLASER.OBJ
D:\SOURCE-SDK-2011\SRC\GAME\SERVER\DEBUG_SDK\TE_BEAMPOINTS.OBJ
D:\SOURCE-SDK-2011\SRC\GAME\SERVER\DEBUG_SDK\TE_BEAMRING.OBJ
D:\SOURCE-SDK-2011\SRC\GAME\SERVER\DEBUG_SDK\TE_BEAMRINGPOINT.OBJ
D:\SOURCE-SDK-2011\SRC\GAME\SERVER\DEBUG_SDK\TE_BEAMSPLINE.OBJ
D:\SOURCE-SDK-2011\SRC\GAME\SERVER\DEBUG_SDK\TE_BLOODSPRITE.OBJ
D:\SOURCE-SDK-2011\SRC\GAME\SERVER\DEBUG_SDK\TE_BLOODSTREAM.OBJ
D:\SOURCE-SDK-2011\SRC\GAME\SERVER\DEBUG_SDK\TE_BREAKMODEL.OBJ
D:\SOURCE-SDK-2011\SRC\GAME\SERVER\DEBUG_SDK\TE_BSPDECAL.OBJ
D:\SOURCE-SDK-2011\SRC\GAME\SERVER\DEBUG_SDK\TE_BUBBLES.OBJ
D:\SOURCE-SDK-2011\SRC\GAME\SERVER\DEBUG_SDK\TE_BUBBLETRAIL.OBJ
D:\SOURCE-SDK-2011\SRC\GAME\SERVER\DEBUG_SDK\TE_CLIENTPROJECTILE.OBJ
D:\SOURCE-SDK-2011\SRC\GAME\SERVER\DEBUG_SDK\TE_DECAL.OBJ
D:\SOURCE-SDK-2011\SRC\GAME\SERVER\DEBUG_SDK\TE_DYNAMICLIGHT.OBJ
D:\SOURCE-SDK-2011\SRC\GAME\SERVER\DEBUG_SDK\TE_EFFECT_DISPATCH.OBJ
D:\SOURCE-SDK-2011\SRC\GAME\SERVER\DEBUG_SDK\TE_ENERGYSPLASH.OBJ
D:\SOURCE-SDK-2011\SRC\GAME\SERVER\DEBUG_SDK\TE_EXPLOSION.OBJ
D:\SOURCE-SDK-2011\SRC\GAME\SERVER\DEBUG_SDK\TE_FIZZ.OBJ
D:\SOURCE-SDK-2011\SRC\GAME\SERVER\DEBUG_SDK\TE_FOOTPRINTDECAL.OBJ
D:\SOURCE-SDK-2011\SRC\GAME\SERVER\DEBUG_SDK\TE_GAUSSEXPLOSION.OBJ
D:\SOURCE-SDK-2011\SRC\GAME\SERVER\DEBUG_SDK\TE_GLASSSHATTER.OBJ
D:\SOURCE-SDK-2011\SRC\GAME\SERVER\DEBUG_SDK\TE_GLOWSPRITE.OBJ
D:\SOURCE-SDK-2011\SRC\GAME\SERVER\DEBUG_SDK\TE_IMPACT.OBJ
D:\SOURCE-SDK-2011\SRC\GAME\SERVER\DEBUG_SDK\TE_KILLPLAYERATTACHMENTS.OBJ
D:\SOURCE-SDK-2011\SRC\GAME\SERVER\DEBUG_SDK\TE_LARGEFUNNEL.OBJ
D:\SOURCE-SDK-2011\SRC\GAME\SERVER\DEBUG_SDK\TE_MUZZLEFLASH.OBJ
D:\SOURCE-SDK-2011\SRC\GAME\SERVER\DEBUG_SDK\TE_PARTICLESYSTEM.OBJ
D:\SOURCE-SDK-2011\SRC\GAME\SERVER\DEBUG_SDK\TE_PHYSICSPROP.OBJ
D:\SOURCE-SDK-2011\SRC\GAME\SERVER\DEBUG_SDK\TE_PLAYERDECAL.OBJ
D:\SOURCE-SDK-2011\SRC\GAME\SERVER\DEBUG_SDK\TE_PROJECTEDDECAL.OBJ
D:\SOURCE-SDK-2011\SRC\GAME\SERVER\DEBUG_SDK\TE_SHOWLINE.OBJ
D:\SOURCE-SDK-2011\SRC\GAME\SERVER\DEBUG_SDK\TE_SMOKE.OBJ
D:\SOURCE-SDK-2011\SRC\GAME\SERVER\DEBUG_SDK\TE_SPARKS.OBJ
D:\SOURCE-SDK-2011\SRC\GAME\SERVER\DEBUG_SDK\TE_SPRITE.OBJ
D:\SOURCE-SDK-2011\SRC\GAME\SERVER\DEBUG_SDK\TE_SPRITESPRAY.OBJ
D:\SOURCE-SDK-2011\SRC\GAME\SERVER\DEBUG_SDK\TE_WORLDDECAL.OBJ
D:\SOURCE-SDK-2011\SRC\GAME\SERVER\DEBUG_SDK\TEAM.OBJ
D:\SOURCE-SDK-2011\SRC\GAME\SERVER\DEBUG_SDK\TEAMPLAY_GAMERULES.OBJ
D:\SOURCE-SDK-2011\SRC\GAME\SERVER\DEBUG_SDK\TEMPLATEENTITIES.OBJ
D:\SOURCE-SDK-2011\SRC\GAME\SERVER\DEBUG_SDK\TEMPMONSTER.OBJ
D:\SOURCE-SDK-2011\SRC\GAME\SERVER\DEBUG_SDK\TESLA.OBJ
D:\SOURCE-SDK-2011\SRC\GAME\SERVER\DEBUG_SDK\TEST_EHANDLE.OBJ
D:\SOURCE-SDK-2011\SRC\GAME\SERVER\DEBUG_SDK\TEST_PROXYTOGGLE.OBJ
D:\SOURCE-SDK-2011\SRC\GAME\SERVER\DEBUG_SDK\TEST_STRESSENTITIES.OBJ
D:\SOURCE-SDK-2011\SRC\GAME\SERVER\DEBUG_SDK\TESTFUNCTIONS.OBJ
D:\SOURCE-SDK-2011\SRC\GAME\SERVER\DEBUG_SDK\TESTTRACELINE.OBJ
D:\SOURCE-SDK-2011\SRC\GAME\SERVER\DEBUG_SDK\TEXTSTATSMGR.OBJ
D:\SOURCE-SDK-2011\SRC\GAME\SERVER\DEBUG_SDK\TIMEDEVENTMGR.OBJ
D:\SOURCE-SDK-2011\SRC\GAME\SERVER\DEBUG_SDK\TOOLFRAMEWORK_SERVER.OBJ
D:\SOURCE-SDK-2011\SRC\GAME\SERVER\DEBUG_SDK\TRAINS.OBJ
D:\SOURCE-SDK-2011\SRC\GAME\SERVER\DEBUG_SDK\TRIGGERS.OBJ
D:\SOURCE-SDK-2011\SRC\GAME\SERVER\DEBUG_SDK\UNIQUEID.OBJ
D:\SOURCE-SDK-2011\SRC\GAME\SERVER\DEBUG_SDK\USERCMD.OBJ
D:\SOURCE-SDK-2011\SRC\GAME\SERVER\DEBUG_SDK\USERMESSAGES.OBJ
D:\SOURCE-SDK-2011\SRC\GAME\SERVER\DEBUG_SDK\UTIL.OBJ
D:\SOURCE-SDK-2011\SRC\GAME\SERVER\DEBUG_SDK\UTIL_SHARED.OBJ
D:\SOURCE-SDK-2011\SRC\GAME\SERVER\DEBUG_SDK\VARIANT_T.OBJ
D:\source-sdk-2011\src\game\server\Debug_sdk\vc100.idb
D:\SOURCE-SDK-2011\SRC\GAME\SERVER\DEBUG_SDK\VC100.PDB
D:\SOURCE-SDK-2011\SRC\GAME\SERVER\DEBUG_SDK\VEHICLE_BASE.OBJ
D:\SOURCE-SDK-2011\SRC\GAME\SERVER\DEBUG_SDK\VEHICLE_BASESERVER.OBJ
D:\SOURCE-SDK-2011\SRC\GAME\SERVER\DEBUG_SDK\VEHICLE_VIEWBLEND_SHARED.OBJ
D:\SOURCE-SDK-2011\SRC\GAME\SERVER\DEBUG_SDK\VGUI_CONTROLS.OBJ
D:\SOURCE-SDK-2011\SRC\GAME\SERVER\DEBUG_SDK\VGUI_GAMEDLL_INT.OBJ
D:\SOURCE-SDK-2011\SRC\GAME\SERVER\DEBUG_SDK\VGUISCREEN.OBJ
D:\SOURCE-SDK-2011\SRC\GAME\SERVER\DEBUG_SDK\VOICE_GAMEMGR.OBJ
D:\SOURCE-SDK-2011\SRC\GAME\SERVER\DEBUG_SDK\VSCRIPT_SERVER.OBJ
D:\SOURCE-SDK-2011\SRC\GAME\SERVER\DEBUG_SDK\VSCRIPT_SHARED.OBJ
D:\SOURCE-SDK-2011\SRC\GAME\SERVER\DEBUG_SDK\WATERBULLET.OBJ
D:\SOURCE-SDK-2011\SRC\GAME\SERVER\DEBUG_SDK\WATERLODCONTROL.OBJ
D:\SOURCE-SDK-2011\SRC\GAME\SERVER\DEBUG_SDK\WCEDIT.OBJ
D:\SOURCE-SDK-2011\SRC\GAME\SERVER\DEBUG_SDK\WEAPON_PAINTGUN.OBJ
D:\SOURCE-SDK-2011\SRC\GAME\SERVER\DEBUG_SDK\WEAPON_PARSE.OBJ
D:\SOURCE-SDK-2011\SRC\GAME\SERVER\DEBUG_SDK\WEAPON_PROFICIENCY.OBJ
D:\SOURCE-SDK-2011\SRC\GAME\SERVER\DEBUG_SDK\WEIGHT_BUTTON.OBJ
D:\SOURCE-SDK-2011\SRC\GAME\SERVER\DEBUG_SDK\WORLD.OBJ
