..\..\..\..\source2011\game\source2011\bin\client.ilk
..\..\..\..\source2011\game\source2011\bin\client.pdb
D:\SOURCE2011\GAME\SOURCE2011\BIN\CLIENT.DLL
D:\source2011\game\source2011\bin\client.exp
D:\SOURCE2011\GAME\SOURCE2011\BIN\CLIENT.ILK
D:\source2011\game\source2011\bin\client.lib
D:\source-sdk-2011\src\game\client\..\..\..\..\source2011\game\source2011\bin\client.dll
D:\SOURCE-SDK-2011\SRC\GAME\CLIENT\DEBUG_SDK\ACHIEVEMENT_NOTIFICATION_PANEL.OBJ
D:\SOURCE-SDK-2011\SRC\GAME\CLIENT\DEBUG_SDK\ACHIEVEMENT_SAVERESTORE.OBJ
D:\SOURCE-SDK-2011\SRC\GAME\CLIENT\DEBUG_SDK\ACHIEVEMENTMGR.OBJ
D:\SOURCE-SDK-2011\SRC\GAME\CLIENT\DEBUG_SDK\ACTIVITYLIST.OBJ
D:\SOURCE-SDK-2011\SRC\GAME\CLIENT\DEBUG_SDK\AI_CRITERIA.OBJ
D:\SOURCE-SDK-2011\SRC\GAME\CLIENT\DEBUG_SDK\AI_RESPONSESYSTEM.OBJ
D:\SOURCE-SDK-2011\SRC\GAME\CLIENT\DEBUG_SDK\AI_SPEECHCONCEPT.OBJ
D:\SOURCE-SDK-2011\SRC\GAME\CLIENT\DEBUG_SDK\AMMODEF.OBJ
D:\SOURCE-SDK-2011\SRC\GAME\CLIENT\DEBUG_SDK\ANIMATEDENTITYTEXTUREPROXY.OBJ
D:\SOURCE-SDK-2011\SRC\GAME\CLIENT\DEBUG_SDK\ANIMATEDOFFSETTEXTUREPROXY.OBJ
D:\SOURCE-SDK-2011\SRC\GAME\CLIENT\DEBUG_SDK\ANIMATEDTEXTUREPROXY.OBJ
D:\SOURCE-SDK-2011\SRC\GAME\CLIENT\DEBUG_SDK\ANIMATESPECIFICTEXTUREPROXY.OBJ
D:\SOURCE-SDK-2011\SRC\GAME\CLIENT\DEBUG_SDK\ANIMATION.OBJ
D:\SOURCE-SDK-2011\SRC\GAME\CLIENT\DEBUG_SDK\BACKGROUNDMENUBUTTON.OBJ
D:\SOURCE-SDK-2011\SRC\GAME\CLIENT\DEBUG_SDK\BASE_PLAYERANIMSTATE.OBJ
D:\SOURCE-SDK-2011\SRC\GAME\CLIENT\DEBUG_SDK\BASEACHIEVEMENT.OBJ
D:\SOURCE-SDK-2011\SRC\GAME\CLIENT\DEBUG_SDK\BASEANIMATEDTEXTUREPROXY.OBJ
D:\SOURCE-SDK-2011\SRC\GAME\CLIENT\DEBUG_SDK\BASECLIENTRENDERTARGETS.OBJ
D:\SOURCE-SDK-2011\SRC\GAME\CLIENT\DEBUG_SDK\BASECOMBATCHARACTER_SHARED.OBJ
D:\SOURCE-SDK-2011\SRC\GAME\CLIENT\DEBUG_SDK\BASECOMBATWEAPON_SHARED.OBJ
D:\SOURCE-SDK-2011\SRC\GAME\CLIENT\DEBUG_SDK\BASEENTITY_SHARED.OBJ
D:\SOURCE-SDK-2011\SRC\GAME\CLIENT\DEBUG_SDK\BASEGRENADE_SHARED.OBJ
D:\SOURCE-SDK-2011\SRC\GAME\CLIENT\DEBUG_SDK\BASEMODFRAME.OBJ
D:\SOURCE-SDK-2011\SRC\GAME\CLIENT\DEBUG_SDK\BASEMODPANEL.OBJ
D:\SOURCE-SDK-2011\SRC\GAME\CLIENT\DEBUG_SDK\BASEPARTICLEENTITY.OBJ
D:\SOURCE-SDK-2011\SRC\GAME\CLIENT\DEBUG_SDK\BASEPLAYER_SHARED.OBJ
D:\SOURCE-SDK-2011\SRC\GAME\CLIENT\DEBUG_SDK\BASESAVEGAMEDIALOG.OBJ
D:\SOURCE-SDK-2011\SRC\GAME\CLIENT\DEBUG_SDK\BASEVIEWMODEL_SHARED.OBJ
D:\SOURCE-SDK-2011\SRC\GAME\CLIENT\DEBUG_SDK\BASEVIEWPORT.OBJ
D:\SOURCE-SDK-2011\SRC\GAME\CLIENT\DEBUG_SDK\BEAM_SHARED.OBJ
D:\SOURCE-SDK-2011\SRC\GAME\CLIENT\DEBUG_SDK\BEAMDRAW.OBJ
D:\SOURCE-SDK-2011\SRC\GAME\CLIENT\DEBUG_SDK\BITMAPIMAGEPANEL.OBJ
D:\SOURCE-SDK-2011\SRC\GAME\CLIENT\DEBUG_SDK\BLACKBOX_HELPER.OBJ
D:\SOURCE-SDK-2011\SRC\GAME\CLIENT\DEBUG_SDK\BONE_ACCESSOR.OBJ
D:\SOURCE-SDK-2011\SRC\GAME\CLIENT\DEBUG_SDK\BONE_MERGE_CACHE.OBJ
D:\SOURCE-SDK-2011\SRC\GAME\CLIENT\DEBUG_SDK\BONELIST.OBJ
D:\SOURCE-SDK-2011\SRC\GAME\CLIENT\DEBUG_SDK\C_AI_BASEHUMANOID.OBJ
D:\SOURCE-SDK-2011\SRC\GAME\CLIENT\DEBUG_SDK\C_AI_BASENPC.OBJ
D:\SOURCE-SDK-2011\SRC\GAME\CLIENT\DEBUG_SDK\C_BASEANIMATING.OBJ
D:\SOURCE-SDK-2011\SRC\GAME\CLIENT\DEBUG_SDK\C_BASEANIMATINGOVERLAY.OBJ
D:\SOURCE-SDK-2011\SRC\GAME\CLIENT\DEBUG_SDK\C_BASECOMBATCHARACTER.OBJ
D:\SOURCE-SDK-2011\SRC\GAME\CLIENT\DEBUG_SDK\C_BASECOMBATWEAPON.OBJ
D:\SOURCE-SDK-2011\SRC\GAME\CLIENT\DEBUG_SDK\C_BASEDOOR.OBJ
D:\SOURCE-SDK-2011\SRC\GAME\CLIENT\DEBUG_SDK\C_BASEENTITY.OBJ
D:\SOURCE-SDK-2011\SRC\GAME\CLIENT\DEBUG_SDK\C_BASEFLEX.OBJ
D:\SOURCE-SDK-2011\SRC\GAME\CLIENT\DEBUG_SDK\C_BASELESSON.OBJ
D:\SOURCE-SDK-2011\SRC\GAME\CLIENT\DEBUG_SDK\C_BASEPLAYER.OBJ
D:\SOURCE-SDK-2011\SRC\GAME\CLIENT\DEBUG_SDK\C_BASETEMPENTITY.OBJ
D:\SOURCE-SDK-2011\SRC\GAME\CLIENT\DEBUG_SDK\C_BASETOGGLE.OBJ
D:\SOURCE-SDK-2011\SRC\GAME\CLIENT\DEBUG_SDK\C_BASEVIEWMODEL.OBJ
D:\SOURCE-SDK-2011\SRC\GAME\CLIENT\DEBUG_SDK\C_BEAMSPOTLIGHT.OBJ
D:\SOURCE-SDK-2011\SRC\GAME\CLIENT\DEBUG_SDK\C_BREAKABLEPROP.OBJ
D:\SOURCE-SDK-2011\SRC\GAME\CLIENT\DEBUG_SDK\C_COLORCORRECTION.OBJ
D:\SOURCE-SDK-2011\SRC\GAME\CLIENT\DEBUG_SDK\C_COLORCORRECTIONVOLUME.OBJ
D:\SOURCE-SDK-2011\SRC\GAME\CLIENT\DEBUG_SDK\C_DYNAMICLIGHT.OBJ
D:\SOURCE-SDK-2011\SRC\GAME\CLIENT\DEBUG_SDK\C_EFFECTS.OBJ
D:\SOURCE-SDK-2011\SRC\GAME\CLIENT\DEBUG_SDK\C_ENTITYDISSOLVE.OBJ
D:\SOURCE-SDK-2011\SRC\GAME\CLIENT\DEBUG_SDK\C_ENTITYFLAME.OBJ
D:\SOURCE-SDK-2011\SRC\GAME\CLIENT\DEBUG_SDK\C_ENTITYFREEZING.OBJ
D:\SOURCE-SDK-2011\SRC\GAME\CLIENT\DEBUG_SDK\C_ENTITYPARTICLETRAIL.OBJ
D:\SOURCE-SDK-2011\SRC\GAME\CLIENT\DEBUG_SDK\C_ENV_AMBIENT_LIGHT.OBJ
D:\SOURCE-SDK-2011\SRC\GAME\CLIENT\DEBUG_SDK\C_ENV_DOF_CONTROLLER.OBJ
D:\SOURCE-SDK-2011\SRC\GAME\CLIENT\DEBUG_SDK\C_ENV_FOG_CONTROLLER.OBJ
D:\SOURCE-SDK-2011\SRC\GAME\CLIENT\DEBUG_SDK\C_ENV_GLOBAL_LIGHT.OBJ
D:\SOURCE-SDK-2011\SRC\GAME\CLIENT\DEBUG_SDK\C_ENV_PARTICLESCRIPT.OBJ
D:\SOURCE-SDK-2011\SRC\GAME\CLIENT\DEBUG_SDK\C_ENV_PROJECTEDTEXTURE.OBJ
D:\SOURCE-SDK-2011\SRC\GAME\CLIENT\DEBUG_SDK\C_ENV_SCREENOVERLAY.OBJ
D:\SOURCE-SDK-2011\SRC\GAME\CLIENT\DEBUG_SDK\C_ENV_TONEMAP_CONTROLLER.OBJ
D:\SOURCE-SDK-2011\SRC\GAME\CLIENT\DEBUG_SDK\C_FIRE_SMOKE.OBJ
D:\SOURCE-SDK-2011\SRC\GAME\CLIENT\DEBUG_SDK\C_FISH.OBJ
D:\SOURCE-SDK-2011\SRC\GAME\CLIENT\DEBUG_SDK\C_FUNC_AREAPORTALWINDOW.OBJ
D:\SOURCE-SDK-2011\SRC\GAME\CLIENT\DEBUG_SDK\C_FUNC_BREAKABLESURF.OBJ
D:\SOURCE-SDK-2011\SRC\GAME\CLIENT\DEBUG_SDK\C_FUNC_BRUSH.OBJ
D:\SOURCE-SDK-2011\SRC\GAME\CLIENT\DEBUG_SDK\C_FUNC_CONVEYOR.OBJ
D:\SOURCE-SDK-2011\SRC\GAME\CLIENT\DEBUG_SDK\C_FUNC_DUST.OBJ
D:\SOURCE-SDK-2011\SRC\GAME\CLIENT\DEBUG_SDK\C_FUNC_LOD.OBJ
D:\SOURCE-SDK-2011\SRC\GAME\CLIENT\DEBUG_SDK\C_FUNC_MONITOR.OBJ
D:\SOURCE-SDK-2011\SRC\GAME\CLIENT\DEBUG_SDK\C_FUNC_MOVELINEAR.OBJ
D:\SOURCE-SDK-2011\SRC\GAME\CLIENT\DEBUG_SDK\C_FUNC_OCCLUDER.OBJ
D:\SOURCE-SDK-2011\SRC\GAME\CLIENT\DEBUG_SDK\C_FUNC_REFLECTIVE_GLASS.OBJ
D:\SOURCE-SDK-2011\SRC\GAME\CLIENT\DEBUG_SDK\C_FUNC_ROTATING.OBJ
D:\SOURCE-SDK-2011\SRC\GAME\CLIENT\DEBUG_SDK\C_FUNC_SMOKEVOLUME.OBJ
D:\SOURCE-SDK-2011\SRC\GAME\CLIENT\DEBUG_SDK\C_FUNC_TRACKTRAIN.OBJ
D:\SOURCE-SDK-2011\SRC\GAME\CLIENT\DEBUG_SDK\C_GAMEINSTRUCTOR.OBJ
D:\SOURCE-SDK-2011\SRC\GAME\CLIENT\DEBUG_SDK\C_GIB.OBJ
D:\SOURCE-SDK-2011\SRC\GAME\CLIENT\DEBUG_SDK\C_HAIRBALL.OBJ
D:\SOURCE-SDK-2011\SRC\GAME\CLIENT\DEBUG_SDK\C_IMPACT_EFFECTS.OBJ
D:\SOURCE-SDK-2011\SRC\GAME\CLIENT\DEBUG_SDK\C_INFO_OVERLAY_ACCESSOR.OBJ
D:\SOURCE-SDK-2011\SRC\GAME\CLIENT\DEBUG_SDK\C_LIGHTGLOW.OBJ
D:\SOURCE-SDK-2011\SRC\GAME\CLIENT\DEBUG_SDK\C_MATERIALMODIFYCONTROL.OBJ
D:\SOURCE-SDK-2011\SRC\GAME\CLIENT\DEBUG_SDK\C_MOVIE_DISPLAY.OBJ
D:\SOURCE-SDK-2011\SRC\GAME\CLIENT\DEBUG_SDK\C_MOVIE_EXPLOSION.OBJ
D:\SOURCE-SDK-2011\SRC\GAME\CLIENT\DEBUG_SDK\C_PARTICLE_FIRE.OBJ
D:\SOURCE-SDK-2011\SRC\GAME\CLIENT\DEBUG_SDK\C_PARTICLE_SMOKEGRENADE.OBJ
D:\SOURCE-SDK-2011\SRC\GAME\CLIENT\DEBUG_SDK\C_PARTICLE_SYSTEM.OBJ
D:\SOURCE-SDK-2011\SRC\GAME\CLIENT\DEBUG_SDK\C_PHYSBOX.OBJ
D:\SOURCE-SDK-2011\SRC\GAME\CLIENT\DEBUG_SDK\C_PHYSICS_PROP_STATUE.OBJ
D:\SOURCE-SDK-2011\SRC\GAME\CLIENT\DEBUG_SDK\C_PHYSICSPROP.OBJ
D:\SOURCE-SDK-2011\SRC\GAME\CLIENT\DEBUG_SDK\C_PHYSMAGNET.OBJ
D:\SOURCE-SDK-2011\SRC\GAME\CLIENT\DEBUG_SDK\C_PIXEL_VISIBILITY.OBJ
D:\SOURCE-SDK-2011\SRC\GAME\CLIENT\DEBUG_SDK\C_PLASMA.OBJ
D:\SOURCE-SDK-2011\SRC\GAME\CLIENT\DEBUG_SDK\C_PLAYERRESOURCE.OBJ
D:\SOURCE-SDK-2011\SRC\GAME\CLIENT\DEBUG_SDK\C_POINT_CAMERA.OBJ
D:\SOURCE-SDK-2011\SRC\GAME\CLIENT\DEBUG_SDK\C_POINT_COMMENTARY_NODE.OBJ
D:\SOURCE-SDK-2011\SRC\GAME\CLIENT\DEBUG_SDK\C_POSTPROCESSCONTROLLER.OBJ
D:\SOURCE-SDK-2011\SRC\GAME\CLIENT\DEBUG_SDK\C_PROP_HALLUCINATION.OBJ
D:\SOURCE-SDK-2011\SRC\GAME\CLIENT\DEBUG_SDK\C_PROP_VEHICLE.OBJ
D:\SOURCE-SDK-2011\SRC\GAME\CLIENT\DEBUG_SDK\C_PROPS.OBJ
D:\SOURCE-SDK-2011\SRC\GAME\CLIENT\DEBUG_SDK\C_RAGDOLL_MANAGER.OBJ
D:\SOURCE-SDK-2011\SRC\GAME\CLIENT\DEBUG_SDK\C_RECIPIENTFILTER.OBJ
D:\SOURCE-SDK-2011\SRC\GAME\CLIENT\DEBUG_SDK\C_ROPE.OBJ
D:\SOURCE-SDK-2011\SRC\GAME\CLIENT\DEBUG_SDK\C_RUMBLE.OBJ
D:\SOURCE-SDK-2011\SRC\GAME\CLIENT\DEBUG_SDK\C_SCENEENTITY.OBJ
D:\SOURCE-SDK-2011\SRC\GAME\CLIENT\DEBUG_SDK\C_SDK_LESSON.OBJ
D:\SOURCE-SDK-2011\SRC\GAME\CLIENT\DEBUG_SDK\C_SDK_PLAYER.OBJ
D:\SOURCE-SDK-2011\SRC\GAME\CLIENT\DEBUG_SDK\C_SHADOWCONTROL.OBJ
D:\SOURCE-SDK-2011\SRC\GAME\CLIENT\DEBUG_SDK\C_SLIDESHOW_DISPLAY.OBJ
D:\SOURCE-SDK-2011\SRC\GAME\CLIENT\DEBUG_SDK\C_SMOKE_TRAIL.OBJ
D:\SOURCE-SDK-2011\SRC\GAME\CLIENT\DEBUG_SDK\C_SMOKESTACK.OBJ
D:\SOURCE-SDK-2011\SRC\GAME\CLIENT\DEBUG_SDK\C_SOUNDSCAPE.OBJ
D:\SOURCE-SDK-2011\SRC\GAME\CLIENT\DEBUG_SDK\C_SPATIALENTITY.OBJ
D:\SOURCE-SDK-2011\SRC\GAME\CLIENT\DEBUG_SDK\C_SPOTLIGHT_END.OBJ
D:\SOURCE-SDK-2011\SRC\GAME\CLIENT\DEBUG_SDK\C_SPRITE.OBJ
D:\SOURCE-SDK-2011\SRC\GAME\CLIENT\DEBUG_SDK\C_SPRITE_PERFMONITOR.OBJ
D:\SOURCE-SDK-2011\SRC\GAME\CLIENT\DEBUG_SDK\C_STEAMJET.OBJ
D:\SOURCE-SDK-2011\SRC\GAME\CLIENT\DEBUG_SDK\C_STICKYBOLT.OBJ
D:\SOURCE-SDK-2011\SRC\GAME\CLIENT\DEBUG_SDK\C_SUN.OBJ
D:\SOURCE-SDK-2011\SRC\GAME\CLIENT\DEBUG_SDK\C_SUNLIGHTSHADOWCONTROL.OBJ
D:\SOURCE-SDK-2011\SRC\GAME\CLIENT\DEBUG_SDK\C_SURFACERENDER.OBJ
D:\SOURCE-SDK-2011\SRC\GAME\CLIENT\DEBUG_SDK\C_TE.OBJ
D:\SOURCE-SDK-2011\SRC\GAME\CLIENT\DEBUG_SDK\C_TE_ARMORRICOCHET.OBJ
D:\SOURCE-SDK-2011\SRC\GAME\CLIENT\DEBUG_SDK\C_TE_BASEBEAM.OBJ
D:\SOURCE-SDK-2011\SRC\GAME\CLIENT\DEBUG_SDK\C_TE_BEAMENTPOINT.OBJ
D:\SOURCE-SDK-2011\SRC\GAME\CLIENT\DEBUG_SDK\C_TE_BEAMENTS.OBJ
D:\SOURCE-SDK-2011\SRC\GAME\CLIENT\DEBUG_SDK\C_TE_BEAMFOLLOW.OBJ
D:\SOURCE-SDK-2011\SRC\GAME\CLIENT\DEBUG_SDK\C_TE_BEAMLASER.OBJ
D:\SOURCE-SDK-2011\SRC\GAME\CLIENT\DEBUG_SDK\C_TE_BEAMPOINTS.OBJ
D:\SOURCE-SDK-2011\SRC\GAME\CLIENT\DEBUG_SDK\C_TE_BEAMRING.OBJ
D:\SOURCE-SDK-2011\SRC\GAME\CLIENT\DEBUG_SDK\C_TE_BEAMRINGPOINT.OBJ
D:\SOURCE-SDK-2011\SRC\GAME\CLIENT\DEBUG_SDK\C_TE_BEAMSPLINE.OBJ
D:\SOURCE-SDK-2011\SRC\GAME\CLIENT\DEBUG_SDK\C_TE_BLOODSPRITE.OBJ
D:\SOURCE-SDK-2011\SRC\GAME\CLIENT\DEBUG_SDK\C_TE_BLOODSTREAM.OBJ
D:\SOURCE-SDK-2011\SRC\GAME\CLIENT\DEBUG_SDK\C_TE_BREAKMODEL.OBJ
D:\SOURCE-SDK-2011\SRC\GAME\CLIENT\DEBUG_SDK\C_TE_BSPDECAL.OBJ
D:\SOURCE-SDK-2011\SRC\GAME\CLIENT\DEBUG_SDK\C_TE_BUBBLES.OBJ
D:\SOURCE-SDK-2011\SRC\GAME\CLIENT\DEBUG_SDK\C_TE_BUBBLETRAIL.OBJ
D:\SOURCE-SDK-2011\SRC\GAME\CLIENT\DEBUG_SDK\C_TE_CLIENTPROJECTILE.OBJ
D:\SOURCE-SDK-2011\SRC\GAME\CLIENT\DEBUG_SDK\C_TE_DECAL.OBJ
D:\SOURCE-SDK-2011\SRC\GAME\CLIENT\DEBUG_SDK\C_TE_DYNAMICLIGHT.OBJ
D:\SOURCE-SDK-2011\SRC\GAME\CLIENT\DEBUG_SDK\C_TE_EFFECT_DISPATCH.OBJ
D:\SOURCE-SDK-2011\SRC\GAME\CLIENT\DEBUG_SDK\C_TE_ENERGYSPLASH.OBJ
D:\SOURCE-SDK-2011\SRC\GAME\CLIENT\DEBUG_SDK\C_TE_EXPLOSION.OBJ
D:\SOURCE-SDK-2011\SRC\GAME\CLIENT\DEBUG_SDK\C_TE_FIZZ.OBJ
D:\SOURCE-SDK-2011\SRC\GAME\CLIENT\DEBUG_SDK\C_TE_FOOTPRINT.OBJ
D:\SOURCE-SDK-2011\SRC\GAME\CLIENT\DEBUG_SDK\C_TE_GLASSSHATTER.OBJ
D:\SOURCE-SDK-2011\SRC\GAME\CLIENT\DEBUG_SDK\C_TE_GLOWSPRITE.OBJ
D:\SOURCE-SDK-2011\SRC\GAME\CLIENT\DEBUG_SDK\C_TE_IMPACT.OBJ
D:\SOURCE-SDK-2011\SRC\GAME\CLIENT\DEBUG_SDK\C_TE_KILLPLAYERATTACHMENTS.OBJ
D:\SOURCE-SDK-2011\SRC\GAME\CLIENT\DEBUG_SDK\C_TE_LARGEFUNNEL.OBJ
D:\SOURCE-SDK-2011\SRC\GAME\CLIENT\DEBUG_SDK\C_TE_LEGACYTEMPENTS.OBJ
D:\SOURCE-SDK-2011\SRC\GAME\CLIENT\DEBUG_SDK\C_TE_MUZZLEFLASH.OBJ
D:\SOURCE-SDK-2011\SRC\GAME\CLIENT\DEBUG_SDK\C_TE_PARTICLESYSTEM.OBJ
D:\SOURCE-SDK-2011\SRC\GAME\CLIENT\DEBUG_SDK\C_TE_PHYSICSPROP.OBJ
D:\SOURCE-SDK-2011\SRC\GAME\CLIENT\DEBUG_SDK\C_TE_PLAYERDECAL.OBJ
D:\SOURCE-SDK-2011\SRC\GAME\CLIENT\DEBUG_SDK\C_TE_PROJECTEDDECAL.OBJ
D:\SOURCE-SDK-2011\SRC\GAME\CLIENT\DEBUG_SDK\C_TE_SHOWLINE.OBJ
D:\SOURCE-SDK-2011\SRC\GAME\CLIENT\DEBUG_SDK\C_TE_SMOKE.OBJ
D:\SOURCE-SDK-2011\SRC\GAME\CLIENT\DEBUG_SDK\C_TE_SPARKS.OBJ
D:\SOURCE-SDK-2011\SRC\GAME\CLIENT\DEBUG_SDK\C_TE_SPRITE.OBJ
D:\SOURCE-SDK-2011\SRC\GAME\CLIENT\DEBUG_SDK\C_TE_SPRITESPRAY.OBJ
D:\SOURCE-SDK-2011\SRC\GAME\CLIENT\DEBUG_SDK\C_TE_WORLDDECAL.OBJ
D:\SOURCE-SDK-2011\SRC\GAME\CLIENT\DEBUG_SDK\C_TEAM.OBJ
D:\SOURCE-SDK-2011\SRC\GAME\CLIENT\DEBUG_SDK\C_TESLA.OBJ
D:\SOURCE-SDK-2011\SRC\GAME\CLIENT\DEBUG_SDK\C_TEST_PROXYTOGGLE.OBJ
D:\SOURCE-SDK-2011\SRC\GAME\CLIENT\DEBUG_SDK\C_TESTTRACELINE.OBJ
D:\SOURCE-SDK-2011\SRC\GAME\CLIENT\DEBUG_SDK\C_TRACER.OBJ
D:\SOURCE-SDK-2011\SRC\GAME\CLIENT\DEBUG_SDK\C_TRIGGERS.OBJ
D:\SOURCE-SDK-2011\SRC\GAME\CLIENT\DEBUG_SDK\C_USER_MESSAGE_REGISTER.OBJ
D:\SOURCE-SDK-2011\SRC\GAME\CLIENT\DEBUG_SDK\C_VEHICLE_CHOREO_GENERIC.OBJ
D:\SOURCE-SDK-2011\SRC\GAME\CLIENT\DEBUG_SDK\C_VEHICLE_JEEP.OBJ
D:\SOURCE-SDK-2011\SRC\GAME\CLIENT\DEBUG_SDK\C_VGUISCREEN.OBJ
D:\SOURCE-SDK-2011\SRC\GAME\CLIENT\DEBUG_SDK\C_WATERBULLET.OBJ
D:\SOURCE-SDK-2011\SRC\GAME\CLIENT\DEBUG_SDK\C_WATERLODCONTROL.OBJ
D:\SOURCE-SDK-2011\SRC\GAME\CLIENT\DEBUG_SDK\C_WORLD.OBJ
D:\SOURCE-SDK-2011\SRC\GAME\CLIENT\DEBUG_SDK\CAMOMATERIALPROXY.OBJ
D:\SOURCE-SDK-2011\SRC\GAME\CLIENT\DEBUG_SDK\CDLL_BOUNDED_CVARS.OBJ
D:\SOURCE-SDK-2011\SRC\GAME\CLIENT\DEBUG_SDK\CDLL_CLIENT_INT.OBJ
D:\SOURCE-SDK-2011\SRC\GAME\CLIENT\DEBUG_SDK\CDLL_UTIL.OBJ
D:\source-sdk-2011\src\game\client\Debug_sdk\cl.command.1.tlog
D:\source-sdk-2011\src\game\client\Debug_sdk\CL.read.1.tlog
D:\source-sdk-2011\src\game\client\Debug_sdk\CL.write.1.tlog
D:\SOURCE-SDK-2011\SRC\GAME\CLIENT\DEBUG_SDK\CL_MAT_STUB.OBJ
D:\SOURCE-SDK-2011\SRC\GAME\CLIENT\DEBUG_SDK\CLASSMAP.OBJ
D:\source-sdk-2011\src\game\client\Debug_sdk\Client (SDK).write.1.tlog
D:\SOURCE-SDK-2011\SRC\GAME\CLIENT\DEBUG_SDK\CLIENT.PCH
D:\SOURCE-SDK-2011\SRC\GAME\CLIENT\DEBUG_SDK\CLIENT.PDB
D:\SOURCE-SDK-2011\SRC\GAME\CLIENT\DEBUG_SDK\CLIENT_CLASS.OBJ
D:\SOURCE-SDK-2011\SRC\GAME\CLIENT\DEBUG_SDK\CLIENT_FACTORYLIST.OBJ
D:\SOURCE-SDK-2011\SRC\GAME\CLIENT\DEBUG_SDK\CLIENT_THINKLIST.OBJ
D:\SOURCE-SDK-2011\SRC\GAME\CLIENT\DEBUG_SDK\CLIENTALPHAPROPERTY.OBJ
D:\SOURCE-SDK-2011\SRC\GAME\CLIENT\DEBUG_SDK\CLIENTENTITYLIST.OBJ
D:\SOURCE-SDK-2011\SRC\GAME\CLIENT\DEBUG_SDK\CLIENTLEAFSYSTEM.OBJ
D:\SOURCE-SDK-2011\SRC\GAME\CLIENT\DEBUG_SDK\CLIENTMODE_SHARED.OBJ
D:\SOURCE-SDK-2011\SRC\GAME\CLIENT\DEBUG_SDK\CLIENTMODE_SKELETON.OBJ
D:\SOURCE-SDK-2011\SRC\GAME\CLIENT\DEBUG_SDK\CLIENTSCOREBOARDDIALOG.OBJ
D:\SOURCE-SDK-2011\SRC\GAME\CLIENT\DEBUG_SDK\CLIENTSHADOWMGR.OBJ
D:\SOURCE-SDK-2011\SRC\GAME\CLIENT\DEBUG_SDK\CLIENTSIDEEFFECTS.OBJ
D:\SOURCE-SDK-2011\SRC\GAME\CLIENT\DEBUG_SDK\CLIENTSIDEEFFECTS_TEST.OBJ
D:\SOURCE-SDK-2011\SRC\GAME\CLIENT\DEBUG_SDK\CLOSEDCAPTIONS.OBJ
D:\SOURCE-SDK-2011\SRC\GAME\CLIENT\DEBUG_SDK\COLLISIONPROPERTY.OBJ
D:\SOURCE-SDK-2011\SRC\GAME\CLIENT\DEBUG_SDK\COLLISIONUTILS.OBJ
D:\SOURCE-SDK-2011\SRC\GAME\CLIENT\DEBUG_SDK\COLORCORRECTIONMGR.OBJ
D:\SOURCE-SDK-2011\SRC\GAME\CLIENT\DEBUG_SDK\COMMANDCHECKBUTTON.OBJ
D:\SOURCE-SDK-2011\SRC\GAME\CLIENT\DEBUG_SDK\COMMANDMENU.OBJ
D:\SOURCE-SDK-2011\SRC\GAME\CLIENT\DEBUG_SDK\COMMENTARY_MODELVIEWER.OBJ
D:\SOURCE-SDK-2011\SRC\GAME\CLIENT\DEBUG_SDK\COMPILEDCAPTIONSWAP.OBJ
D:\SOURCE-SDK-2011\SRC\GAME\CLIENT\DEBUG_SDK\CONTENTCONTROLDIALOG.OBJ
D:\SOURCE-SDK-2011\SRC\GAME\CLIENT\DEBUG_SDK\CONVARPROXY.OBJ
D:\SOURCE-SDK-2011\SRC\GAME\CLIENT\DEBUG_SDK\CREATEMULTIPLAYERGAMEBOTPAGE.OBJ
D:\SOURCE-SDK-2011\SRC\GAME\CLIENT\DEBUG_SDK\CREATEMULTIPLAYERGAMEDIALOG.OBJ
D:\SOURCE-SDK-2011\SRC\GAME\CLIENT\DEBUG_SDK\CREATEMULTIPLAYERGAMEGAMEPLAYPAGE.OBJ
D:\SOURCE-SDK-2011\SRC\GAME\CLIENT\DEBUG_SDK\CREATEMULTIPLAYERGAMESERVERPAGE.OBJ
D:\SOURCE-SDK-2011\SRC\GAME\CLIENT\DEBUG_SDK\CRTMEMDEBUG.OBJ
D:\SOURCE-SDK-2011\SRC\GAME\CLIENT\DEBUG_SDK\CUSTOMTABEXPLANATIONDIALOG.OBJ
D:\SOURCE-SDK-2011\SRC\GAME\CLIENT\DEBUG_SDK\CVARNEGATECHECKBUTTON.OBJ
D:\SOURCE-SDK-2011\SRC\GAME\CLIENT\DEBUG_SDK\CVARSLIDER.OBJ
D:\SOURCE-SDK-2011\SRC\GAME\CLIENT\DEBUG_SDK\CVARTEXTENTRY.OBJ
D:\SOURCE-SDK-2011\SRC\GAME\CLIENT\DEBUG_SDK\CVARTOGGLECHECKBUTTON.OBJ
D:\SOURCE-SDK-2011\SRC\GAME\CLIENT\DEBUG_SDK\CYCLEPROXY.OBJ
D:\SOURCE-SDK-2011\SRC\GAME\CLIENT\DEBUG_SDK\DEATH_POSE.OBJ
D:\SOURCE-SDK-2011\SRC\GAME\CLIENT\DEBUG_SDK\DEBUG_DLL_CHECK.OBJ
D:\SOURCE-SDK-2011\SRC\GAME\CLIENT\DEBUG_SDK\DEBUGOVERLAY_SHARED.OBJ
D:\SOURCE-SDK-2011\SRC\GAME\CLIENT\DEBUG_SDK\DECALS.OBJ
D:\SOURCE-SDK-2011\SRC\GAME\CLIENT\DEBUG_SDK\DETAILOBJECTSYSTEM.OBJ
D:\SOURCE-SDK-2011\SRC\GAME\CLIENT\DEBUG_SDK\DGB_PATCH.OBJ
D:\SOURCE-SDK-2011\SRC\GAME\CLIENT\DEBUG_SDK\DT_RECV.OBJ
D:\SOURCE-SDK-2011\SRC\GAME\CLIENT\DEBUG_SDK\DT_UTLVECTOR_COMMON.OBJ
D:\SOURCE-SDK-2011\SRC\GAME\CLIENT\DEBUG_SDK\DT_UTLVECTOR_RECV.OBJ
D:\SOURCE-SDK-2011\SRC\GAME\CLIENT\DEBUG_SDK\DUMMYPROXY.OBJ
D:\SOURCE-SDK-2011\SRC\GAME\CLIENT\DEBUG_SDK\EFFECT_DISPATCH_DATA.OBJ
D:\SOURCE-SDK-2011\SRC\GAME\CLIENT\DEBUG_SDK\EFFECTSCLIENT.OBJ
D:\SOURCE-SDK-2011\SRC\GAME\CLIENT\DEBUG_SDK\EHANDLE.OBJ
D:\SOURCE-SDK-2011\SRC\GAME\CLIENT\DEBUG_SDK\ENTITY_CLIENT_TOOLS.OBJ
D:\SOURCE-SDK-2011\SRC\GAME\CLIENT\DEBUG_SDK\ENTITYLIST_BASE.OBJ
D:\SOURCE-SDK-2011\SRC\GAME\CLIENT\DEBUG_SDK\ENTITYORIGINMATERIALPROXY.OBJ
D:\SOURCE-SDK-2011\SRC\GAME\CLIENT\DEBUG_SDK\ENTITYPARTICLETRAIL_SHARED.OBJ
D:\SOURCE-SDK-2011\SRC\GAME\CLIENT\DEBUG_SDK\ENV_DETAIL_CONTROLLER.OBJ
D:\SOURCE-SDK-2011\SRC\GAME\CLIENT\DEBUG_SDK\ENV_WIND_SHARED.OBJ
D:\SOURCE-SDK-2011\SRC\GAME\CLIENT\DEBUG_SDK\EVENTLIST.OBJ
D:\SOURCE-SDK-2011\SRC\GAME\CLIENT\DEBUG_SDK\FILESYSTEM_HELPERS.OBJ
D:\SOURCE-SDK-2011\SRC\GAME\CLIENT\DEBUG_SDK\FLASHLIGHTEFFECT.OBJ
D:\SOURCE-SDK-2011\SRC\GAME\CLIENT\DEBUG_SDK\FOUNDRYHELPERS_CLIENT.OBJ
D:\SOURCE-SDK-2011\SRC\GAME\CLIENT\DEBUG_SDK\FUNC_LADDER.OBJ
D:\SOURCE-SDK-2011\SRC\GAME\CLIENT\DEBUG_SDK\FUNCTIONPROXY.OBJ
D:\SOURCE-SDK-2011\SRC\GAME\CLIENT\DEBUG_SDK\FX.OBJ
D:\SOURCE-SDK-2011\SRC\GAME\CLIENT\DEBUG_SDK\FX_BLOOD.OBJ
D:\SOURCE-SDK-2011\SRC\GAME\CLIENT\DEBUG_SDK\FX_CUBE.OBJ
D:\SOURCE-SDK-2011\SRC\GAME\CLIENT\DEBUG_SDK\FX_DISCREETLINE.OBJ
D:\SOURCE-SDK-2011\SRC\GAME\CLIENT\DEBUG_SDK\FX_ENVELOPE.OBJ
D:\SOURCE-SDK-2011\SRC\GAME\CLIENT\DEBUG_SDK\FX_EXPLOSION.OBJ
D:\SOURCE-SDK-2011\SRC\GAME\CLIENT\DEBUG_SDK\FX_FLECK.OBJ
D:\SOURCE-SDK-2011\SRC\GAME\CLIENT\DEBUG_SDK\FX_IMPACT.OBJ
D:\SOURCE-SDK-2011\SRC\GAME\CLIENT\DEBUG_SDK\FX_INTERPVALUE.OBJ
D:\SOURCE-SDK-2011\SRC\GAME\CLIENT\DEBUG_SDK\FX_LINE.OBJ
D:\SOURCE-SDK-2011\SRC\GAME\CLIENT\DEBUG_SDK\FX_QUAD.OBJ
D:\SOURCE-SDK-2011\SRC\GAME\CLIENT\DEBUG_SDK\FX_SHELLEJECT.OBJ
D:\SOURCE-SDK-2011\SRC\GAME\CLIENT\DEBUG_SDK\FX_SPARKS.OBJ
D:\SOURCE-SDK-2011\SRC\GAME\CLIENT\DEBUG_SDK\FX_STATICLINE.OBJ
D:\SOURCE-SDK-2011\SRC\GAME\CLIENT\DEBUG_SDK\FX_TRACER.OBJ
D:\SOURCE-SDK-2011\SRC\GAME\CLIENT\DEBUG_SDK\FX_TRAIL.OBJ
D:\SOURCE-SDK-2011\SRC\GAME\CLIENT\DEBUG_SDK\FX_WATER.OBJ
D:\SOURCE-SDK-2011\SRC\GAME\CLIENT\DEBUG_SDK\GAME_TIMESCALE_SHARED.OBJ
D:\SOURCE-SDK-2011\SRC\GAME\CLIENT\DEBUG_SDK\GAMECONSOLE.OBJ
D:\SOURCE-SDK-2011\SRC\GAME\CLIENT\DEBUG_SDK\GAMECONSOLEDIALOG.OBJ
D:\SOURCE-SDK-2011\SRC\GAME\CLIENT\DEBUG_SDK\GAMEMODES.OBJ
D:\SOURCE-SDK-2011\SRC\GAME\CLIENT\DEBUG_SDK\GAMEMOVEMENT.OBJ
D:\SOURCE-SDK-2011\SRC\GAME\CLIENT\DEBUG_SDK\GAMERULES.OBJ
D:\SOURCE-SDK-2011\SRC\GAME\CLIENT\DEBUG_SDK\GAMERULES_REGISTER.OBJ
D:\SOURCE-SDK-2011\SRC\GAME\CLIENT\DEBUG_SDK\GAMESTATS.OBJ
D:\SOURCE-SDK-2011\SRC\GAME\CLIENT\DEBUG_SDK\GAMESTRINGPOOL.OBJ
D:\SOURCE-SDK-2011\SRC\GAME\CLIENT\DEBUG_SDK\GAMETRACE_CLIENT.OBJ
D:\SOURCE-SDK-2011\SRC\GAME\CLIENT\DEBUG_SDK\GAMEUI_INTERFACE.OBJ
D:\SOURCE-SDK-2011\SRC\GAME\CLIENT\DEBUG_SDK\GAMEUI_UTIL.OBJ
D:\SOURCE-SDK-2011\SRC\GAME\CLIENT\DEBUG_SDK\GAMEVARS_SHARED.OBJ
D:\SOURCE-SDK-2011\SRC\GAME\CLIENT\DEBUG_SDK\GLOW_OUTLINE_EFFECT.OBJ
D:\SOURCE-SDK-2011\SRC\GAME\CLIENT\DEBUG_SDK\GLOW_OVERLAY.OBJ
D:\SOURCE-SDK-2011\SRC\GAME\CLIENT\DEBUG_SDK\HINTMESSAGE.OBJ
D:\SOURCE-SDK-2011\SRC\GAME\CLIENT\DEBUG_SDK\HINTSYSTEM.OBJ
D:\SOURCE-SDK-2011\SRC\GAME\CLIENT\DEBUG_SDK\HISTORY_RESOURCE.OBJ
D:\SOURCE-SDK-2011\SRC\GAME\CLIENT\DEBUG_SDK\HLTVCAMERA.OBJ
D:\SOURCE-SDK-2011\SRC\GAME\CLIENT\DEBUG_SDK\HUD.OBJ
D:\SOURCE-SDK-2011\SRC\GAME\CLIENT\DEBUG_SDK\HUD_BASECHAT.OBJ
D:\SOURCE-SDK-2011\SRC\GAME\CLIENT\DEBUG_SDK\HUD_BASETIMER.OBJ
D:\SOURCE-SDK-2011\SRC\GAME\CLIENT\DEBUG_SDK\HUD_BITMAPNUMERICDISPLAY.OBJ
D:\SOURCE-SDK-2011\SRC\GAME\CLIENT\DEBUG_SDK\HUD_CLOSECAPTION.OBJ
D:\SOURCE-SDK-2011\SRC\GAME\CLIENT\DEBUG_SDK\HUD_CROSSHAIR.OBJ
D:\SOURCE-SDK-2011\SRC\GAME\CLIENT\DEBUG_SDK\HUD_ELEMENT_HELPER.OBJ
D:\SOURCE-SDK-2011\SRC\GAME\CLIENT\DEBUG_SDK\HUD_LCD.OBJ
D:\SOURCE-SDK-2011\SRC\GAME\CLIENT\DEBUG_SDK\HUD_LOCATOR_TARGET.OBJ
D:\SOURCE-SDK-2011\SRC\GAME\CLIENT\DEBUG_SDK\HUD_MSG.OBJ
D:\SOURCE-SDK-2011\SRC\GAME\CLIENT\DEBUG_SDK\HUD_NUMERICDISPLAY.OBJ
D:\SOURCE-SDK-2011\SRC\GAME\CLIENT\DEBUG_SDK\HUD_PDUMP.OBJ
D:\SOURCE-SDK-2011\SRC\GAME\CLIENT\DEBUG_SDK\HUD_REDRAW.OBJ
D:\SOURCE-SDK-2011\SRC\GAME\CLIENT\DEBUG_SDK\ICONPANEL.OBJ
D:\SOURCE-SDK-2011\SRC\GAME\CLIENT\DEBUG_SDK\IGAMESYSTEM.OBJ
D:\SOURCE-SDK-2011\SRC\GAME\CLIENT\DEBUG_SDK\IN_CAMERA.OBJ
D:\SOURCE-SDK-2011\SRC\GAME\CLIENT\DEBUG_SDK\IN_JOYSTICK.OBJ
D:\SOURCE-SDK-2011\SRC\GAME\CLIENT\DEBUG_SDK\IN_MAIN.OBJ
D:\SOURCE-SDK-2011\SRC\GAME\CLIENT\DEBUG_SDK\IN_MOUSE.OBJ
D:\SOURCE-SDK-2011\SRC\GAME\CLIENT\DEBUG_SDK\IN_TRACKIR.OBJ
D:\SOURCE-SDK-2011\SRC\GAME\CLIENT\DEBUG_SDK\INITIALIZER.OBJ
D:\SOURCE-SDK-2011\SRC\GAME\CLIENT\DEBUG_SDK\INTERPOLATEDVAR.OBJ
D:\SOURCE-SDK-2011\SRC\GAME\CLIENT\DEBUG_SDK\INTERPOLATORTYPES.OBJ
D:\SOURCE-SDK-2011\SRC\GAME\CLIENT\DEBUG_SDK\INTROMENU.OBJ
D:\SOURCE-SDK-2011\SRC\GAME\CLIENT\DEBUG_SDK\ISNPCPROXY.OBJ
D:\SOURCE-SDK-2011\SRC\GAME\CLIENT\DEBUG_SDK\JIGGLEBONES.OBJ
D:\SOURCE-SDK-2011\SRC\GAME\CLIENT\DEBUG_SDK\KEYTOGGLECHECKBUTTON.OBJ
D:\SOURCE-SDK-2011\SRC\GAME\CLIENT\DEBUG_SDK\KEYVALUES.OBJ
D:\SOURCE-SDK-2011\SRC\GAME\CLIENT\DEBUG_SDK\LABELEDCOMMANDCOMBOBOX.OBJ
D:\SOURCE-SDK-2011\SRC\GAME\CLIENT\DEBUG_SDK\LAMPBEAMPROXY.OBJ
D:\SOURCE-SDK-2011\SRC\GAME\CLIENT\DEBUG_SDK\LAMPHALOPROXY.OBJ
D:\SOURCE-SDK-2011\SRC\GAME\CLIENT\DEBUG_SDK\LANGUAGE.OBJ
D:\source-sdk-2011\src\game\client\Debug_sdk\link.14704.read.1.tlog
D:\source-sdk-2011\src\game\client\Debug_sdk\link.14704.write.1.tlog
D:\source-sdk-2011\src\game\client\Debug_sdk\link.26420.read.1.tlog
D:\source-sdk-2011\src\game\client\Debug_sdk\link.26420.write.1.tlog
D:\source-sdk-2011\src\game\client\Debug_sdk\link.31920.read.1.tlog
D:\source-sdk-2011\src\game\client\Debug_sdk\link.31920.write.1.tlog
D:\source-sdk-2011\src\game\client\Debug_sdk\link.32576.read.1.tlog
D:\source-sdk-2011\src\game\client\Debug_sdk\link.32576.write.1.tlog
D:\source-sdk-2011\src\game\client\Debug_sdk\link.35672.read.1.tlog
D:\source-sdk-2011\src\game\client\Debug_sdk\link.35672.write.1.tlog
D:\source-sdk-2011\src\game\client\Debug_sdk\link.52628.read.1.tlog
D:\source-sdk-2011\src\game\client\Debug_sdk\link.52628.write.1.tlog
D:\source-sdk-2011\src\game\client\Debug_sdk\link.57148.read.1.tlog
D:\source-sdk-2011\src\game\client\Debug_sdk\link.57148.write.1.tlog
D:\source-sdk-2011\src\game\client\Debug_sdk\link.61532.read.1.tlog
D:\source-sdk-2011\src\game\client\Debug_sdk\link.61532.write.1.tlog
D:\source-sdk-2011\src\game\client\Debug_sdk\link.61964.read.1.tlog
D:\source-sdk-2011\src\game\client\Debug_sdk\link.61964.write.1.tlog
D:\source-sdk-2011\src\game\client\Debug_sdk\link.64396.read.1.tlog
D:\source-sdk-2011\src\game\client\Debug_sdk\link.64396.write.1.tlog
D:\source-sdk-2011\src\game\client\Debug_sdk\link.command.1.tlog
D:\source-sdk-2011\src\game\client\Debug_sdk\link.read.1.tlog
D:\source-sdk-2011\src\game\client\Debug_sdk\link.write.1.tlog
D:\SOURCE-SDK-2011\SRC\GAME\CLIENT\DEBUG_SDK\LOADINGDIALOG.OBJ
D:\SOURCE-SDK-2011\SRC\GAME\CLIENT\DEBUG_SDK\LOADINGTIPPANEL.OBJ
D:\SOURCE-SDK-2011\SRC\GAME\CLIENT\DEBUG_SDK\LOGOFILE.OBJ
D:\SOURCE-SDK-2011\SRC\GAME\CLIENT\DEBUG_SDK\MAPENTITIES_SHARED.OBJ
D:\SOURCE-SDK-2011\SRC\GAME\CLIENT\DEBUG_SDK\MAPOVERVIEW.OBJ
D:\SOURCE-SDK-2011\SRC\GAME\CLIENT\DEBUG_SDK\MATERIALPROXYDICT.OBJ
D:\SOURCE-SDK-2011\SRC\GAME\CLIENT\DEBUG_SDK\MATERIALSYSTEMUTIL.OBJ
D:\SOURCE-SDK-2011\SRC\GAME\CLIENT\DEBUG_SDK\MATHPROXY.OBJ
D:\SOURCE-SDK-2011\SRC\GAME\CLIENT\DEBUG_SDK\MATRIXPROXY.OBJ
D:\SOURCE-SDK-2011\SRC\GAME\CLIENT\DEBUG_SDK\MEMOVERRIDE.OBJ
D:\SOURCE-SDK-2011\SRC\GAME\CLIENT\DEBUG_SDK\MENU.OBJ
D:\SOURCE-SDK-2011\SRC\GAME\CLIENT\DEBUG_SDK\MESSAGE.OBJ
D:\SOURCE-SDK-2011\SRC\GAME\CLIENT\DEBUG_SDK\MODELRENDERSYSTEM.OBJ
D:\SOURCE-SDK-2011\SRC\GAME\CLIENT\DEBUG_SDK\MODINFO.OBJ
D:\SOURCE-SDK-2011\SRC\GAME\CLIENT\DEBUG_SDK\MOUSEMESSAGEFORWARDINGPANEL.OBJ
D:\SOURCE-SDK-2011\SRC\GAME\CLIENT\DEBUG_SDK\MOVEHELPER_CLIENT.OBJ
D:\SOURCE-SDK-2011\SRC\GAME\CLIENT\DEBUG_SDK\MOVEVARS_SHARED.OBJ
D:\SOURCE-SDK-2011\SRC\GAME\CLIENT\DEBUG_SDK\MP_SHAREDDEFS.OBJ
D:\SOURCE-SDK-2011\SRC\GAME\CLIENT\DEBUG_SDK\MP3PLAYER.OBJ
D:\SOURCE-SDK-2011\SRC\GAME\CLIENT\DEBUG_SDK\MULTIPLAY_GAMERULES.OBJ
D:\SOURCE-SDK-2011\SRC\GAME\CLIENT\DEBUG_SDK\MULTIPLAYERADVANCEDDIALOG.OBJ
D:\SOURCE-SDK-2011\SRC\GAME\CLIENT\DEBUG_SDK\NAVPROGRESS.OBJ
D:\SOURCE-SDK-2011\SRC\GAME\CLIENT\DEBUG_SDK\NB_BUTTON.OBJ
D:\SOURCE-SDK-2011\SRC\GAME\CLIENT\DEBUG_SDK\NB_HEADER_FOOTER.OBJ
D:\SOURCE-SDK-2011\SRC\GAME\CLIENT\DEBUG_SDK\NB_HORIZ_LIST.OBJ
D:\SOURCE-SDK-2011\SRC\GAME\CLIENT\DEBUG_SDK\NB_ISLAND.OBJ
D:\SOURCE-SDK-2011\SRC\GAME\CLIENT\DEBUG_SDK\NB_SELECT_SAVE_ENTRY.OBJ
D:\SOURCE-SDK-2011\SRC\GAME\CLIENT\DEBUG_SDK\NB_SELECT_SAVE_PANEL.OBJ
D:\SOURCE-SDK-2011\SRC\GAME\CLIENT\DEBUG_SDK\NETWORKVAR.OBJ
D:\SOURCE-SDK-2011\SRC\GAME\CLIENT\DEBUG_SDK\OBJECT_MOTION_BLUR_EFFECT.OBJ
D:\SOURCE-SDK-2011\SRC\GAME\CLIENT\DEBUG_SDK\OBSTACLE_PUSHAWAY.OBJ
D:\SOURCE-SDK-2011\SRC\GAME\CLIENT\DEBUG_SDK\OPTIONSDIALOG.OBJ
D:\SOURCE-SDK-2011\SRC\GAME\CLIENT\DEBUG_SDK\OPTIONSSUBAUDIO.OBJ
D:\SOURCE-SDK-2011\SRC\GAME\CLIENT\DEBUG_SDK\OPTIONSSUBDIFFICULTY.OBJ
D:\SOURCE-SDK-2011\SRC\GAME\CLIENT\DEBUG_SDK\OPTIONSSUBGAME.OBJ
D:\SOURCE-SDK-2011\SRC\GAME\CLIENT\DEBUG_SDK\OPTIONSSUBKEYBOARD.OBJ
D:\SOURCE-SDK-2011\SRC\GAME\CLIENT\DEBUG_SDK\OPTIONSSUBMOUSE.OBJ
D:\SOURCE-SDK-2011\SRC\GAME\CLIENT\DEBUG_SDK\OPTIONSSUBMULTIPLAYER.OBJ
D:\SOURCE-SDK-2011\SRC\GAME\CLIENT\DEBUG_SDK\OPTIONSSUBPORTAL.OBJ
D:\SOURCE-SDK-2011\SRC\GAME\CLIENT\DEBUG_SDK\OPTIONSSUBVIDEO.OBJ
D:\SOURCE-SDK-2011\SRC\GAME\CLIENT\DEBUG_SDK\OPTIONSSUBVOICE.OBJ
D:\SOURCE-SDK-2011\SRC\GAME\CLIENT\DEBUG_SDK\PANELLISTPANEL.OBJ
D:\SOURCE-SDK-2011\SRC\GAME\CLIENT\DEBUG_SDK\PANELMETACLASSMGR.OBJ
D:\SOURCE-SDK-2011\SRC\GAME\CLIENT\DEBUG_SDK\PARTICLE_COLLISION.OBJ
D:\SOURCE-SDK-2011\SRC\GAME\CLIENT\DEBUG_SDK\PARTICLE_LITSMOKEEMITTER.OBJ
D:\SOURCE-SDK-2011\SRC\GAME\CLIENT\DEBUG_SDK\PARTICLE_PARSE.OBJ
D:\SOURCE-SDK-2011\SRC\GAME\CLIENT\DEBUG_SDK\PARTICLE_PROPERTY.OBJ
D:\SOURCE-SDK-2011\SRC\GAME\CLIENT\DEBUG_SDK\PARTICLE_PROXIES.OBJ
D:\SOURCE-SDK-2011\SRC\GAME\CLIENT\DEBUG_SDK\PARTICLE_SIMPLE3D.OBJ
D:\SOURCE-SDK-2011\SRC\GAME\CLIENT\DEBUG_SDK\PARTICLEMGR.OBJ
D:\SOURCE-SDK-2011\SRC\GAME\CLIENT\DEBUG_SDK\PARTICLES_ATTRACTOR.OBJ
D:\SOURCE-SDK-2011\SRC\GAME\CLIENT\DEBUG_SDK\PARTICLES_EZ.OBJ
D:\SOURCE-SDK-2011\SRC\GAME\CLIENT\DEBUG_SDK\PARTICLES_LOCALSPACE.OBJ
D:\SOURCE-SDK-2011\SRC\GAME\CLIENT\DEBUG_SDK\PARTICLES_NEW.OBJ
D:\SOURCE-SDK-2011\SRC\GAME\CLIENT\DEBUG_SDK\PARTICLES_SIMPLE.OBJ
D:\SOURCE-SDK-2011\SRC\GAME\CLIENT\DEBUG_SDK\PARTICLESPHERERENDERER.OBJ
D:\SOURCE-SDK-2011\SRC\GAME\CLIENT\DEBUG_SDK\PARTICLESYSTEMQUERY.OBJ
D:\SOURCE-SDK-2011\SRC\GAME\CLIENT\DEBUG_SDK\PERFVISUALBENCHMARK.OBJ
D:\SOURCE-SDK-2011\SRC\GAME\CLIENT\DEBUG_SDK\PHONEMECONVERTER.OBJ
D:\SOURCE-SDK-2011\SRC\GAME\CLIENT\DEBUG_SDK\PHYSICS.OBJ
D:\SOURCE-SDK-2011\SRC\GAME\CLIENT\DEBUG_SDK\PHYSICS_MAIN_CLIENT.OBJ
D:\SOURCE-SDK-2011\SRC\GAME\CLIENT\DEBUG_SDK\PHYSICS_MAIN_SHARED.OBJ
D:\SOURCE-SDK-2011\SRC\GAME\CLIENT\DEBUG_SDK\PHYSICS_SAVERESTORE.OBJ
D:\SOURCE-SDK-2011\SRC\GAME\CLIENT\DEBUG_SDK\PHYSICS_SHARED.OBJ
D:\SOURCE-SDK-2011\SRC\GAME\CLIENT\DEBUG_SDK\PHYSPROPCLIENTSIDE.OBJ
D:\SOURCE-SDK-2011\SRC\GAME\CLIENT\DEBUG_SDK\PLAYERANDOBJECTENUMERATOR.OBJ
D:\SOURCE-SDK-2011\SRC\GAME\CLIENT\DEBUG_SDK\PLAYERLISTDIALOG.OBJ
D:\SOURCE-SDK-2011\SRC\GAME\CLIENT\DEBUG_SDK\POINT_BONUSMAPS_ACCESSOR.OBJ
D:\SOURCE-SDK-2011\SRC\GAME\CLIENT\DEBUG_SDK\POINT_POSECONTROLLER.OBJ
D:\SOURCE-SDK-2011\SRC\GAME\CLIENT\DEBUG_SDK\POSEDEBUGGER.OBJ
D:\SOURCE-SDK-2011\SRC\GAME\CLIENT\DEBUG_SDK\PRECACHE_REGISTER.OBJ
D:\SOURCE-SDK-2011\SRC\GAME\CLIENT\DEBUG_SDK\PREDICTABLEID.OBJ
D:\SOURCE-SDK-2011\SRC\GAME\CLIENT\DEBUG_SDK\PREDICTED_VIEWMODEL.OBJ
D:\SOURCE-SDK-2011\SRC\GAME\CLIENT\DEBUG_SDK\PREDICTION.OBJ
D:\SOURCE-SDK-2011\SRC\GAME\CLIENT\DEBUG_SDK\PREDICTIONCOPY.OBJ
D:\SOURCE-SDK-2011\SRC\GAME\CLIENT\DEBUG_SDK\PREDICTIONCOPY_HELPERS.OBJ
D:\SOURCE-SDK-2011\SRC\GAME\CLIENT\DEBUG_SDK\PREDICTIONCOPY_TEST.OBJ
D:\SOURCE-SDK-2011\SRC\GAME\CLIENT\DEBUG_SDK\PROPS_SHARED.OBJ
D:\SOURCE-SDK-2011\SRC\GAME\CLIENT\DEBUG_SDK\PROXYENTITY.OBJ
D:\SOURCE-SDK-2011\SRC\GAME\CLIENT\DEBUG_SDK\PROXYHEALTH.OBJ
D:\SOURCE-SDK-2011\SRC\GAME\CLIENT\DEBUG_SDK\PROXYPLAYER.OBJ
D:\SOURCE-SDK-2011\SRC\GAME\CLIENT\DEBUG_SDK\PROXYPUPIL.OBJ
D:\SOURCE-SDK-2011\SRC\GAME\CLIENT\DEBUG_SDK\RAGDOLL.OBJ
D:\SOURCE-SDK-2011\SRC\GAME\CLIENT\DEBUG_SDK\RAGDOLL_SHARED.OBJ
D:\SOURCE-SDK-2011\SRC\GAME\CLIENT\DEBUG_SDK\RANDOVERRIDE.OBJ
D:\SOURCE-SDK-2011\SRC\GAME\CLIENT\DEBUG_SDK\RECVPROXY.OBJ
D:\SOURCE-SDK-2011\SRC\GAME\CLIENT\DEBUG_SDK\RENDERTEXTURE.OBJ
D:\SOURCE-SDK-2011\SRC\GAME\CLIENT\DEBUG_SDK\REPLAY_RAGDOLL.OBJ
D:\SOURCE-SDK-2011\SRC\GAME\CLIENT\DEBUG_SDK\REPLAYCAMERA.OBJ
D:\SOURCE-SDK-2011\SRC\GAME\CLIENT\DEBUG_SDK\ROPE_HELPERS.OBJ
D:\SOURCE-SDK-2011\SRC\GAME\CLIENT\DEBUG_SDK\ROPE_PHYSICS.OBJ
D:\SOURCE-SDK-2011\SRC\GAME\CLIENT\DEBUG_SDK\RUNGAMEENGINE.OBJ
D:\SOURCE-SDK-2011\SRC\GAME\CLIENT\DEBUG_SDK\SAVERESTORE.OBJ
D:\SOURCE-SDK-2011\SRC\GAME\CLIENT\DEBUG_SDK\SCENEENTITY_SHARED.OBJ
D:\SOURCE-SDK-2011\SRC\GAME\CLIENT\DEBUG_SDK\SCRATCHPAD3D.OBJ
D:\SOURCE-SDK-2011\SRC\GAME\CLIENT\DEBUG_SDK\SCRATCHPADUTILS.OBJ
D:\SOURCE-SDK-2011\SRC\GAME\CLIENT\DEBUG_SDK\SCREENSPACEEFFECTS.OBJ
D:\SOURCE-SDK-2011\SRC\GAME\CLIENT\DEBUG_SDK\SCRIPTOBJECT.OBJ
D:\SOURCE-SDK-2011\SRC\GAME\CLIENT\DEBUG_SDK\SDK_FX.OBJ
D:\SOURCE-SDK-2011\SRC\GAME\CLIENT\DEBUG_SDK\SDK_GAMEMOVEMENT.OBJ
D:\SOURCE-SDK-2011\SRC\GAME\CLIENT\DEBUG_SDK\SDK_GAMERULES.OBJ
D:\SOURCE-SDK-2011\SRC\GAME\CLIENT\DEBUG_SDK\SDK_IN_MAIN.OBJ
D:\SOURCE-SDK-2011\SRC\GAME\CLIENT\DEBUG_SDK\SDK_PARSERS.OBJ
D:\SOURCE-SDK-2011\SRC\GAME\CLIENT\DEBUG_SDK\SDK_PREDICTION.OBJ
D:\SOURCE-SDK-2011\SRC\GAME\CLIENT\DEBUG_SDK\SDK_ROOTPANEL.OBJ
D:\SOURCE-SDK-2011\SRC\GAME\CLIENT\DEBUG_SDK\SDK_USERMESSAGES.OBJ
D:\SOURCE-SDK-2011\SRC\GAME\CLIENT\DEBUG_SDK\SENTENCE.OBJ
D:\SOURCE-SDK-2011\SRC\GAME\CLIENT\DEBUG_SDK\SEQUENCE_TRANSITIONER.OBJ
D:\SOURCE-SDK-2011\SRC\GAME\CLIENT\DEBUG_SDK\SHEETSIMULATOR.OBJ
D:\SOURCE-SDK-2011\SRC\GAME\CLIENT\DEBUG_SDK\SIMPLE_KEYS.OBJ
D:\SOURCE-SDK-2011\SRC\GAME\CLIENT\DEBUG_SDK\SIMPLE_PHYSICS.OBJ
D:\SOURCE-SDK-2011\SRC\GAME\CLIENT\DEBUG_SDK\SIMTIMER.OBJ
D:\SOURCE-SDK-2011\SRC\GAME\CLIENT\DEBUG_SDK\SINGLEPLAY_GAMERULES.OBJ
D:\SOURCE-SDK-2011\SRC\GAME\CLIENT\DEBUG_SDK\SMOKE_FOG_OVERLAY.OBJ
D:\SOURCE-SDK-2011\SRC\GAME\CLIENT\DEBUG_SDK\SOUNDEMITTERSYSTEM.OBJ
D:\SOURCE-SDK-2011\SRC\GAME\CLIENT\DEBUG_SDK\SOUNDENVELOPE.OBJ
D:\SOURCE-SDK-2011\SRC\GAME\CLIENT\DEBUG_SDK\SOUNDPARAMETERSINTERNAL.OBJ
D:\SOURCE-SDK-2011\SRC\GAME\CLIENT\DEBUG_SDK\SPATIALENTITYMGR.OBJ
D:\SOURCE-SDK-2011\SRC\GAME\CLIENT\DEBUG_SDK\SPECTATORGUI.OBJ
D:\SOURCE-SDK-2011\SRC\GAME\CLIENT\DEBUG_SDK\SPLINEPATCH.OBJ
D:\SOURCE-SDK-2011\SRC\GAME\CLIENT\DEBUG_SDK\SPRITE.OBJ
D:\SOURCE-SDK-2011\SRC\GAME\CLIENT\DEBUG_SDK\SPRITEMODEL.OBJ
D:\SOURCE-SDK-2011\SRC\GAME\CLIENT\DEBUG_SDK\SPRITETRAIL.OBJ
D:\SOURCE-SDK-2011\SRC\GAME\CLIENT\DEBUG_SDK\STDAFX.OBJ
D:\SOURCE-SDK-2011\SRC\GAME\CLIENT\DEBUG_SDK\STEAMWORKS_GAMESTATS.OBJ
D:\SOURCE-SDK-2011\SRC\GAME\CLIENT\DEBUG_SDK\STRINGREGISTRY.OBJ
D:\SOURCE-SDK-2011\SRC\GAME\CLIENT\DEBUG_SDK\STUDIO.OBJ
D:\SOURCE-SDK-2011\SRC\GAME\CLIENT\DEBUG_SDK\STUDIO_SHARED.OBJ
D:\SOURCE-SDK-2011\SRC\GAME\CLIENT\DEBUG_SDK\SYS_UTILS.OBJ
D:\SOURCE-SDK-2011\SRC\GAME\CLIENT\DEBUG_SDK\TAKEDAMAGEINFO.OBJ
D:\SOURCE-SDK-2011\SRC\GAME\CLIENT\DEBUG_SDK\TEAMMENU.OBJ
D:\SOURCE-SDK-2011\SRC\GAME\CLIENT\DEBUG_SDK\TEAMPLAY_GAMERULES.OBJ
D:\SOURCE-SDK-2011\SRC\GAME\CLIENT\DEBUG_SDK\TEAMPLAYROUNDBASED_GAMERULES.OBJ
D:\SOURCE-SDK-2011\SRC\GAME\CLIENT\DEBUG_SDK\TEST_EHANDLE.OBJ
D:\SOURCE-SDK-2011\SRC\GAME\CLIENT\DEBUG_SDK\TEXT_MESSAGE.OBJ
D:\SOURCE-SDK-2011\SRC\GAME\CLIENT\DEBUG_SDK\TEXTENTRYBOX.OBJ
D:\SOURCE-SDK-2011\SRC\GAME\CLIENT\DEBUG_SDK\TEXTURESCROLLMATERIALPROXY.OBJ
D:\SOURCE-SDK-2011\SRC\GAME\CLIENT\DEBUG_SDK\TIMEMATERIALPROXY.OBJ
D:\SOURCE-SDK-2011\SRC\GAME\CLIENT\DEBUG_SDK\TOGGLETEXTUREPROXY.OBJ
D:\SOURCE-SDK-2011\SRC\GAME\CLIENT\DEBUG_SDK\TOOLFRAMEWORK_CLIENT.OBJ
D:\SOURCE-SDK-2011\SRC\GAME\CLIENT\DEBUG_SDK\UIAVATARIMAGE.OBJ
D:\SOURCE-SDK-2011\SRC\GAME\CLIENT\DEBUG_SDK\UIGAMEDATA.OBJ
D:\SOURCE-SDK-2011\SRC\GAME\CLIENT\DEBUG_SDK\UIGAMEDATA_INVITE.OBJ
D:\SOURCE-SDK-2011\SRC\GAME\CLIENT\DEBUG_SDK\UIGAMEDATA_STORAGE.OBJ
D:\SOURCE-SDK-2011\SRC\GAME\CLIENT\DEBUG_SDK\UNIQUEID.OBJ
D:\SOURCE-SDK-2011\SRC\GAME\CLIENT\DEBUG_SDK\URLBUTTON.OBJ
D:\SOURCE-SDK-2011\SRC\GAME\CLIENT\DEBUG_SDK\USERCMD.OBJ
D:\SOURCE-SDK-2011\SRC\GAME\CLIENT\DEBUG_SDK\USERMESSAGES.OBJ
D:\SOURCE-SDK-2011\SRC\GAME\CLIENT\DEBUG_SDK\UTIL_SHARED.OBJ
D:\SOURCE-SDK-2011\SRC\GAME\CLIENT\DEBUG_SDK\VACHIEVEMENTS.OBJ
D:\SOURCE-SDK-2011\SRC\GAME\CLIENT\DEBUG_SDK\VADDONASSOCIATION.OBJ
D:\SOURCE-SDK-2011\SRC\GAME\CLIENT\DEBUG_SDK\VADDONS.OBJ
D:\SOURCE-SDK-2011\SRC\GAME\CLIENT\DEBUG_SDK\VALLOCATOR.OBJ
D:\SOURCE-SDK-2011\SRC\GAME\CLIENT\DEBUG_SDK\VATTRACTSCREEN.OBJ
D:\SOURCE-SDK-2011\SRC\GAME\CLIENT\DEBUG_SDK\VAUDIO.OBJ
D:\SOURCE-SDK-2011\SRC\GAME\CLIENT\DEBUG_SDK\VAUDIOVIDEO.OBJ
D:\source-sdk-2011\src\game\client\Debug_sdk\vc100.idb
D:\SOURCE-SDK-2011\SRC\GAME\CLIENT\DEBUG_SDK\VC100.PDB
D:\SOURCE-SDK-2011\SRC\GAME\CLIENT\DEBUG_SDK\VCLOUD.OBJ
D:\SOURCE-SDK-2011\SRC\GAME\CLIENT\DEBUG_SDK\VCONTROLLEROPTIONS.OBJ
D:\SOURCE-SDK-2011\SRC\GAME\CLIENT\DEBUG_SDK\VCONTROLLEROPTIONSBUTTONS.OBJ
D:\SOURCE-SDK-2011\SRC\GAME\CLIENT\DEBUG_SDK\VCONTROLLEROPTIONSSTICKS.OBJ
D:\SOURCE-SDK-2011\SRC\GAME\CLIENT\DEBUG_SDK\VCONTROLSLISTPANEL.OBJ
D:\SOURCE-SDK-2011\SRC\GAME\CLIENT\DEBUG_SDK\VCUSTOMCAMPAIGNS.OBJ
D:\SOURCE-SDK-2011\SRC\GAME\CLIENT\DEBUG_SDK\VDOWNLOADCAMPAIGN.OBJ
D:\SOURCE-SDK-2011\SRC\GAME\CLIENT\DEBUG_SDK\VDOWNLOADS.OBJ
D:\SOURCE-SDK-2011\SRC\GAME\CLIENT\DEBUG_SDK\VDROPDOWNMENU.OBJ
D:\SOURCE-SDK-2011\SRC\GAME\CLIENT\DEBUG_SDK\VEHICLE_VIEWBLEND_SHARED.OBJ
D:\SOURCE-SDK-2011\SRC\GAME\CLIENT\DEBUG_SDK\VFLYOUTMENU.OBJ
D:\SOURCE-SDK-2011\SRC\GAME\CLIENT\DEBUG_SDK\VFOOTERPANEL.OBJ
D:\SOURCE-SDK-2011\SRC\GAME\CLIENT\DEBUG_SDK\VFOUNDGAMES.OBJ
D:\SOURCE-SDK-2011\SRC\GAME\CLIENT\DEBUG_SDK\VFOUNDGROUPGAMES.OBJ
D:\SOURCE-SDK-2011\SRC\GAME\CLIENT\DEBUG_SDK\VFOUNDPUBLICGAMES.OBJ
D:\SOURCE-SDK-2011\SRC\GAME\CLIENT\DEBUG_SDK\VGAMELOBBY.OBJ
D:\SOURCE-SDK-2011\SRC\GAME\CLIENT\DEBUG_SDK\VGAMELOBBYCHAT.OBJ
D:\SOURCE-SDK-2011\SRC\GAME\CLIENT\DEBUG_SDK\VGAMEOPTIONS.OBJ
D:\SOURCE-SDK-2011\SRC\GAME\CLIENT\DEBUG_SDK\VGAMESETTINGS.OBJ
D:\SOURCE-SDK-2011\SRC\GAME\CLIENT\DEBUG_SDK\VGENERICCONFIRMATION.OBJ
D:\SOURCE-SDK-2011\SRC\GAME\CLIENT\DEBUG_SDK\VGENERICPANELLIST.OBJ
D:\SOURCE-SDK-2011\SRC\GAME\CLIENT\DEBUG_SDK\VGENERICWAITSCREEN.OBJ
D:\SOURCE-SDK-2011\SRC\GAME\CLIENT\DEBUG_SDK\VGETLEGACYDATA.OBJ
D:\SOURCE-SDK-2011\SRC\GAME\CLIENT\DEBUG_SDK\VGUI_AVATARIMAGE.OBJ
D:\SOURCE-SDK-2011\SRC\GAME\CLIENT\DEBUG_SDK\VGUI_BASEPANEL.OBJ
D:\SOURCE-SDK-2011\SRC\GAME\CLIENT\DEBUG_SDK\VGUI_BINDPANEL.OBJ
D:\SOURCE-SDK-2011\SRC\GAME\CLIENT\DEBUG_SDK\VGUI_BITMAPBUTTON.OBJ
D:\SOURCE-SDK-2011\SRC\GAME\CLIENT\DEBUG_SDK\VGUI_BITMAPIMAGE.OBJ
D:\SOURCE-SDK-2011\SRC\GAME\CLIENT\DEBUG_SDK\VGUI_BITMAPPANEL.OBJ
D:\SOURCE-SDK-2011\SRC\GAME\CLIENT\DEBUG_SDK\VGUI_CENTERSTRINGPANEL.OBJ
D:\SOURCE-SDK-2011\SRC\GAME\CLIENT\DEBUG_SDK\VGUI_CONSOLEPANEL.OBJ
D:\SOURCE-SDK-2011\SRC\GAME\CLIENT\DEBUG_SDK\VGUI_CONTROLS.OBJ
D:\SOURCE-SDK-2011\SRC\GAME\CLIENT\DEBUG_SDK\VGUI_DEBUGOVERLAYPANEL.OBJ
D:\SOURCE-SDK-2011\SRC\GAME\CLIENT\DEBUG_SDK\VGUI_FPSPANEL.OBJ
D:\SOURCE-SDK-2011\SRC\GAME\CLIENT\DEBUG_SDK\VGUI_GAME_VIEWPORT.OBJ
D:\SOURCE-SDK-2011\SRC\GAME\CLIENT\DEBUG_SDK\VGUI_GRID.OBJ
D:\SOURCE-SDK-2011\SRC\GAME\CLIENT\DEBUG_SDK\VGUI_HUDVIDEO.OBJ
D:\SOURCE-SDK-2011\SRC\GAME\CLIENT\DEBUG_SDK\VGUI_INT.OBJ
D:\SOURCE-SDK-2011\SRC\GAME\CLIENT\DEBUG_SDK\VGUI_LOADINGDISCPANEL.OBJ
D:\SOURCE-SDK-2011\SRC\GAME\CLIENT\DEBUG_SDK\VGUI_MESSAGECHARS.OBJ
D:\SOURCE-SDK-2011\SRC\GAME\CLIENT\DEBUG_SDK\VGUI_MOVIE_DISPLAY.OBJ
D:\SOURCE-SDK-2011\SRC\GAME\CLIENT\DEBUG_SDK\VGUI_NETGRAPHPANEL.OBJ
D:\SOURCE-SDK-2011\SRC\GAME\CLIENT\DEBUG_SDK\VGUI_SLIDESHOW_DISPLAY_SCREEN.OBJ
D:\SOURCE-SDK-2011\SRC\GAME\CLIENT\DEBUG_SDK\VGUI_VIDEO.OBJ
D:\SOURCE-SDK-2011\SRC\GAME\CLIENT\DEBUG_SDK\VGUISYSTEMMODULELOADER.OBJ
D:\SOURCE-SDK-2011\SRC\GAME\CLIENT\DEBUG_SDK\VGUITEXTWINDOW.OBJ
D:\SOURCE-SDK-2011\SRC\GAME\CLIENT\DEBUG_SDK\VHYBRIDBUTTON.OBJ
D:\SOURCE-SDK-2011\SRC\GAME\CLIENT\DEBUG_SDK\VIEW.OBJ
D:\SOURCE-SDK-2011\SRC\GAME\CLIENT\DEBUG_SDK\VIEW_BEAMS.OBJ
D:\SOURCE-SDK-2011\SRC\GAME\CLIENT\DEBUG_SDK\VIEW_EFFECTS.OBJ
D:\SOURCE-SDK-2011\SRC\GAME\CLIENT\DEBUG_SDK\VIEW_SCENE.OBJ
D:\SOURCE-SDK-2011\SRC\GAME\CLIENT\DEBUG_SDK\VIEWANGLEANIM.OBJ
D:\SOURCE-SDK-2011\SRC\GAME\CLIENT\DEBUG_SDK\VIEWCONEIMAGE.OBJ
D:\SOURCE-SDK-2011\SRC\GAME\CLIENT\DEBUG_SDK\VIEWDEBUG.OBJ
D:\SOURCE-SDK-2011\SRC\GAME\CLIENT\DEBUG_SDK\VIEWPOSTPROCESS.OBJ
D:\SOURCE-SDK-2011\SRC\GAME\CLIENT\DEBUG_SDK\VIEWRENDER.OBJ
D:\SOURCE-SDK-2011\SRC\GAME\CLIENT\DEBUG_SDK\VINGAMECHAPTERSELECT.OBJ
D:\SOURCE-SDK-2011\SRC\GAME\CLIENT\DEBUG_SDK\VINGAMEDIFFICULTYSELECT.OBJ
D:\SOURCE-SDK-2011\SRC\GAME\CLIENT\DEBUG_SDK\VINGAMEKICKPLAYERLIST.OBJ
D:\SOURCE-SDK-2011\SRC\GAME\CLIENT\DEBUG_SDK\VINGAMEMAINMENU.OBJ
D:\SOURCE-SDK-2011\SRC\GAME\CLIENT\DEBUG_SDK\VJUKEBOX.OBJ
D:\SOURCE-SDK-2011\SRC\GAME\CLIENT\DEBUG_SDK\VKEYBOARD.OBJ
D:\SOURCE-SDK-2011\SRC\GAME\CLIENT\DEBUG_SDK\VKEYBOARDMOUSE.OBJ
D:\SOURCE-SDK-2011\SRC\GAME\CLIENT\DEBUG_SDK\VLEADERBOARD.OBJ
D:\SOURCE-SDK-2011\SRC\GAME\CLIENT\DEBUG_SDK\VLOADINGPROGRESS.OBJ
D:\SOURCE-SDK-2011\SRC\GAME\CLIENT\DEBUG_SDK\VMAINMENU.OBJ
D:\SOURCE-SDK-2011\SRC\GAME\CLIENT\DEBUG_SDK\VMENUBACKGROUND.OBJ
D:\SOURCE-SDK-2011\SRC\GAME\CLIENT\DEBUG_SDK\VMULTIPLAYER.OBJ
D:\SOURCE-SDK-2011\SRC\GAME\CLIENT\DEBUG_SDK\VOICE_BANMGR.OBJ
D:\SOURCE-SDK-2011\SRC\GAME\CLIENT\DEBUG_SDK\VOICE_MENU.OBJ
D:\SOURCE-SDK-2011\SRC\GAME\CLIENT\DEBUG_SDK\VOICE_STATUS.OBJ
D:\SOURCE-SDK-2011\SRC\GAME\CLIENT\DEBUG_SDK\VOPTIONS.OBJ
D:\SOURCE-SDK-2011\SRC\GAME\CLIENT\DEBUG_SDK\VPASSWORDENTRY.OBJ
D:\SOURCE-SDK-2011\SRC\GAME\CLIENT\DEBUG_SDK\VQUICKJOIN.OBJ
D:\SOURCE-SDK-2011\SRC\GAME\CLIENT\DEBUG_SDK\VQUICKJOINGROUPS.OBJ
D:\SOURCE-SDK-2011\SRC\GAME\CLIENT\DEBUG_SDK\VSCRIPT_CLIENT.OBJ
D:\SOURCE-SDK-2011\SRC\GAME\CLIENT\DEBUG_SDK\VSCRIPT_SHARED.OBJ
D:\SOURCE-SDK-2011\SRC\GAME\CLIENT\DEBUG_SDK\VSIGNINDIALOG.OBJ
D:\SOURCE-SDK-2011\SRC\GAME\CLIENT\DEBUG_SDK\VSLIDERCONTROL.OBJ
D:\SOURCE-SDK-2011\SRC\GAME\CLIENT\DEBUG_SDK\VSPINNERCONTROL.OBJ
D:\SOURCE-SDK-2011\SRC\GAME\CLIENT\DEBUG_SDK\VSTEAMCLOUDCONFIRMATION.OBJ
D:\SOURCE-SDK-2011\SRC\GAME\CLIENT\DEBUG_SDK\VTRANSITIONSCREEN.OBJ
D:\SOURCE-SDK-2011\SRC\GAME\CLIENT\DEBUG_SDK\VVIDEO.OBJ
D:\SOURCE-SDK-2011\SRC\GAME\CLIENT\DEBUG_SDK\VVOTEOPTIONS.OBJ
D:\SOURCE-SDK-2011\SRC\GAME\CLIENT\DEBUG_SDK\WARP_OVERLAY.OBJ
D:\SOURCE-SDK-2011\SRC\GAME\CLIENT\DEBUG_SDK\WATERLODMATERIALPROXY.OBJ
D:\SOURCE-SDK-2011\SRC\GAME\CLIENT\DEBUG_SDK\WEAPON_PARSE.OBJ
D:\SOURCE-SDK-2011\SRC\GAME\CLIENT\DEBUG_SDK\WEAPON_SELECTION.OBJ
D:\SOURCE-SDK-2011\SRC\GAME\CLIENT\DEBUG_SDK\WEAPONS_RESOURCE.OBJ
D:\SOURCE-SDK-2011\SRC\GAME\CLIENT\DEBUG_SDK\WORLDDIMSPROXY.OBJ
