D:\SOURCE2011\SRC\LIB\PUBLIC\VGUI_CONTROLS.LIB
D:\source2011\src\vgui2\vgui_controls\..\..\lib\public\.\vgui_controls.lib
D:\SOURCE2011\SRC\VGUI2\VGUI_CONTROLS\DEBUG\ANALOGBAR.OBJ
D:\SOURCE2011\SRC\VGUI2\VGUI_CONTROLS\DEBUG\ANIMATINGIMAGEPANEL.OBJ
D:\SOURCE2011\SRC\VGUI2\VGUI_CONTROLS\DEBUG\ANIMATIONCONTROLLER.OBJ
D:\SOURCE2011\SRC\VGUI2\VGUI_CONTROLS\DEBUG\BITMAPIMAGEPANEL.OBJ
D:\SOURCE2011\SRC\VGUI2\VGUI_CONTROLS\DEBUG\BUILDFACTORYHELPER.OBJ
D:\SOURCE2011\SRC\VGUI2\VGUI_CONTROLS\DEBUG\BUILDGROUP.OBJ
D:\SOURCE2011\SRC\VGUI2\VGUI_CONTROLS\DEBUG\BUILDMODEDIALOG.OBJ
D:\SOURCE2011\SRC\VGUI2\VGUI_CONTROLS\DEBUG\BUTTON.OBJ
D:\SOURCE2011\SRC\VGUI2\VGUI_CONTROLS\DEBUG\CHECKBUTTON.OBJ
D:\SOURCE2011\SRC\VGUI2\VGUI_CONTROLS\DEBUG\CHECKBUTTONLIST.OBJ
D:\SOURCE2011\SRC\VGUI2\VGUI_CONTROLS\DEBUG\CIRCULARPROGRESSBAR.OBJ
D:\source2011\src\vgui2\vgui_controls\Debug\CL.11868.read.1.tlog
D:\source2011\src\vgui2\vgui_controls\Debug\CL.11868.write.1.tlog
D:\source2011\src\vgui2\vgui_controls\Debug\CL.12408.read.1.tlog
D:\source2011\src\vgui2\vgui_controls\Debug\CL.12408.write.1.tlog
D:\source2011\src\vgui2\vgui_controls\Debug\CL.16060.read.1.tlog
D:\source2011\src\vgui2\vgui_controls\Debug\CL.16060.write.1.tlog
D:\source2011\src\vgui2\vgui_controls\Debug\CL.17116.read.1.tlog
D:\source2011\src\vgui2\vgui_controls\Debug\CL.17116.write.1.tlog
D:\source2011\src\vgui2\vgui_controls\Debug\CL.17416.read.1.tlog
D:\source2011\src\vgui2\vgui_controls\Debug\CL.17416.write.1.tlog
D:\source2011\src\vgui2\vgui_controls\Debug\CL.17488.read.1.tlog
D:\source2011\src\vgui2\vgui_controls\Debug\CL.17488.write.1.tlog
D:\source2011\src\vgui2\vgui_controls\Debug\CL.2228.read.1.tlog
D:\source2011\src\vgui2\vgui_controls\Debug\CL.2228.write.1.tlog
D:\source2011\src\vgui2\vgui_controls\Debug\CL.22952.read.1.tlog
D:\source2011\src\vgui2\vgui_controls\Debug\CL.22952.write.1.tlog
D:\source2011\src\vgui2\vgui_controls\Debug\CL.24928.read.1.tlog
D:\source2011\src\vgui2\vgui_controls\Debug\CL.24928.write.1.tlog
D:\source2011\src\vgui2\vgui_controls\Debug\CL.26676.read.1.tlog
D:\source2011\src\vgui2\vgui_controls\Debug\CL.26676.write.1.tlog
D:\source2011\src\vgui2\vgui_controls\Debug\CL.27156.read.1.tlog
D:\source2011\src\vgui2\vgui_controls\Debug\CL.27156.write.1.tlog
D:\source2011\src\vgui2\vgui_controls\Debug\CL.27340.read.1.tlog
D:\source2011\src\vgui2\vgui_controls\Debug\CL.27340.write.1.tlog
D:\source2011\src\vgui2\vgui_controls\Debug\CL.28268.read.1.tlog
D:\source2011\src\vgui2\vgui_controls\Debug\CL.28268.write.1.tlog
D:\source2011\src\vgui2\vgui_controls\Debug\CL.28520.read.1.tlog
D:\source2011\src\vgui2\vgui_controls\Debug\CL.28520.write.1.tlog
D:\source2011\src\vgui2\vgui_controls\Debug\CL.29944.read.1.tlog
D:\source2011\src\vgui2\vgui_controls\Debug\CL.29944.write.1.tlog
D:\source2011\src\vgui2\vgui_controls\Debug\CL.30176.read.1.tlog
D:\source2011\src\vgui2\vgui_controls\Debug\CL.30176.write.1.tlog
D:\source2011\src\vgui2\vgui_controls\Debug\CL.31308.read.1.tlog
D:\source2011\src\vgui2\vgui_controls\Debug\CL.31308.write.1.tlog
D:\source2011\src\vgui2\vgui_controls\Debug\CL.3280.read.1.tlog
D:\source2011\src\vgui2\vgui_controls\Debug\CL.3280.write.1.tlog
D:\source2011\src\vgui2\vgui_controls\Debug\CL.32844.read.1.tlog
D:\source2011\src\vgui2\vgui_controls\Debug\CL.32844.write.1.tlog
D:\source2011\src\vgui2\vgui_controls\Debug\CL.36000.read.1.tlog
D:\source2011\src\vgui2\vgui_controls\Debug\CL.36000.write.1.tlog
D:\source2011\src\vgui2\vgui_controls\Debug\CL.38516.read.1.tlog
D:\source2011\src\vgui2\vgui_controls\Debug\CL.38516.write.1.tlog
D:\source2011\src\vgui2\vgui_controls\Debug\CL.38896.read.1.tlog
D:\source2011\src\vgui2\vgui_controls\Debug\CL.38896.write.1.tlog
D:\source2011\src\vgui2\vgui_controls\Debug\CL.39948.read.1.tlog
D:\source2011\src\vgui2\vgui_controls\Debug\CL.39948.write.1.tlog
D:\source2011\src\vgui2\vgui_controls\Debug\CL.42172.read.1.tlog
D:\source2011\src\vgui2\vgui_controls\Debug\CL.42172.write.1.tlog
D:\source2011\src\vgui2\vgui_controls\Debug\CL.43672.read.1.tlog
D:\source2011\src\vgui2\vgui_controls\Debug\CL.43672.write.1.tlog
D:\source2011\src\vgui2\vgui_controls\Debug\CL.44464.read.1.tlog
D:\source2011\src\vgui2\vgui_controls\Debug\CL.44464.write.1.tlog
D:\source2011\src\vgui2\vgui_controls\Debug\CL.45884.read.1.tlog
D:\source2011\src\vgui2\vgui_controls\Debug\CL.45884.write.1.tlog
D:\source2011\src\vgui2\vgui_controls\Debug\CL.45936.read.1.tlog
D:\source2011\src\vgui2\vgui_controls\Debug\CL.45936.write.1.tlog
D:\source2011\src\vgui2\vgui_controls\Debug\CL.4800.read.1.tlog
D:\source2011\src\vgui2\vgui_controls\Debug\CL.4800.write.1.tlog
D:\source2011\src\vgui2\vgui_controls\Debug\CL.48624.read.1.tlog
D:\source2011\src\vgui2\vgui_controls\Debug\CL.48624.write.1.tlog
D:\source2011\src\vgui2\vgui_controls\Debug\CL.48992.read.1.tlog
D:\source2011\src\vgui2\vgui_controls\Debug\CL.48992.write.1.tlog
D:\source2011\src\vgui2\vgui_controls\Debug\CL.49492.read.1.tlog
D:\source2011\src\vgui2\vgui_controls\Debug\CL.49492.write.1.tlog
D:\source2011\src\vgui2\vgui_controls\Debug\CL.50292.read.1.tlog
D:\source2011\src\vgui2\vgui_controls\Debug\CL.50292.write.1.tlog
D:\source2011\src\vgui2\vgui_controls\Debug\CL.51048.read.1.tlog
D:\source2011\src\vgui2\vgui_controls\Debug\CL.51048.write.1.tlog
D:\source2011\src\vgui2\vgui_controls\Debug\CL.7252.read.1.tlog
D:\source2011\src\vgui2\vgui_controls\Debug\CL.7252.write.1.tlog
D:\source2011\src\vgui2\vgui_controls\Debug\CL.7452.read.1.tlog
D:\source2011\src\vgui2\vgui_controls\Debug\CL.7452.write.1.tlog
D:\source2011\src\vgui2\vgui_controls\Debug\cl.command.1.tlog
D:\source2011\src\vgui2\vgui_controls\Debug\CL.read.1.tlog
D:\source2011\src\vgui2\vgui_controls\Debug\cl.write.1.tlog
D:\SOURCE2011\SRC\VGUI2\VGUI_CONTROLS\DEBUG\COMBOBOX.OBJ
D:\SOURCE2011\SRC\VGUI2\VGUI_CONTROLS\DEBUG\CONSOLEDIALOG.OBJ
D:\SOURCE2011\SRC\VGUI2\VGUI_CONTROLS\DEBUG\CONTROLLERMAP.OBJ
D:\SOURCE2011\SRC\VGUI2\VGUI_CONTROLS\DEBUG\CONTROLS.OBJ
D:\source2011\src\vgui2\vgui_controls\Debug\custombuild.command.1.tlog
D:\source2011\src\vgui2\vgui_controls\Debug\custombuild.read.1.tlog
D:\source2011\src\vgui2\vgui_controls\Debug\custombuild.write.1.tlog
D:\SOURCE2011\SRC\VGUI2\VGUI_CONTROLS\DEBUG\CVARTOGGLECHECKBUTTON.OBJ
D:\SOURCE2011\SRC\VGUI2\VGUI_CONTROLS\DEBUG\DIRECTORYSELECTDIALOG.OBJ
D:\SOURCE2011\SRC\VGUI2\VGUI_CONTROLS\DEBUG\DIVIDER.OBJ
D:\SOURCE2011\SRC\VGUI2\VGUI_CONTROLS\DEBUG\EDITABLEPANEL.OBJ
D:\SOURCE2011\SRC\VGUI2\VGUI_CONTROLS\DEBUG\EXPANDBUTTON.OBJ
D:\SOURCE2011\SRC\VGUI2\VGUI_CONTROLS\DEBUG\FILEOPENDIALOG.OBJ
D:\SOURCE2011\SRC\VGUI2\VGUI_CONTROLS\DEBUG\FILEOPENSTATEMACHINE.OBJ
D:\SOURCE2011\SRC\VGUI2\VGUI_CONTROLS\DEBUG\FILESYSTEM_HELPERS.OBJ
D:\SOURCE2011\SRC\VGUI2\VGUI_CONTROLS\DEBUG\FOCUSNAVGROUP.OBJ
D:\SOURCE2011\SRC\VGUI2\VGUI_CONTROLS\DEBUG\FRAME.OBJ
D:\SOURCE2011\SRC\VGUI2\VGUI_CONTROLS\DEBUG\GRAPHPANEL.OBJ
D:\SOURCE2011\SRC\VGUI2\VGUI_CONTROLS\DEBUG\HTML.OBJ
D:\SOURCE2011\SRC\VGUI2\VGUI_CONTROLS\DEBUG\IMAGE.OBJ
D:\SOURCE2011\SRC\VGUI2\VGUI_CONTROLS\DEBUG\IMAGELIST.OBJ
D:\SOURCE2011\SRC\VGUI2\VGUI_CONTROLS\DEBUG\IMAGEPANEL.OBJ
D:\SOURCE2011\SRC\VGUI2\VGUI_CONTROLS\DEBUG\INPUTDIALOG.OBJ
D:\SOURCE2011\SRC\VGUI2\VGUI_CONTROLS\DEBUG\KEYBINDINGHELPDIALOG.OBJ
D:\SOURCE2011\SRC\VGUI2\VGUI_CONTROLS\DEBUG\KEYBOARDEDITORDIALOG.OBJ
D:\SOURCE2011\SRC\VGUI2\VGUI_CONTROLS\DEBUG\KEYREPEAT.OBJ
D:\SOURCE2011\SRC\VGUI2\VGUI_CONTROLS\DEBUG\LABEL.OBJ
D:\source2011\src\vgui2\vgui_controls\Debug\lib.command.1.tlog
D:\source2011\src\vgui2\vgui_controls\Debug\Lib-link.read.1.tlog
D:\source2011\src\vgui2\vgui_controls\Debug\Lib-link.write.1.tlog
D:\SOURCE2011\SRC\VGUI2\VGUI_CONTROLS\DEBUG\LISTPANEL.OBJ
D:\SOURCE2011\SRC\VGUI2\VGUI_CONTROLS\DEBUG\LISTVIEWPANEL.OBJ
D:\SOURCE2011\SRC\VGUI2\VGUI_CONTROLS\DEBUG\MENU.OBJ
D:\SOURCE2011\SRC\VGUI2\VGUI_CONTROLS\DEBUG\MENUBAR.OBJ
D:\SOURCE2011\SRC\VGUI2\VGUI_CONTROLS\DEBUG\MENUBUTTON.OBJ
D:\SOURCE2011\SRC\VGUI2\VGUI_CONTROLS\DEBUG\MENUITEM.OBJ
D:\SOURCE2011\SRC\VGUI2\VGUI_CONTROLS\DEBUG\MESSAGEBOX.OBJ
D:\SOURCE2011\SRC\VGUI2\VGUI_CONTROLS\DEBUG\MESSAGEDIALOG.OBJ
D:\SOURCE2011\SRC\VGUI2\VGUI_CONTROLS\DEBUG\PANEL.OBJ
D:\SOURCE2011\SRC\VGUI2\VGUI_CONTROLS\DEBUG\PANELLISTPANEL.OBJ
D:\SOURCE2011\SRC\VGUI2\VGUI_CONTROLS\DEBUG\PERFORCEFILEEXPLORER.OBJ
D:\SOURCE2011\SRC\VGUI2\VGUI_CONTROLS\DEBUG\PERFORCEFILELIST.OBJ
D:\SOURCE2011\SRC\VGUI2\VGUI_CONTROLS\DEBUG\PERFORCEFILELISTFRAME.OBJ
D:\SOURCE2011\SRC\VGUI2\VGUI_CONTROLS\DEBUG\PROGRESSBAR.OBJ
D:\SOURCE2011\SRC\VGUI2\VGUI_CONTROLS\DEBUG\PROGRESSBOX.OBJ
D:\SOURCE2011\SRC\VGUI2\VGUI_CONTROLS\DEBUG\PROPERTYDIALOG.OBJ
D:\SOURCE2011\SRC\VGUI2\VGUI_CONTROLS\DEBUG\PROPERTYPAGE.OBJ
D:\SOURCE2011\SRC\VGUI2\VGUI_CONTROLS\DEBUG\PROPERTYSHEET.OBJ
D:\SOURCE2011\SRC\VGUI2\VGUI_CONTROLS\DEBUG\QUERYBOX.OBJ
D:\SOURCE2011\SRC\VGUI2\VGUI_CONTROLS\DEBUG\RADIOBUTTON.OBJ
D:\SOURCE2011\SRC\VGUI2\VGUI_CONTROLS\DEBUG\RICHTEXT.OBJ
D:\SOURCE2011\SRC\VGUI2\VGUI_CONTROLS\DEBUG\ROTATINGPROGRESSBAR.OBJ
D:\SOURCE2011\SRC\VGUI2\VGUI_CONTROLS\DEBUG\SAVEDOCUMENTQUERY.OBJ
D:\SOURCE2011\SRC\VGUI2\VGUI_CONTROLS\DEBUG\SCALABLEIMAGEPANEL.OBJ
D:\SOURCE2011\SRC\VGUI2\VGUI_CONTROLS\DEBUG\SCROLLABLEEDITABLEPANEL.OBJ
D:\SOURCE2011\SRC\VGUI2\VGUI_CONTROLS\DEBUG\SCROLLBAR.OBJ
D:\SOURCE2011\SRC\VGUI2\VGUI_CONTROLS\DEBUG\SCROLLBARSLIDER.OBJ
D:\SOURCE2011\SRC\VGUI2\VGUI_CONTROLS\DEBUG\SECTIONEDLISTPANEL.OBJ
D:\SOURCE2011\SRC\VGUI2\VGUI_CONTROLS\DEBUG\SLIDER.OBJ
D:\SOURCE2011\SRC\VGUI2\VGUI_CONTROLS\DEBUG\SPLITTER.OBJ
D:\SOURCE2011\SRC\VGUI2\VGUI_CONTROLS\DEBUG\SUBRECTIMAGE.OBJ
D:\SOURCE2011\SRC\VGUI2\VGUI_CONTROLS\DEBUG\TEXTENTRY.OBJ
D:\SOURCE2011\SRC\VGUI2\VGUI_CONTROLS\DEBUG\TEXTIMAGE.OBJ
D:\SOURCE2011\SRC\VGUI2\VGUI_CONTROLS\DEBUG\TOGGLEBUTTON.OBJ
D:\SOURCE2011\SRC\VGUI2\VGUI_CONTROLS\DEBUG\TOOLTIP.OBJ
D:\SOURCE2011\SRC\VGUI2\VGUI_CONTROLS\DEBUG\TOOLWINDOW.OBJ
D:\SOURCE2011\SRC\VGUI2\VGUI_CONTROLS\DEBUG\TREEVIEW.OBJ
D:\SOURCE2011\SRC\VGUI2\VGUI_CONTROLS\DEBUG\TREEVIEWLISTCONTROL.OBJ
D:\SOURCE2011\SRC\VGUI2\VGUI_CONTROLS\DEBUG\URLLABEL.OBJ
D:\source2011\src\vgui2\vgui_controls\Debug\vc100.idb
D:\SOURCE2011\SRC\VGUI2\VGUI_CONTROLS\DEBUG\VC100.PDB
D:\SOURCE2011\SRC\VGUI2\VGUI_CONTROLS\DEBUG\VGUI_KEY_TRANSLATION.OBJ
D:\SOURCE2011\SRC\VGUI2\VGUI_CONTROLS\DEBUG\WIZARDPANEL.OBJ
D:\SOURCE2011\SRC\VGUI2\VGUI_CONTROLS\DEBUG\WIZARDSUBPANEL.OBJ
D:\SOURCE2011\SRC\VGUI2\VGUI_CONTROLS\VGUI_CONTROLS.VPC.SENTINEL
