  gamepadui_achievements.cpp
  gamepadui_basepanel.cpp
  gamepadui_button.cpp
  gamepadui_frame.cpp
  gamepadui_genericconfirmation.cpp
  gamepadui_interface.cpp
  gamepadui_mainmenu.cpp
  gamepadui_newgame.cpp
  gamepadui_options.cpp
  gamepadui_savegame.cpp
  gamepadui_util.cpp
c:\program files (x86)\microsoft visual studio 12.0\vc\include\stdint.h(57): warning C4005: 'INT8_MIN' : macro redefinition (gamepadui_mainmenu.cpp)
          d:\source-sdk-2011\src\public\tier0\platform.h(291) : see previous definition of 'INT8_MIN'
c:\program files (x86)\microsoft visual studio 12.0\vc\include\stdint.h(57): warning C4005: 'INT8_MIN' : macro redefinition (gamepadui_achievements.cpp)
          d:\source-sdk-2011\src\public\tier0\platform.h(291) : see previous definition of 'INT8_MIN'
c:\program files (x86)\microsoft visual studio 12.0\vc\include\stdint.h(57): warning C4005: 'INT8_MIN' : macro redefinition (gamepadui_savegame.cpp)
          d:\source-sdk-2011\src\public\tier0\platform.h(291) : see previous definition of 'INT8_MIN'
c:\program files (x86)\microsoft visual studio 12.0\vc\include\stdint.h(57): warning C4005: 'INT8_MIN' : macro redefinition (gamepadui_newgame.cpp)
          d:\source-sdk-2011\src\public\tier0\platform.h(291) : see previous definition of 'INT8_MIN'
c:\program files (x86)\microsoft visual studio 12.0\vc\include\stdint.h(57): warning C4005: 'INT8_MIN' : macro redefinition (gamepadui_basepanel.cpp)
          d:\source-sdk-2011\src\public\tier0\platform.h(291) : see previous definition of 'INT8_MIN'
c:\program files (x86)\microsoft visual studio 12.0\vc\include\stdint.h(57): warning C4005: 'INT8_MIN' : macro redefinition (gamepadui_options.cpp)
          d:\source-sdk-2011\src\public\tier0\platform.h(291) : see previous definition of 'INT8_MIN'
c:\program files (x86)\microsoft visual studio 12.0\vc\include\stdint.h(58): warning C4005: 'INT16_MIN' : macro redefinition (gamepadui_mainmenu.cpp)
          d:\source-sdk-2011\src\public\tier0\platform.h(292) : see previous definition of 'INT16_MIN'
c:\program files (x86)\microsoft visual studio 12.0\vc\include\stdint.h(57): warning C4005: 'INT8_MIN' : macro redefinition (gamepadui_button.cpp)
          d:\source-sdk-2011\src\public\tier0\platform.h(291) : see previous definition of 'INT8_MIN'
c:\program files (x86)\microsoft visual studio 12.0\vc\include\stdint.h(58): warning C4005: 'INT16_MIN' : macro redefinition (gamepadui_achievements.cpp)
          d:\source-sdk-2011\src\public\tier0\platform.h(292) : see previous definition of 'INT16_MIN'
c:\program files (x86)\microsoft visual studio 12.0\vc\include\stdint.h(58): warning C4005: 'INT16_MIN' : macro redefinition (gamepadui_savegame.cpp)
          d:\source-sdk-2011\src\public\tier0\platform.h(292) : see previous definition of 'INT16_MIN'
c:\program files (x86)\microsoft visual studio 12.0\vc\include\stdint.h(58): warning C4005: 'INT16_MIN' : macro redefinition (gamepadui_newgame.cpp)
          d:\source-sdk-2011\src\public\tier0\platform.h(292) : see previous definition of 'INT16_MIN'
c:\program files (x86)\microsoft visual studio 12.0\vc\include\stdint.h(57): warning C4005: 'INT8_MIN' : macro redefinition (gamepadui_genericconfirmation.cpp)
          d:\source-sdk-2011\src\public\tier0\platform.h(291) : see previous definition of 'INT8_MIN'
c:\program files (x86)\microsoft visual studio 12.0\vc\include\stdint.h(58): warning C4005: 'INT16_MIN' : macro redefinition (gamepadui_basepanel.cpp)
          d:\source-sdk-2011\src\public\tier0\platform.h(292) : see previous definition of 'INT16_MIN'
c:\program files (x86)\microsoft visual studio 12.0\vc\include\stdint.h(58): warning C4005: 'INT16_MIN' : macro redefinition (gamepadui_options.cpp)
          d:\source-sdk-2011\src\public\tier0\platform.h(292) : see previous definition of 'INT16_MIN'
c:\program files (x86)\microsoft visual studio 12.0\vc\include\stdint.h(59): warning C4005: 'INT32_MIN' : macro redefinition (gamepadui_mainmenu.cpp)
          d:\source-sdk-2011\src\public\tier0\platform.h(293) : see previous definition of 'INT32_MIN'
c:\program files (x86)\microsoft visual studio 12.0\vc\include\stdint.h(57): warning C4005: 'INT8_MIN' : macro redefinition (gamepadui_frame.cpp)
          d:\source-sdk-2011\src\public\tier0\platform.h(291) : see previous definition of 'INT8_MIN'
c:\program files (x86)\microsoft visual studio 12.0\vc\include\stdint.h(58): warning C4005: 'INT16_MIN' : macro redefinition (gamepadui_button.cpp)
          d:\source-sdk-2011\src\public\tier0\platform.h(292) : see previous definition of 'INT16_MIN'
c:\program files (x86)\microsoft visual studio 12.0\vc\include\stdint.h(59): warning C4005: 'INT32_MIN' : macro redefinition (gamepadui_achievements.cpp)
          d:\source-sdk-2011\src\public\tier0\platform.h(293) : see previous definition of 'INT32_MIN'
c:\program files (x86)\microsoft visual studio 12.0\vc\include\stdint.h(59): warning C4005: 'INT32_MIN' : macro redefinition (gamepadui_savegame.cpp)
          d:\source-sdk-2011\src\public\tier0\platform.h(293) : see previous definition of 'INT32_MIN'
c:\program files (x86)\microsoft visual studio 12.0\vc\include\stdint.h(59): warning C4005: 'INT32_MIN' : macro redefinition (gamepadui_newgame.cpp)
          d:\source-sdk-2011\src\public\tier0\platform.h(293) : see previous definition of 'INT32_MIN'
c:\program files (x86)\microsoft visual studio 12.0\vc\include\stdint.h(58): warning C4005: 'INT16_MIN' : macro redefinition (gamepadui_genericconfirmation.cpp)
          d:\source-sdk-2011\src\public\tier0\platform.h(292) : see previous definition of 'INT16_MIN'
c:\program files (x86)\microsoft visual studio 12.0\vc\include\stdint.h(59): warning C4005: 'INT32_MIN' : macro redefinition (gamepadui_basepanel.cpp)
          d:\source-sdk-2011\src\public\tier0\platform.h(293) : see previous definition of 'INT32_MIN'
c:\program files (x86)\microsoft visual studio 12.0\vc\include\stdint.h(59): warning C4005: 'INT32_MIN' : macro redefinition (gamepadui_options.cpp)
          d:\source-sdk-2011\src\public\tier0\platform.h(293) : see previous definition of 'INT32_MIN'
c:\program files (x86)\microsoft visual studio 12.0\vc\include\stdint.h(60): warning C4005: 'INT64_MIN' : macro redefinition (gamepadui_mainmenu.cpp)
          d:\source-sdk-2011\src\public\tier0\platform.h(294) : see previous definition of 'INT64_MIN'
c:\program files (x86)\microsoft visual studio 12.0\vc\include\stdint.h(58): warning C4005: 'INT16_MIN' : macro redefinition (gamepadui_frame.cpp)
          d:\source-sdk-2011\src\public\tier0\platform.h(292) : see previous definition of 'INT16_MIN'
c:\program files (x86)\microsoft visual studio 12.0\vc\include\stdint.h(59): warning C4005: 'INT32_MIN' : macro redefinition (gamepadui_button.cpp)
          d:\source-sdk-2011\src\public\tier0\platform.h(293) : see previous definition of 'INT32_MIN'
c:\program files (x86)\microsoft visual studio 12.0\vc\include\stdint.h(60): warning C4005: 'INT64_MIN' : macro redefinition (gamepadui_achievements.cpp)
          d:\source-sdk-2011\src\public\tier0\platform.h(294) : see previous definition of 'INT64_MIN'
c:\program files (x86)\microsoft visual studio 12.0\vc\include\stdint.h(60): warning C4005: 'INT64_MIN' : macro redefinition (gamepadui_savegame.cpp)
          d:\source-sdk-2011\src\public\tier0\platform.h(294) : see previous definition of 'INT64_MIN'
c:\program files (x86)\microsoft visual studio 12.0\vc\include\stdint.h(60): warning C4005: 'INT64_MIN' : macro redefinition (gamepadui_newgame.cpp)
          d:\source-sdk-2011\src\public\tier0\platform.h(294) : see previous definition of 'INT64_MIN'
c:\program files (x86)\microsoft visual studio 12.0\vc\include\stdint.h(59): warning C4005: 'INT32_MIN' : macro redefinition (gamepadui_genericconfirmation.cpp)
          d:\source-sdk-2011\src\public\tier0\platform.h(293) : see previous definition of 'INT32_MIN'
c:\program files (x86)\microsoft visual studio 12.0\vc\include\stdint.h(60): warning C4005: 'INT64_MIN' : macro redefinition (gamepadui_basepanel.cpp)
          d:\source-sdk-2011\src\public\tier0\platform.h(294) : see previous definition of 'INT64_MIN'
c:\program files (x86)\microsoft visual studio 12.0\vc\include\stdint.h(60): warning C4005: 'INT64_MIN' : macro redefinition (gamepadui_options.cpp)
          d:\source-sdk-2011\src\public\tier0\platform.h(294) : see previous definition of 'INT64_MIN'
c:\program files (x86)\microsoft visual studio 12.0\vc\include\stdint.h(61): warning C4005: 'INT8_MAX' : macro redefinition (gamepadui_mainmenu.cpp)
          d:\source-sdk-2011\src\public\tier0\platform.h(286) : see previous definition of 'INT8_MAX'
c:\program files (x86)\microsoft visual studio 12.0\vc\include\stdint.h(59): warning C4005: 'INT32_MIN' : macro redefinition (gamepadui_frame.cpp)
          d:\source-sdk-2011\src\public\tier0\platform.h(293) : see previous definition of 'INT32_MIN'
c:\program files (x86)\microsoft visual studio 12.0\vc\include\stdint.h(57): warning C4005: 'INT8_MIN' : macro redefinition (gamepadui_interface.cpp)
          d:\source-sdk-2011\src\public\tier0\platform.h(291) : see previous definition of 'INT8_MIN'
c:\program files (x86)\microsoft visual studio 12.0\vc\include\stdint.h(60): warning C4005: 'INT64_MIN' : macro redefinition (gamepadui_button.cpp)
          d:\source-sdk-2011\src\public\tier0\platform.h(294) : see previous definition of 'INT64_MIN'
c:\program files (x86)\microsoft visual studio 12.0\vc\include\stdint.h(61): warning C4005: 'INT8_MAX' : macro redefinition (gamepadui_achievements.cpp)
          d:\source-sdk-2011\src\public\tier0\platform.h(286) : see previous definition of 'INT8_MAX'
c:\program files (x86)\microsoft visual studio 12.0\vc\include\stdint.h(61): warning C4005: 'INT8_MAX' : macro redefinition (gamepadui_savegame.cpp)
          d:\source-sdk-2011\src\public\tier0\platform.h(286) : see previous definition of 'INT8_MAX'
c:\program files (x86)\microsoft visual studio 12.0\vc\include\stdint.h(61): warning C4005: 'INT8_MAX' : macro redefinition (gamepadui_newgame.cpp)
          d:\source-sdk-2011\src\public\tier0\platform.h(286) : see previous definition of 'INT8_MAX'
c:\program files (x86)\microsoft visual studio 12.0\vc\include\stdint.h(60): warning C4005: 'INT64_MIN' : macro redefinition (gamepadui_genericconfirmation.cpp)
          d:\source-sdk-2011\src\public\tier0\platform.h(294) : see previous definition of 'INT64_MIN'
c:\program files (x86)\microsoft visual studio 12.0\vc\include\stdint.h(61): warning C4005: 'INT8_MAX' : macro redefinition (gamepadui_basepanel.cpp)
          d:\source-sdk-2011\src\public\tier0\platform.h(286) : see previous definition of 'INT8_MAX'
c:\program files (x86)\microsoft visual studio 12.0\vc\include\stdint.h(61): warning C4005: 'INT8_MAX' : macro redefinition (gamepadui_options.cpp)
          d:\source-sdk-2011\src\public\tier0\platform.h(286) : see previous definition of 'INT8_MAX'
c:\program files (x86)\microsoft visual studio 12.0\vc\include\stdint.h(62): warning C4005: 'INT16_MAX' : macro redefinition (gamepadui_mainmenu.cpp)
          d:\source-sdk-2011\src\public\tier0\platform.h(287) : see previous definition of 'INT16_MAX'
c:\program files (x86)\microsoft visual studio 12.0\vc\include\stdint.h(60): warning C4005: 'INT64_MIN' : macro redefinition (gamepadui_frame.cpp)
          d:\source-sdk-2011\src\public\tier0\platform.h(294) : see previous definition of 'INT64_MIN'
c:\program files (x86)\microsoft visual studio 12.0\vc\include\stdint.h(58): warning C4005: 'INT16_MIN' : macro redefinition (gamepadui_interface.cpp)
          d:\source-sdk-2011\src\public\tier0\platform.h(292) : see previous definition of 'INT16_MIN'
c:\program files (x86)\microsoft visual studio 12.0\vc\include\stdint.h(61): warning C4005: 'INT8_MAX' : macro redefinition (gamepadui_button.cpp)
          d:\source-sdk-2011\src\public\tier0\platform.h(286) : see previous definition of 'INT8_MAX'
c:\program files (x86)\microsoft visual studio 12.0\vc\include\stdint.h(62): warning C4005: 'INT16_MAX' : macro redefinition (gamepadui_achievements.cpp)
          d:\source-sdk-2011\src\public\tier0\platform.h(287) : see previous definition of 'INT16_MAX'
c:\program files (x86)\microsoft visual studio 12.0\vc\include\stdint.h(62): warning C4005: 'INT16_MAX' : macro redefinition (gamepadui_savegame.cpp)
          d:\source-sdk-2011\src\public\tier0\platform.h(287) : see previous definition of 'INT16_MAX'
c:\program files (x86)\microsoft visual studio 12.0\vc\include\stdint.h(62): warning C4005: 'INT16_MAX' : macro redefinition (gamepadui_newgame.cpp)
          d:\source-sdk-2011\src\public\tier0\platform.h(287) : see previous definition of 'INT16_MAX'
c:\program files (x86)\microsoft visual studio 12.0\vc\include\stdint.h(61): warning C4005: 'INT8_MAX' : macro redefinition (gamepadui_genericconfirmation.cpp)
          d:\source-sdk-2011\src\public\tier0\platform.h(286) : see previous definition of 'INT8_MAX'
c:\program files (x86)\microsoft visual studio 12.0\vc\include\stdint.h(62): warning C4005: 'INT16_MAX' : macro redefinition (gamepadui_basepanel.cpp)
          d:\source-sdk-2011\src\public\tier0\platform.h(287) : see previous definition of 'INT16_MAX'
c:\program files (x86)\microsoft visual studio 12.0\vc\include\stdint.h(62): warning C4005: 'INT16_MAX' : macro redefinition (gamepadui_options.cpp)
          d:\source-sdk-2011\src\public\tier0\platform.h(287) : see previous definition of 'INT16_MAX'
c:\program files (x86)\microsoft visual studio 12.0\vc\include\stdint.h(63): warning C4005: 'INT32_MAX' : macro redefinition (gamepadui_mainmenu.cpp)
          d:\source-sdk-2011\src\public\tier0\platform.h(288) : see previous definition of 'INT32_MAX'
c:\program files (x86)\microsoft visual studio 12.0\vc\include\stdint.h(61): warning C4005: 'INT8_MAX' : macro redefinition (gamepadui_frame.cpp)
          d:\source-sdk-2011\src\public\tier0\platform.h(286) : see previous definition of 'INT8_MAX'
c:\program files (x86)\microsoft visual studio 12.0\vc\include\stdint.h(59): warning C4005: 'INT32_MIN' : macro redefinition (gamepadui_interface.cpp)
          d:\source-sdk-2011\src\public\tier0\platform.h(293) : see previous definition of 'INT32_MIN'
c:\program files (x86)\microsoft visual studio 12.0\vc\include\stdint.h(62): warning C4005: 'INT16_MAX' : macro redefinition (gamepadui_button.cpp)
          d:\source-sdk-2011\src\public\tier0\platform.h(287) : see previous definition of 'INT16_MAX'
c:\program files (x86)\microsoft visual studio 12.0\vc\include\stdint.h(63): warning C4005: 'INT32_MAX' : macro redefinition (gamepadui_achievements.cpp)
          d:\source-sdk-2011\src\public\tier0\platform.h(288) : see previous definition of 'INT32_MAX'
c:\program files (x86)\microsoft visual studio 12.0\vc\include\stdint.h(63): warning C4005: 'INT32_MAX' : macro redefinition (gamepadui_savegame.cpp)
          d:\source-sdk-2011\src\public\tier0\platform.h(288) : see previous definition of 'INT32_MAX'
c:\program files (x86)\microsoft visual studio 12.0\vc\include\stdint.h(63): warning C4005: 'INT32_MAX' : macro redefinition (gamepadui_newgame.cpp)
          d:\source-sdk-2011\src\public\tier0\platform.h(288) : see previous definition of 'INT32_MAX'
c:\program files (x86)\microsoft visual studio 12.0\vc\include\stdint.h(62): warning C4005: 'INT16_MAX' : macro redefinition (gamepadui_genericconfirmation.cpp)
          d:\source-sdk-2011\src\public\tier0\platform.h(287) : see previous definition of 'INT16_MAX'
c:\program files (x86)\microsoft visual studio 12.0\vc\include\stdint.h(63): warning C4005: 'INT32_MAX' : macro redefinition (gamepadui_basepanel.cpp)
          d:\source-sdk-2011\src\public\tier0\platform.h(288) : see previous definition of 'INT32_MAX'
c:\program files (x86)\microsoft visual studio 12.0\vc\include\stdint.h(63): warning C4005: 'INT32_MAX' : macro redefinition (gamepadui_options.cpp)
          d:\source-sdk-2011\src\public\tier0\platform.h(288) : see previous definition of 'INT32_MAX'
c:\program files (x86)\microsoft visual studio 12.0\vc\include\stdint.h(64): warning C4005: 'INT64_MAX' : macro redefinition (gamepadui_mainmenu.cpp)
          d:\source-sdk-2011\src\public\tier0\platform.h(289) : see previous definition of 'INT64_MAX'
c:\program files (x86)\microsoft visual studio 12.0\vc\include\stdint.h(62): warning C4005: 'INT16_MAX' : macro redefinition (gamepadui_frame.cpp)
          d:\source-sdk-2011\src\public\tier0\platform.h(287) : see previous definition of 'INT16_MAX'
c:\program files (x86)\microsoft visual studio 12.0\vc\include\stdint.h(60): warning C4005: 'INT64_MIN' : macro redefinition (gamepadui_interface.cpp)
          d:\source-sdk-2011\src\public\tier0\platform.h(294) : see previous definition of 'INT64_MIN'
c:\program files (x86)\microsoft visual studio 12.0\vc\include\stdint.h(63): warning C4005: 'INT32_MAX' : macro redefinition (gamepadui_button.cpp)
          d:\source-sdk-2011\src\public\tier0\platform.h(288) : see previous definition of 'INT32_MAX'
c:\program files (x86)\microsoft visual studio 12.0\vc\include\stdint.h(64): warning C4005: 'INT64_MAX' : macro redefinition (gamepadui_achievements.cpp)
          d:\source-sdk-2011\src\public\tier0\platform.h(289) : see previous definition of 'INT64_MAX'
c:\program files (x86)\microsoft visual studio 12.0\vc\include\stdint.h(64): warning C4005: 'INT64_MAX' : macro redefinition (gamepadui_savegame.cpp)
          d:\source-sdk-2011\src\public\tier0\platform.h(289) : see previous definition of 'INT64_MAX'
c:\program files (x86)\microsoft visual studio 12.0\vc\include\stdint.h(64): warning C4005: 'INT64_MAX' : macro redefinition (gamepadui_newgame.cpp)
          d:\source-sdk-2011\src\public\tier0\platform.h(289) : see previous definition of 'INT64_MAX'
c:\program files (x86)\microsoft visual studio 12.0\vc\include\stdint.h(63): warning C4005: 'INT32_MAX' : macro redefinition (gamepadui_genericconfirmation.cpp)
          d:\source-sdk-2011\src\public\tier0\platform.h(288) : see previous definition of 'INT32_MAX'
c:\program files (x86)\microsoft visual studio 12.0\vc\include\stdint.h(64): warning C4005: 'INT64_MAX' : macro redefinition (gamepadui_basepanel.cpp)
          d:\source-sdk-2011\src\public\tier0\platform.h(289) : see previous definition of 'INT64_MAX'
c:\program files (x86)\microsoft visual studio 12.0\vc\include\stdint.h(64): warning C4005: 'INT64_MAX' : macro redefinition (gamepadui_options.cpp)
          d:\source-sdk-2011\src\public\tier0\platform.h(289) : see previous definition of 'INT64_MAX'
c:\program files (x86)\microsoft visual studio 12.0\vc\include\stdint.h(65): warning C4005: 'UINT8_MAX' : macro redefinition (gamepadui_mainmenu.cpp)
          d:\source-sdk-2011\src\public\tier0\platform.h(296) : see previous definition of 'UINT8_MAX'
c:\program files (x86)\microsoft visual studio 12.0\vc\include\stdint.h(63): warning C4005: 'INT32_MAX' : macro redefinition (gamepadui_frame.cpp)
          d:\source-sdk-2011\src\public\tier0\platform.h(288) : see previous definition of 'INT32_MAX'
c:\program files (x86)\microsoft visual studio 12.0\vc\include\stdint.h(61): warning C4005: 'INT8_MAX' : macro redefinition (gamepadui_interface.cpp)
          d:\source-sdk-2011\src\public\tier0\platform.h(286) : see previous definition of 'INT8_MAX'
c:\program files (x86)\microsoft visual studio 12.0\vc\include\stdint.h(64): warning C4005: 'INT64_MAX' : macro redefinition (gamepadui_button.cpp)
          d:\source-sdk-2011\src\public\tier0\platform.h(289) : see previous definition of 'INT64_MAX'
c:\program files (x86)\microsoft visual studio 12.0\vc\include\stdint.h(65): warning C4005: 'UINT8_MAX' : macro redefinition (gamepadui_achievements.cpp)
          d:\source-sdk-2011\src\public\tier0\platform.h(296) : see previous definition of 'UINT8_MAX'
c:\program files (x86)\microsoft visual studio 12.0\vc\include\stdint.h(65): warning C4005: 'UINT8_MAX' : macro redefinition (gamepadui_savegame.cpp)
          d:\source-sdk-2011\src\public\tier0\platform.h(296) : see previous definition of 'UINT8_MAX'
c:\program files (x86)\microsoft visual studio 12.0\vc\include\stdint.h(65): warning C4005: 'UINT8_MAX' : macro redefinition (gamepadui_newgame.cpp)
          d:\source-sdk-2011\src\public\tier0\platform.h(296) : see previous definition of 'UINT8_MAX'
c:\program files (x86)\microsoft visual studio 12.0\vc\include\stdint.h(64): warning C4005: 'INT64_MAX' : macro redefinition (gamepadui_genericconfirmation.cpp)
          d:\source-sdk-2011\src\public\tier0\platform.h(289) : see previous definition of 'INT64_MAX'
c:\program files (x86)\microsoft visual studio 12.0\vc\include\stdint.h(65): warning C4005: 'UINT8_MAX' : macro redefinition (gamepadui_basepanel.cpp)
          d:\source-sdk-2011\src\public\tier0\platform.h(296) : see previous definition of 'UINT8_MAX'
c:\program files (x86)\microsoft visual studio 12.0\vc\include\stdint.h(65): warning C4005: 'UINT8_MAX' : macro redefinition (gamepadui_options.cpp)
          d:\source-sdk-2011\src\public\tier0\platform.h(296) : see previous definition of 'UINT8_MAX'
c:\program files (x86)\microsoft visual studio 12.0\vc\include\stdint.h(66): warning C4005: 'UINT16_MAX' : macro redefinition (gamepadui_mainmenu.cpp)
          d:\source-sdk-2011\src\public\tier0\platform.h(297) : see previous definition of 'UINT16_MAX'
c:\program files (x86)\microsoft visual studio 12.0\vc\include\stdint.h(64): warning C4005: 'INT64_MAX' : macro redefinition (gamepadui_frame.cpp)
          d:\source-sdk-2011\src\public\tier0\platform.h(289) : see previous definition of 'INT64_MAX'
c:\program files (x86)\microsoft visual studio 12.0\vc\include\stdint.h(62): warning C4005: 'INT16_MAX' : macro redefinition (gamepadui_interface.cpp)
          d:\source-sdk-2011\src\public\tier0\platform.h(287) : see previous definition of 'INT16_MAX'
c:\program files (x86)\microsoft visual studio 12.0\vc\include\stdint.h(65): warning C4005: 'UINT8_MAX' : macro redefinition (gamepadui_button.cpp)
          d:\source-sdk-2011\src\public\tier0\platform.h(296) : see previous definition of 'UINT8_MAX'
c:\program files (x86)\microsoft visual studio 12.0\vc\include\stdint.h(66): warning C4005: 'UINT16_MAX' : macro redefinition (gamepadui_achievements.cpp)
          d:\source-sdk-2011\src\public\tier0\platform.h(297) : see previous definition of 'UINT16_MAX'
c:\program files (x86)\microsoft visual studio 12.0\vc\include\stdint.h(66): warning C4005: 'UINT16_MAX' : macro redefinition (gamepadui_savegame.cpp)
          d:\source-sdk-2011\src\public\tier0\platform.h(297) : see previous definition of 'UINT16_MAX'
c:\program files (x86)\microsoft visual studio 12.0\vc\include\stdint.h(66): warning C4005: 'UINT16_MAX' : macro redefinition (gamepadui_newgame.cpp)
          d:\source-sdk-2011\src\public\tier0\platform.h(297) : see previous definition of 'UINT16_MAX'
c:\program files (x86)\microsoft visual studio 12.0\vc\include\stdint.h(65): warning C4005: 'UINT8_MAX' : macro redefinition (gamepadui_genericconfirmation.cpp)
          d:\source-sdk-2011\src\public\tier0\platform.h(296) : see previous definition of 'UINT8_MAX'
c:\program files (x86)\microsoft visual studio 12.0\vc\include\stdint.h(66): warning C4005: 'UINT16_MAX' : macro redefinition (gamepadui_basepanel.cpp)
          d:\source-sdk-2011\src\public\tier0\platform.h(297) : see previous definition of 'UINT16_MAX'
c:\program files (x86)\microsoft visual studio 12.0\vc\include\stdint.h(66): warning C4005: 'UINT16_MAX' : macro redefinition (gamepadui_options.cpp)
          d:\source-sdk-2011\src\public\tier0\platform.h(297) : see previous definition of 'UINT16_MAX'
c:\program files (x86)\microsoft visual studio 12.0\vc\include\stdint.h(67): warning C4005: 'UINT32_MAX' : macro redefinition (gamepadui_mainmenu.cpp)
          d:\source-sdk-2011\src\public\tier0\platform.h(298) : see previous definition of 'UINT32_MAX'
c:\program files (x86)\microsoft visual studio 12.0\vc\include\stdint.h(65): warning C4005: 'UINT8_MAX' : macro redefinition (gamepadui_frame.cpp)
          d:\source-sdk-2011\src\public\tier0\platform.h(296) : see previous definition of 'UINT8_MAX'
c:\program files (x86)\microsoft visual studio 12.0\vc\include\stdint.h(63): warning C4005: 'INT32_MAX' : macro redefinition (gamepadui_interface.cpp)
          d:\source-sdk-2011\src\public\tier0\platform.h(288) : see previous definition of 'INT32_MAX'
c:\program files (x86)\microsoft visual studio 12.0\vc\include\stdint.h(66): warning C4005: 'UINT16_MAX' : macro redefinition (gamepadui_button.cpp)
          d:\source-sdk-2011\src\public\tier0\platform.h(297) : see previous definition of 'UINT16_MAX'
c:\program files (x86)\microsoft visual studio 12.0\vc\include\stdint.h(67): warning C4005: 'UINT32_MAX' : macro redefinition (gamepadui_achievements.cpp)
          d:\source-sdk-2011\src\public\tier0\platform.h(298) : see previous definition of 'UINT32_MAX'
c:\program files (x86)\microsoft visual studio 12.0\vc\include\stdint.h(67): warning C4005: 'UINT32_MAX' : macro redefinition (gamepadui_savegame.cpp)
          d:\source-sdk-2011\src\public\tier0\platform.h(298) : see previous definition of 'UINT32_MAX'
c:\program files (x86)\microsoft visual studio 12.0\vc\include\stdint.h(67): warning C4005: 'UINT32_MAX' : macro redefinition (gamepadui_newgame.cpp)
          d:\source-sdk-2011\src\public\tier0\platform.h(298) : see previous definition of 'UINT32_MAX'
c:\program files (x86)\microsoft visual studio 12.0\vc\include\stdint.h(66): warning C4005: 'UINT16_MAX' : macro redefinition (gamepadui_genericconfirmation.cpp)
          d:\source-sdk-2011\src\public\tier0\platform.h(297) : see previous definition of 'UINT16_MAX'
c:\program files (x86)\microsoft visual studio 12.0\vc\include\stdint.h(67): warning C4005: 'UINT32_MAX' : macro redefinition (gamepadui_basepanel.cpp)
          d:\source-sdk-2011\src\public\tier0\platform.h(298) : see previous definition of 'UINT32_MAX'
c:\program files (x86)\microsoft visual studio 12.0\vc\include\stdint.h(67): warning C4005: 'UINT32_MAX' : macro redefinition (gamepadui_options.cpp)
          d:\source-sdk-2011\src\public\tier0\platform.h(298) : see previous definition of 'UINT32_MAX'
c:\program files (x86)\microsoft visual studio 12.0\vc\include\stdint.h(68): warning C4005: 'UINT64_MAX' : macro redefinition (gamepadui_mainmenu.cpp)
          d:\source-sdk-2011\src\public\tier0\platform.h(299) : see previous definition of 'UINT64_MAX'
c:\program files (x86)\microsoft visual studio 12.0\vc\include\stdint.h(66): warning C4005: 'UINT16_MAX' : macro redefinition (gamepadui_frame.cpp)
          d:\source-sdk-2011\src\public\tier0\platform.h(297) : see previous definition of 'UINT16_MAX'
c:\program files (x86)\microsoft visual studio 12.0\vc\include\stdint.h(64): warning C4005: 'INT64_MAX' : macro redefinition (gamepadui_interface.cpp)
          d:\source-sdk-2011\src\public\tier0\platform.h(289) : see previous definition of 'INT64_MAX'
c:\program files (x86)\microsoft visual studio 12.0\vc\include\stdint.h(67): warning C4005: 'UINT32_MAX' : macro redefinition (gamepadui_button.cpp)
          d:\source-sdk-2011\src\public\tier0\platform.h(298) : see previous definition of 'UINT32_MAX'
c:\program files (x86)\microsoft visual studio 12.0\vc\include\stdint.h(68): warning C4005: 'UINT64_MAX' : macro redefinition (gamepadui_achievements.cpp)
          d:\source-sdk-2011\src\public\tier0\platform.h(299) : see previous definition of 'UINT64_MAX'
c:\program files (x86)\microsoft visual studio 12.0\vc\include\stdint.h(68): warning C4005: 'UINT64_MAX' : macro redefinition (gamepadui_savegame.cpp)
          d:\source-sdk-2011\src\public\tier0\platform.h(299) : see previous definition of 'UINT64_MAX'
c:\program files (x86)\microsoft visual studio 12.0\vc\include\stdint.h(68): warning C4005: 'UINT64_MAX' : macro redefinition (gamepadui_newgame.cpp)
          d:\source-sdk-2011\src\public\tier0\platform.h(299) : see previous definition of 'UINT64_MAX'
c:\program files (x86)\microsoft visual studio 12.0\vc\include\stdint.h(67): warning C4005: 'UINT32_MAX' : macro redefinition (gamepadui_genericconfirmation.cpp)
          d:\source-sdk-2011\src\public\tier0\platform.h(298) : see previous definition of 'UINT32_MAX'
c:\program files (x86)\microsoft visual studio 12.0\vc\include\stdint.h(68): warning C4005: 'UINT64_MAX' : macro redefinition (gamepadui_basepanel.cpp)
          d:\source-sdk-2011\src\public\tier0\platform.h(299) : see previous definition of 'UINT64_MAX'
c:\program files (x86)\microsoft visual studio 12.0\vc\include\stdint.h(68): warning C4005: 'UINT64_MAX' : macro redefinition (gamepadui_options.cpp)
          d:\source-sdk-2011\src\public\tier0\platform.h(299) : see previous definition of 'UINT64_MAX'
c:\program files (x86)\microsoft visual studio 12.0\vc\include\stdint.h(67): warning C4005: 'UINT32_MAX' : macro redefinition (gamepadui_frame.cpp)
          d:\source-sdk-2011\src\public\tier0\platform.h(298) : see previous definition of 'UINT32_MAX'
c:\program files (x86)\microsoft visual studio 12.0\vc\include\stdint.h(65): warning C4005: 'UINT8_MAX' : macro redefinition (gamepadui_interface.cpp)
          d:\source-sdk-2011\src\public\tier0\platform.h(296) : see previous definition of 'UINT8_MAX'
c:\program files (x86)\microsoft visual studio 12.0\vc\include\stdint.h(68): warning C4005: 'UINT64_MAX' : macro redefinition (gamepadui_button.cpp)
          d:\source-sdk-2011\src\public\tier0\platform.h(299) : see previous definition of 'UINT64_MAX'
c:\program files (x86)\microsoft visual studio 12.0\vc\include\stdint.h(68): warning C4005: 'UINT64_MAX' : macro redefinition (gamepadui_genericconfirmation.cpp)
          d:\source-sdk-2011\src\public\tier0\platform.h(299) : see previous definition of 'UINT64_MAX'
c:\program files (x86)\microsoft visual studio 12.0\vc\include\stdint.h(57): warning C4005: 'INT8_MIN' : macro redefinition (gamepadui_util.cpp)
          d:\source-sdk-2011\src\public\tier0\platform.h(291) : see previous definition of 'INT8_MIN'
c:\program files (x86)\microsoft visual studio 12.0\vc\include\stdint.h(68): warning C4005: 'UINT64_MAX' : macro redefinition (gamepadui_frame.cpp)
          d:\source-sdk-2011\src\public\tier0\platform.h(299) : see previous definition of 'UINT64_MAX'
c:\program files (x86)\microsoft visual studio 12.0\vc\include\stdint.h(66): warning C4005: 'UINT16_MAX' : macro redefinition (gamepadui_interface.cpp)
          d:\source-sdk-2011\src\public\tier0\platform.h(297) : see previous definition of 'UINT16_MAX'
c:\program files (x86)\microsoft visual studio 12.0\vc\include\stdint.h(58): warning C4005: 'INT16_MIN' : macro redefinition (gamepadui_util.cpp)
          d:\source-sdk-2011\src\public\tier0\platform.h(292) : see previous definition of 'INT16_MIN'
c:\program files (x86)\microsoft visual studio 12.0\vc\include\stdint.h(67): warning C4005: 'UINT32_MAX' : macro redefinition (gamepadui_interface.cpp)
          d:\source-sdk-2011\src\public\tier0\platform.h(298) : see previous definition of 'UINT32_MAX'
c:\program files (x86)\microsoft visual studio 12.0\vc\include\stdint.h(59): warning C4005: 'INT32_MIN' : macro redefinition (gamepadui_util.cpp)
          d:\source-sdk-2011\src\public\tier0\platform.h(293) : see previous definition of 'INT32_MIN'
c:\program files (x86)\microsoft visual studio 12.0\vc\include\stdint.h(68): warning C4005: 'UINT64_MAX' : macro redefinition (gamepadui_interface.cpp)
          d:\source-sdk-2011\src\public\tier0\platform.h(299) : see previous definition of 'UINT64_MAX'
c:\program files (x86)\microsoft visual studio 12.0\vc\include\stdint.h(60): warning C4005: 'INT64_MIN' : macro redefinition (gamepadui_util.cpp)
          d:\source-sdk-2011\src\public\tier0\platform.h(294) : see previous definition of 'INT64_MIN'
c:\program files (x86)\microsoft visual studio 12.0\vc\include\stdint.h(61): warning C4005: 'INT8_MAX' : macro redefinition (gamepadui_util.cpp)
          d:\source-sdk-2011\src\public\tier0\platform.h(286) : see previous definition of 'INT8_MAX'
c:\program files (x86)\microsoft visual studio 12.0\vc\include\stdint.h(62): warning C4005: 'INT16_MAX' : macro redefinition (gamepadui_util.cpp)
          d:\source-sdk-2011\src\public\tier0\platform.h(287) : see previous definition of 'INT16_MAX'
c:\program files (x86)\microsoft visual studio 12.0\vc\include\stdint.h(63): warning C4005: 'INT32_MAX' : macro redefinition (gamepadui_util.cpp)
          d:\source-sdk-2011\src\public\tier0\platform.h(288) : see previous definition of 'INT32_MAX'
c:\program files (x86)\microsoft visual studio 12.0\vc\include\stdint.h(64): warning C4005: 'INT64_MAX' : macro redefinition (gamepadui_util.cpp)
          d:\source-sdk-2011\src\public\tier0\platform.h(289) : see previous definition of 'INT64_MAX'
c:\program files (x86)\microsoft visual studio 12.0\vc\include\stdint.h(65): warning C4005: 'UINT8_MAX' : macro redefinition (gamepadui_util.cpp)
          d:\source-sdk-2011\src\public\tier0\platform.h(296) : see previous definition of 'UINT8_MAX'
c:\program files (x86)\microsoft visual studio 12.0\vc\include\stdint.h(66): warning C4005: 'UINT16_MAX' : macro redefinition (gamepadui_util.cpp)
          d:\source-sdk-2011\src\public\tier0\platform.h(297) : see previous definition of 'UINT16_MAX'
c:\program files (x86)\microsoft visual studio 12.0\vc\include\stdint.h(67): warning C4005: 'UINT32_MAX' : macro redefinition (gamepadui_util.cpp)
          d:\source-sdk-2011\src\public\tier0\platform.h(298) : see previous definition of 'UINT32_MAX'
c:\program files (x86)\microsoft visual studio 12.0\vc\include\stdint.h(68): warning C4005: 'UINT64_MAX' : macro redefinition (gamepadui_util.cpp)
          d:\source-sdk-2011\src\public\tier0\platform.h(299) : see previous definition of 'UINT64_MAX'
d:\source-sdk-2011\src\game\gamepadui\gamepadui_options.cpp(1300): warning C4189: 'i' : local variable is initialized but not referenced
vgui_controls.lib(Panel.obj) : warning LNK4075: ignoring '/EDITANDCONTINUE' due to '/OPT:LBR' specification
     Creating library .\Release_mod_episodic\\gamepadui.lib and object .\Release_mod_episodic\\gamepadui.exp
tier1.lib(strtools.obj) : warning LNK4217: locally defined symbol __AssertValidStringPtr imported in function "int __cdecl _V_strlen(char const *)" (?_V_strlen@@YAHPBD@Z)
vgui_controls.lib(AnimatingImagePanel.obj) : warning LNK4099: PDB 'vc100.pdb' was not found with 'vgui_controls.lib(AnimatingImagePanel.obj)' or at 'D:\source-sdk-2011\src\game\gamepadui\Release_mod_episodic\vc100.pdb'; linking object as if no debug info
vgui_controls.lib(AnimationController.obj) : warning LNK4099: PDB 'vc100.pdb' was not found with 'vgui_controls.lib(AnimationController.obj)' or at 'D:\source-sdk-2011\src\game\gamepadui\Release_mod_episodic\vc100.pdb'; linking object as if no debug info
vgui_controls.lib(BitmapImagePanel.obj) : warning LNK4099: PDB 'vc100.pdb' was not found with 'vgui_controls.lib(BitmapImagePanel.obj)' or at 'D:\source-sdk-2011\src\game\gamepadui\Release_mod_episodic\vc100.pdb'; linking object as if no debug info
vgui_controls.lib(BuildFactoryHelper.obj) : warning LNK4099: PDB 'vc100.pdb' was not found with 'vgui_controls.lib(BuildFactoryHelper.obj)' or at 'D:\source-sdk-2011\src\game\gamepadui\Release_mod_episodic\vc100.pdb'; linking object as if no debug info
vgui_controls.lib(BuildGroup.obj) : warning LNK4099: PDB 'vc100.pdb' was not found with 'vgui_controls.lib(BuildGroup.obj)' or at 'D:\source-sdk-2011\src\game\gamepadui\Release_mod_episodic\vc100.pdb'; linking object as if no debug info
vgui_controls.lib(BuildModeDialog.obj) : warning LNK4099: PDB 'vc100.pdb' was not found with 'vgui_controls.lib(BuildModeDialog.obj)' or at 'D:\source-sdk-2011\src\game\gamepadui\Release_mod_episodic\vc100.pdb'; linking object as if no debug info
vgui_controls.lib(Button.obj) : warning LNK4099: PDB 'vc100.pdb' was not found with 'vgui_controls.lib(Button.obj)' or at 'D:\source-sdk-2011\src\game\gamepadui\Release_mod_episodic\vc100.pdb'; linking object as if no debug info
vgui_controls.lib(CheckButton.obj) : warning LNK4099: PDB 'vc100.pdb' was not found with 'vgui_controls.lib(CheckButton.obj)' or at 'D:\source-sdk-2011\src\game\gamepadui\Release_mod_episodic\vc100.pdb'; linking object as if no debug info
vgui_controls.lib(CircularProgressBar.obj) : warning LNK4099: PDB 'vc100.pdb' was not found with 'vgui_controls.lib(CircularProgressBar.obj)' or at 'D:\source-sdk-2011\src\game\gamepadui\Release_mod_episodic\vc100.pdb'; linking object as if no debug info
vgui_controls.lib(ComboBox.obj) : warning LNK4099: PDB 'vc100.pdb' was not found with 'vgui_controls.lib(ComboBox.obj)' or at 'D:\source-sdk-2011\src\game\gamepadui\Release_mod_episodic\vc100.pdb'; linking object as if no debug info
vgui_controls.lib(controls.obj) : warning LNK4099: PDB 'vc100.pdb' was not found with 'vgui_controls.lib(controls.obj)' or at 'D:\source-sdk-2011\src\game\gamepadui\Release_mod_episodic\vc100.pdb'; linking object as if no debug info
vgui_controls.lib(CvarToggleCheckButton.obj) : warning LNK4099: PDB 'vc100.pdb' was not found with 'vgui_controls.lib(CvarToggleCheckButton.obj)' or at 'D:\source-sdk-2011\src\game\gamepadui\Release_mod_episodic\vc100.pdb'; linking object as if no debug info
vgui_controls.lib(Divider.obj) : warning LNK4099: PDB 'vc100.pdb' was not found with 'vgui_controls.lib(Divider.obj)' or at 'D:\source-sdk-2011\src\game\gamepadui\Release_mod_episodic\vc100.pdb'; linking object as if no debug info
vgui_controls.lib(EditablePanel.obj) : warning LNK4099: PDB 'vc100.pdb' was not found with 'vgui_controls.lib(EditablePanel.obj)' or at 'D:\source-sdk-2011\src\game\gamepadui\Release_mod_episodic\vc100.pdb'; linking object as if no debug info
vgui_controls.lib(ExpandButton.obj) : warning LNK4099: PDB 'vc100.pdb' was not found with 'vgui_controls.lib(ExpandButton.obj)' or at 'D:\source-sdk-2011\src\game\gamepadui\Release_mod_episodic\vc100.pdb'; linking object as if no debug info
vgui_controls.lib(filesystem_helpers.obj) : warning LNK4099: PDB 'vc100.pdb' was not found with 'vgui_controls.lib(filesystem_helpers.obj)' or at 'D:\source-sdk-2011\src\game\gamepadui\Release_mod_episodic\vc100.pdb'; linking object as if no debug info
vgui_controls.lib(FocusNavGroup.obj) : warning LNK4099: PDB 'vc100.pdb' was not found with 'vgui_controls.lib(FocusNavGroup.obj)' or at 'D:\source-sdk-2011\src\game\gamepadui\Release_mod_episodic\vc100.pdb'; linking object as if no debug info
vgui_controls.lib(Frame.obj) : warning LNK4099: PDB 'vc100.pdb' was not found with 'vgui_controls.lib(Frame.obj)' or at 'D:\source-sdk-2011\src\game\gamepadui\Release_mod_episodic\vc100.pdb'; linking object as if no debug info
vgui_controls.lib(GraphPanel.obj) : warning LNK4099: PDB 'vc100.pdb' was not found with 'vgui_controls.lib(GraphPanel.obj)' or at 'D:\source-sdk-2011\src\game\gamepadui\Release_mod_episodic\vc100.pdb'; linking object as if no debug info
vgui_controls.lib(Image.obj) : warning LNK4099: PDB 'vc100.pdb' was not found with 'vgui_controls.lib(Image.obj)' or at 'D:\source-sdk-2011\src\game\gamepadui\Release_mod_episodic\vc100.pdb'; linking object as if no debug info
vgui_controls.lib(ImageList.obj) : warning LNK4099: PDB 'vc100.pdb' was not found with 'vgui_controls.lib(ImageList.obj)' or at 'D:\source-sdk-2011\src\game\gamepadui\Release_mod_episodic\vc100.pdb'; linking object as if no debug info
vgui_controls.lib(ImagePanel.obj) : warning LNK4099: PDB 'vc100.pdb' was not found with 'vgui_controls.lib(ImagePanel.obj)' or at 'D:\source-sdk-2011\src\game\gamepadui\Release_mod_episodic\vc100.pdb'; linking object as if no debug info
vgui_controls.lib(Label.obj) : warning LNK4099: PDB 'vc100.pdb' was not found with 'vgui_controls.lib(Label.obj)' or at 'D:\source-sdk-2011\src\game\gamepadui\Release_mod_episodic\vc100.pdb'; linking object as if no debug info
vgui_controls.lib(ListPanel.obj) : warning LNK4099: PDB 'vc100.pdb' was not found with 'vgui_controls.lib(ListPanel.obj)' or at 'D:\source-sdk-2011\src\game\gamepadui\Release_mod_episodic\vc100.pdb'; linking object as if no debug info
vgui_controls.lib(ListViewPanel.obj) : warning LNK4099: PDB 'vc100.pdb' was not found with 'vgui_controls.lib(ListViewPanel.obj)' or at 'D:\source-sdk-2011\src\game\gamepadui\Release_mod_episodic\vc100.pdb'; linking object as if no debug info
vgui_controls.lib(Menu.obj) : warning LNK4099: PDB 'vc100.pdb' was not found with 'vgui_controls.lib(Menu.obj)' or at 'D:\source-sdk-2011\src\game\gamepadui\Release_mod_episodic\vc100.pdb'; linking object as if no debug info
vgui_controls.lib(MenuBar.obj) : warning LNK4099: PDB 'vc100.pdb' was not found with 'vgui_controls.lib(MenuBar.obj)' or at 'D:\source-sdk-2011\src\game\gamepadui\Release_mod_episodic\vc100.pdb'; linking object as if no debug info
vgui_controls.lib(MenuButton.obj) : warning LNK4099: PDB 'vc100.pdb' was not found with 'vgui_controls.lib(MenuButton.obj)' or at 'D:\source-sdk-2011\src\game\gamepadui\Release_mod_episodic\vc100.pdb'; linking object as if no debug info
vgui_controls.lib(MenuItem.obj) : warning LNK4099: PDB 'vc100.pdb' was not found with 'vgui_controls.lib(MenuItem.obj)' or at 'D:\source-sdk-2011\src\game\gamepadui\Release_mod_episodic\vc100.pdb'; linking object as if no debug info
vgui_controls.lib(MessageBox.obj) : warning LNK4099: PDB 'vc100.pdb' was not found with 'vgui_controls.lib(MessageBox.obj)' or at 'D:\source-sdk-2011\src\game\gamepadui\Release_mod_episodic\vc100.pdb'; linking object as if no debug info
vgui_controls.lib(Panel.obj) : warning LNK4099: PDB 'vc100.pdb' was not found with 'vgui_controls.lib(Panel.obj)' or at 'D:\source-sdk-2011\src\game\gamepadui\Release_mod_episodic\vc100.pdb'; linking object as if no debug info
vgui_controls.lib(PanelListPanel.obj) : warning LNK4099: PDB 'vc100.pdb' was not found with 'vgui_controls.lib(PanelListPanel.obj)' or at 'D:\source-sdk-2011\src\game\gamepadui\Release_mod_episodic\vc100.pdb'; linking object as if no debug info
vgui_controls.lib(ProgressBar.obj) : warning LNK4099: PDB 'vc100.pdb' was not found with 'vgui_controls.lib(ProgressBar.obj)' or at 'D:\source-sdk-2011\src\game\gamepadui\Release_mod_episodic\vc100.pdb'; linking object as if no debug info
vgui_controls.lib(RadioButton.obj) : warning LNK4099: PDB 'vc100.pdb' was not found with 'vgui_controls.lib(RadioButton.obj)' or at 'D:\source-sdk-2011\src\game\gamepadui\Release_mod_episodic\vc100.pdb'; linking object as if no debug info
vgui_controls.lib(RichText.obj) : warning LNK4099: PDB 'vc100.pdb' was not found with 'vgui_controls.lib(RichText.obj)' or at 'D:\source-sdk-2011\src\game\gamepadui\Release_mod_episodic\vc100.pdb'; linking object as if no debug info
vgui_controls.lib(ScalableImagePanel.obj) : warning LNK4099: PDB 'vc100.pdb' was not found with 'vgui_controls.lib(ScalableImagePanel.obj)' or at 'D:\source-sdk-2011\src\game\gamepadui\Release_mod_episodic\vc100.pdb'; linking object as if no debug info
vgui_controls.lib(ScrollBar.obj) : warning LNK4099: PDB 'vc100.pdb' was not found with 'vgui_controls.lib(ScrollBar.obj)' or at 'D:\source-sdk-2011\src\game\gamepadui\Release_mod_episodic\vc100.pdb'; linking object as if no debug info
vgui_controls.lib(ScrollBarSlider.obj) : warning LNK4099: PDB 'vc100.pdb' was not found with 'vgui_controls.lib(ScrollBarSlider.obj)' or at 'D:\source-sdk-2011\src\game\gamepadui\Release_mod_episodic\vc100.pdb'; linking object as if no debug info
vgui_controls.lib(Slider.obj) : warning LNK4099: PDB 'vc100.pdb' was not found with 'vgui_controls.lib(Slider.obj)' or at 'D:\source-sdk-2011\src\game\gamepadui\Release_mod_episodic\vc100.pdb'; linking object as if no debug info
vgui_controls.lib(TextEntry.obj) : warning LNK4099: PDB 'vc100.pdb' was not found with 'vgui_controls.lib(TextEntry.obj)' or at 'D:\source-sdk-2011\src\game\gamepadui\Release_mod_episodic\vc100.pdb'; linking object as if no debug info
vgui_controls.lib(TextImage.obj) : warning LNK4099: PDB 'vc100.pdb' was not found with 'vgui_controls.lib(TextImage.obj)' or at 'D:\source-sdk-2011\src\game\gamepadui\Release_mod_episodic\vc100.pdb'; linking object as if no debug info
vgui_controls.lib(ToggleButton.obj) : warning LNK4099: PDB 'vc100.pdb' was not found with 'vgui_controls.lib(ToggleButton.obj)' or at 'D:\source-sdk-2011\src\game\gamepadui\Release_mod_episodic\vc100.pdb'; linking object as if no debug info
vgui_controls.lib(Tooltip.obj) : warning LNK4099: PDB 'vc100.pdb' was not found with 'vgui_controls.lib(Tooltip.obj)' or at 'D:\source-sdk-2011\src\game\gamepadui\Release_mod_episodic\vc100.pdb'; linking object as if no debug info
vgui_controls.lib(TreeView.obj) : warning LNK4099: PDB 'vc100.pdb' was not found with 'vgui_controls.lib(TreeView.obj)' or at 'D:\source-sdk-2011\src\game\gamepadui\Release_mod_episodic\vc100.pdb'; linking object as if no debug info
vgui_controls.lib(TreeViewListControl.obj) : warning LNK4099: PDB 'vc100.pdb' was not found with 'vgui_controls.lib(TreeViewListControl.obj)' or at 'D:\source-sdk-2011\src\game\gamepadui\Release_mod_episodic\vc100.pdb'; linking object as if no debug info
vgui_controls.lib(URLLabel.obj) : warning LNK4099: PDB 'vc100.pdb' was not found with 'vgui_controls.lib(URLLabel.obj)' or at 'D:\source-sdk-2011\src\game\gamepadui\Release_mod_episodic\vc100.pdb'; linking object as if no debug info
  gamepadui.vcxproj -> D:\source-sdk-2011\src\game\gamepadui\.\Release_mod_episodic\gamepadui.dll
          1 file(s) copied.
          1 file(s) copied.
