D:\SEVG-SDK-2013\SRC\MATHLIB\MATHLIB.VPC.SENTINEL
D:\SOURCE-SDK-2011\SRC\LIB\PUBLIC\MATHLIB.LIB
D:\source-sdk-2011\src\mathlib\..\lib\public\.\mathlib.lib
D:\source-sdk-2011\src\mathlib\Debug\3dnow.obj
D:\source-sdk-2011\src\mathlib\Debug\almostequal.obj
D:\source-sdk-2011\src\mathlib\Debug\anorms.obj
D:\source-sdk-2011\src\mathlib\Debug\bumpvects.obj
D:\source-sdk-2011\src\mathlib\Debug\CL.13388.read.1.tlog
D:\source-sdk-2011\src\mathlib\Debug\CL.13388.write.1.tlog
D:\source-sdk-2011\src\mathlib\Debug\CL.16760.read.1.tlog
D:\source-sdk-2011\src\mathlib\Debug\CL.16760.write.1.tlog
D:\source-sdk-2011\src\mathlib\Debug\CL.19804.read.1.tlog
D:\source-sdk-2011\src\mathlib\Debug\CL.19804.write.1.tlog
D:\source-sdk-2011\src\mathlib\Debug\CL.24312.read.1.tlog
D:\source-sdk-2011\src\mathlib\Debug\CL.24312.write.1.tlog
D:\source-sdk-2011\src\mathlib\Debug\CL.3096.read.1.tlog
D:\source-sdk-2011\src\mathlib\Debug\CL.3096.write.1.tlog
D:\source-sdk-2011\src\mathlib\Debug\CL.32692.read.1.tlog
D:\source-sdk-2011\src\mathlib\Debug\CL.32692.write.1.tlog
D:\source-sdk-2011\src\mathlib\Debug\CL.34248.read.1.tlog
D:\source-sdk-2011\src\mathlib\Debug\CL.34248.write.1.tlog
D:\source-sdk-2011\src\mathlib\Debug\CL.35020.read.1.tlog
D:\source-sdk-2011\src\mathlib\Debug\CL.35020.write.1.tlog
D:\source-sdk-2011\src\mathlib\Debug\CL.40404.read.1.tlog
D:\source-sdk-2011\src\mathlib\Debug\CL.40404.write.1.tlog
D:\source-sdk-2011\src\mathlib\Debug\CL.42880.read.1.tlog
D:\source-sdk-2011\src\mathlib\Debug\CL.42880.write.1.tlog
D:\source-sdk-2011\src\mathlib\Debug\CL.59036.read.1.tlog
D:\source-sdk-2011\src\mathlib\Debug\CL.59036.write.1.tlog
D:\source-sdk-2011\src\mathlib\Debug\CL.6248.read.1.tlog
D:\source-sdk-2011\src\mathlib\Debug\CL.6248.write.1.tlog
D:\source-sdk-2011\src\mathlib\Debug\cl.command.1.tlog
D:\source-sdk-2011\src\mathlib\Debug\CL.read.1.tlog
D:\source-sdk-2011\src\mathlib\Debug\cl.write.1.tlog
D:\source-sdk-2011\src\mathlib\Debug\color_conversion.obj
D:\source-sdk-2011\src\mathlib\Debug\custombuild.command.1.tlog
D:\source-sdk-2011\src\mathlib\Debug\custombuild.read.1.tlog
D:\source-sdk-2011\src\mathlib\Debug\custombuild.write.1.tlog
D:\source-sdk-2011\src\mathlib\Debug\halton.obj
D:\source-sdk-2011\src\mathlib\Debug\IceKey.obj
D:\source-sdk-2011\src\mathlib\Debug\imagequant.obj
D:\source-sdk-2011\src\mathlib\Debug\lib.command.1.tlog
D:\source-sdk-2011\src\mathlib\Debug\Lib-link.read.1.tlog
D:\source-sdk-2011\src\mathlib\Debug\Lib-link.write.1.tlog
D:\source-sdk-2011\src\mathlib\Debug\lightdesc.obj
D:\source-sdk-2011\src\mathlib\Debug\mathlib_base.obj
D:\source-sdk-2011\src\mathlib\Debug\polyhedron.obj
D:\source-sdk-2011\src\mathlib\Debug\powsse.obj
D:\source-sdk-2011\src\mathlib\Debug\quantize.obj
D:\source-sdk-2011\src\mathlib\Debug\randsse.obj
D:\source-sdk-2011\src\mathlib\Debug\simdvectormatrix.obj
D:\source-sdk-2011\src\mathlib\Debug\sparse_convolution_noise.obj
D:\source-sdk-2011\src\mathlib\Debug\spherical.obj
D:\source-sdk-2011\src\mathlib\Debug\sse.obj
D:\source-sdk-2011\src\mathlib\Debug\sseconst.obj
D:\source-sdk-2011\src\mathlib\Debug\ssenoise.obj
D:\source-sdk-2011\src\mathlib\Debug\vc100.idb
D:\SOURCE-SDK-2011\SRC\MATHLIB\DEBUG\VC100.PDB
D:\source-sdk-2011\src\mathlib\Debug\vector.obj
D:\source-sdk-2011\src\mathlib\Debug\vmatrix.obj
